\n after use tablet:
0x071e: 0x0004 0x8003 0x8004 0x000a   EQ reg::3 reg::4 0x000a       r0=0x658f r1=0x6584 r2=0x65a4 r3=0x0000 r4=0x000a r5=0x000a r6=0x0000 r7=0x0000 st:0x000a|0x0b20 0x0020 0x0003 0x0006 0x0065 0x0000
0x0722: 0x0007 0x8003 0x072e          JT reg::3 0x072e              r0=0x658f r1=0x6584 r2=0x65a4 r3=0x0001 r4=0x000a r5=0x000a r6=0x0000 r7=0x0000 st:0x000a|0x0b20 0x0020 0x0003 0x0006 0x0065 0x0000
0x072e: 0x0010 0x8001 0x8005          WMEM reg::1 reg::5            r0=0x658f r1=0x6584 r2=0x65a4 r3=0x0001 r4=0x000a r5=0x000a r6=0x0000 r7=0x0000 st:0x000a|0x0b20 0x0020 0x0003 0x0006 0x0065 0x0000
0x0731: 0x0004 0x8003 0x8004 0x000a   EQ reg::3 reg::4 0x000a       r0=0x658f r1=0x6584 r2=0x65a4 r3=0x0001 r4=0x000a r5=0x000a r6=0x0000 r7=0x0000 st:0x000a|0x0b20 0x0020 0x0003 0x0006 0x0065 0x0000
0x0735: 0x0007 0x8003 0x073c          JT reg::3 0x073c              r0=0x658f r1=0x6584 r2=0x65a4 r3=0x0001 r4=0x000a r5=0x000a r6=0x0000 r7=0x0000 st:0x000a|0x0b20 0x0020 0x0003 0x0006 0x0065 0x0000
0x073c: 0x0003 0x8005                 POP reg::5                    r0=0x658f r1=0x6584 r2=0x65a4 r3=0x0001 r4=0x000a r5=0x000a r6=0x0000 r7=0x0000 st:0x000a|0x0b20 0x0020 0x0003 0x0006 0x0065 0x0000
0x073e: 0x0003 0x8004                 POP reg::4                    r0=0x658f r1=0x6584 r2=0x65a4 r3=0x0001 r4=0x000a r5=0x0000 r6=0x0000 r7=0x0000 st:0x0009|0x0001 0x0b20 0x0020 0x0003 0x0006 0x0065
0x0740: 0x0003 0x8003                 POP reg::3                    r0=0x658f r1=0x6584 r2=0x65a4 r3=0x0001 r4=0x0065 r5=0x0000 r6=0x0000 r7=0x0000 st:0x0008|0x1802 0x0001 0x0b20 0x0020 0x0003 0x0006
0x0742: 0x0003 0x8002                 POP reg::2                    r0=0x658f r1=0x6584 r2=0x65a4 r3=0x0006 r4=0x0065 r5=0x0000 r6=0x0000 r7=0x0000 st:0x0007|0x0010 0x1802 0x0001 0x0b20 0x0020 0x0003
0x0744: 0x0003 0x8000                 POP reg::0                    r0=0x658f r1=0x6584 r2=0x0003 r3=0x0006 r4=0x0065 r5=0x0000 r6=0x0000 r7=0x0000 st:0x0006|0x17d6 0x0010 0x1802 0x0001 0x0b20 0x0020
0x0746: 0x0012                        RET                           r0=0x0020 r1=0x6584 r2=0x0003 r3=0x0006 r4=0x0065 r5=0x0000 r6=0x0000 r7=0x0000 st:0x0005|0x17d6 0x0010 0x1802 0x0001 0x0b20
0x0b20: 0x0013 0x000a                 OUT 0x000a                    r0=0x0020 r1=0x6584 r2=0x0003 r3=0x0006 r4=0x0065 r5=0x0000 r6=0x0000 r7=0x0000 st:0x0004|0x17d6 0x0010 0x1802 0x0001

0x0b22: 0x0013 0x000a                 OUT 0x000a                    r0=0x0020 r1=0x6584 r2=0x0003 r3=0x0006 r4=0x0065 r5=0x0000 r6=0x0000 r7=0x0000 st:0x0004|0x17d6 0x0010 0x1802 0x0001

0x0b24: 0x0001 0x8000 0x6584          SET reg::0 0x6584             r0=0x0020 r1=0x6584 r2=0x0003 r3=0x0006 r4=0x0065 r5=0x0000 r6=0x0000 r7=0x0000 st:0x0004|0x17d6 0x0010 0x1802 0x0001
0x0b27: 0x0001 0x8001 0x0020          SET reg::1 0x0020             r0=0x6584 r1=0x6584 r2=0x0003 r3=0x0006 r4=0x0065 r5=0x0000 r6=0x0000 r7=0x0000 st:0x0004|0x17d6 0x0010 0x1802 0x0001
0x0b2a: 0x0011 0x0639                 CALL 0x0639                   r0=0x6584 r1=0x0020 r2=0x0003 r3=0x0006 r4=0x0065 r5=0x0000 r6=0x0000 r7=0x0000 st:0x0004|0x17d6 0x0010 0x1802 0x0001
0x0639: 0x0002 0x8001                 PUSH reg::1                   r0=0x6584 r1=0x0020 r2=0x0003 r3=0x0006 r4=0x0065 r5=0x0000 r6=0x0000 r7=0x0000 st:0x0005|0x17d6 0x0010 0x1802 0x0001 0x0b2c
0x063b: 0x0002 0x8002                 PUSH reg::2                   r0=0x6584 r1=0x0020 r2=0x0003 r3=0x0006 r4=0x0065 r5=0x0000 r6=0x0000 r7=0x0000 st:0x0006|0x17d6 0x0010 0x1802 0x0001 0x0b2c 0x0020
0x063d: 0x0001 0x8002 0x8001          SET reg::2 reg::1             r0=0x6584 r1=0x0020 r2=0x0003 r3=0x0006 r4=0x0065 r5=0x0000 r6=0x0000 r7=0x0000 st:0x0007|0x0010 0x1802 0x0001 0x0b2c 0x0020 0x0003
0x0640: 0x0001 0x8001 0x065b          SET reg::1 0x065b             r0=0x6584 r1=0x0020 r2=0x0020 r3=0x0006 r4=0x0065 r5=0x0000 r6=0x0000 r7=0x0000 st:0x0007|0x0010 0x1802 0x0001 0x0b2c 0x0020 0x0003
0x0643: 0x0011 0x061d                 CALL 0x061d                   r0=0x6584 r1=0x065b r2=0x0020 r3=0x0006 r4=0x0065 r5=0x0000 r6=0x0000 r7=0x0000 st:0x0007|0x0010 0x1802 0x0001 0x0b2c 0x0020 0x0003
0x061d: 0x0002 0x8001                 PUSH reg::1                   r0=0x6584 r1=0x065b r2=0x0020 r3=0x0006 r4=0x0065 r5=0x0000 r6=0x0000 r7=0x0000 st:0x0008|0x1802 0x0001 0x0b2c 0x0020 0x0003 0x0645
0x061f: 0x0002 0x8003                 PUSH reg::3                   r0=0x6584 r1=0x065b r2=0x0020 r3=0x0006 r4=0x0065 r5=0x0000 r6=0x0000 r7=0x0000 st:0x0009|0x0001 0x0b2c 0x0020 0x0003 0x0645 0x065b
0x0621: 0x000f 0x8003 0x8000          RMEM reg::3 reg::0            r0=0x6584 r1=0x065b r2=0x0020 r3=0x0006 r4=0x0065 r5=0x0000 r6=0x0000 r7=0x0000 st:0x000a|0x0b2c 0x0020 0x0003 0x0645 0x065b 0x0006
0x0624: 0x0008 0x8003 0x0631          JF reg::3 0x0631              r0=0x6584 r1=0x065b r2=0x0020 r3=0x000a r4=0x0065 r5=0x0000 r6=0x0000 r7=0x0000 st:0x000a|0x0b2c 0x0020 0x0003 0x0645 0x065b 0x0006
0x0627: 0x0011 0x05c8                 CALL 0x05c8                   r0=0x6584 r1=0x065b r2=0x0020 r3=0x000a r4=0x0065 r5=0x0000 r6=0x0000 r7=0x0000 st:0x000a|0x0b2c 0x0020 0x0003 0x0645 0x065b 0x0006
0x05c8: 0x0002 0x8000                 PUSH reg::0                   r0=0x6584 r1=0x065b r2=0x0020 r3=0x000a r4=0x0065 r5=0x0000 r6=0x0000 r7=0x0000 st:0x000b|0x0020 0x0003 0x0645 0x065b 0x0006 0x0629
0x05ca: 0x0002 0x8003                 PUSH reg::3                   r0=0x6584 r1=0x065b r2=0x0020 r3=0x000a r4=0x0065 r5=0x0000 r6=0x0000 r7=0x0000 st:0x000c|0x0003 0x0645 0x065b 0x0006 0x0629 0x6584
0x05cc: 0x0002 0x8004                 PUSH reg::4                   r0=0x6584 r1=0x065b r2=0x0020 r3=0x000a r4=0x0065 r5=0x0000 r6=0x0000 r7=0x0000 st:0x000d|0x0645 0x065b 0x0006 0x0629 0x6584 0x000a
0x05ce: 0x0002 0x8005                 PUSH reg::5                   r0=0x6584 r1=0x065b r2=0x0020 r3=0x000a r4=0x0065 r5=0x0000 r6=0x0000 r7=0x0000 st:0x000e|0x065b 0x0006 0x0629 0x6584 0x000a 0x0065
0x05d0: 0x0002 0x8006                 PUSH reg::6                   r0=0x6584 r1=0x065b r2=0x0020 r3=0x000a r4=0x0065 r5=0x0000 r6=0x0000 r7=0x0000 st:0x000f|0x0006 0x0629 0x6584 0x000a 0x0065 0x0000
0x05d2: 0x0001 0x8006 0x8000          SET reg::6 reg::0             r0=0x6584 r1=0x065b r2=0x0020 r3=0x000a r4=0x0065 r5=0x0000 r6=0x0000 r7=0x0000 st:0x0010|0x0629 0x6584 0x000a 0x0065 0x0000 0x0000
0x05d5: 0x0001 0x8005 0x8001          SET reg::5 reg::1             r0=0x6584 r1=0x065b r2=0x0020 r3=0x000a r4=0x0065 r5=0x0000 r6=0x6584 r7=0x0000 st:0x0010|0x0629 0x6584 0x000a 0x0065 0x0000 0x0000
0x05d8: 0x000f 0x8004 0x8000          RMEM reg::4 reg::0            r0=0x6584 r1=0x065b r2=0x0020 r3=0x000a r4=0x0065 r5=0x065b r6=0x6584 r7=0x0000 st:0x0010|0x0629 0x6584 0x000a 0x0065 0x0000 0x0000
0x05db: 0x0001 0x8001 0x0000          SET reg::1 0x0000             r0=0x6584 r1=0x065b r2=0x0020 r3=0x000a r4=0x000a r5=0x065b r6=0x6584 r7=0x0000 st:0x0010|0x0629 0x6584 0x000a 0x0065 0x0000 0x0000
0x05de: 0x0009 0x8003 0x0001 0x8001   ADD reg::3 0x0001 reg::1      r0=0x6584 r1=0x0000 r2=0x0020 r3=0x000a r4=0x000a r5=0x065b r6=0x6584 r7=0x0000 st:0x0010|0x0629 0x6584 0x000a 0x0065 0x0000 0x0000
0x05e2: 0x0005 0x8000 0x8003 0x8004   GT reg::0 reg::3 reg::4       r0=0x6584 r1=0x0000 r2=0x0020 r3=0x0001 r4=0x000a r5=0x065b r6=0x6584 r7=0x0000 st:0x0010|0x0629 0x6584 0x000a 0x0065 0x0000 0x0000
0x05e6: 0x0007 0x8000 0x05f9          JT reg::0 0x05f9              r0=0x0000 r1=0x0000 r2=0x0020 r3=0x0001 r4=0x000a r5=0x065b r6=0x6584 r7=0x0000 st:0x0010|0x0629 0x6584 0x000a 0x0065 0x0000 0x0000
0x05e9: 0x0009 0x8003 0x8003 0x8006   ADD reg::3 reg::3 reg::6      r0=0x0000 r1=0x0000 r2=0x0020 r3=0x0001 r4=0x000a r5=0x065b r6=0x6584 r7=0x0000 st:0x0010|0x0629 0x6584 0x000a 0x0065 0x0000 0x0000
0x05ed: 0x000f 0x8000 0x8003          RMEM reg::0 reg::3            r0=0x0000 r1=0x0000 r2=0x0020 r3=0x6585 r4=0x000a r5=0x065b r6=0x6584 r7=0x0000 st:0x0010|0x0629 0x6584 0x000a 0x0065 0x0000 0x0000
0x05f0: 0x0011 0x8005                 CALL reg::5                   r0=0x0075 r1=0x0000 r2=0x0020 r3=0x6585 r4=0x000a r5=0x065b r6=0x6584 r7=0x0000 st:0x0010|0x0629 0x6584 0x000a 0x0065 0x0000 0x0000
0x065b: 0x0004 0x8000 0x8000 0x8002   EQ reg::0 reg::0 reg::2       r0=0x0075 r1=0x0000 r2=0x0020 r3=0x6585 r4=0x000a r5=0x065b r6=0x6584 r7=0x0000 st:0x0011|0x6584 0x000a 0x0065 0x0000 0x0000 0x05f2
0x065f: 0x0008 0x8000 0x0668          JF reg::0 0x0668              r0=0x0000 r1=0x0000 r2=0x0020 r3=0x6585 r4=0x000a r5=0x065b r6=0x6584 r7=0x0000 st:0x0011|0x6584 0x000a 0x0065 0x0000 0x0000 0x05f2
0x0668: 0x0012                        RET                           r0=0x0000 r1=0x0000 r2=0x0020 r3=0x6585 r4=0x000a r5=0x065b r6=0x6584 r7=0x0000 st:0x0011|0x6584 0x000a 0x0065 0x0000 0x0000 0x05f2
0x05f2: 0x0009 0x8001 0x8001 0x0001   ADD reg::1 reg::1 0x0001      r0=0x0000 r1=0x0000 r2=0x0020 r3=0x6585 r4=0x000a r5=0x065b r6=0x6584 r7=0x0000 st:0x0010|0x0629 0x6584 0x000a 0x0065 0x0000 0x0000
0x05f6: 0x0007 0x8001 0x05de          JT reg::1 0x05de              r0=0x0000 r1=0x0001 r2=0x0020 r3=0x6585 r4=0x000a r5=0x065b r6=0x6584 r7=0x0000 st:0x0010|0x0629 0x6584 0x000a 0x0065 0x0000 0x0000
0x05de: 0x0009 0x8003 0x0001 0x8001   ADD reg::3 0x0001 reg::1      r0=0x0000 r1=0x0001 r2=0x0020 r3=0x6585 r4=0x000a r5=0x065b r6=0x6584 r7=0x0000 st:0x0010|0x0629 0x6584 0x000a 0x0065 0x0000 0x0000
0x05e2: 0x0005 0x8000 0x8003 0x8004   GT reg::0 reg::3 reg::4       r0=0x0000 r1=0x0001 r2=0x0020 r3=0x0002 r4=0x000a r5=0x065b r6=0x6584 r7=0x0000 st:0x0010|0x0629 0x6584 0x000a 0x0065 0x0000 0x0000
0x05e6: 0x0007 0x8000 0x05f9          JT reg::0 0x05f9              r0=0x0000 r1=0x0001 r2=0x0020 r3=0x0002 r4=0x000a r5=0x065b r6=0x6584 r7=0x0000 st:0x0010|0x0629 0x6584 0x000a 0x0065 0x0000 0x0000
0x05e9: 0x0009 0x8003 0x8003 0x8006   ADD reg::3 reg::3 reg::6      r0=0x0000 r1=0x0001 r2=0x0020 r3=0x0002 r4=0x000a r5=0x065b r6=0x6584 r7=0x0000 st:0x0010|0x0629 0x6584 0x000a 0x0065 0x0000 0x0000
0x05ed: 0x000f 0x8000 0x8003          RMEM reg::0 reg::3            r0=0x0000 r1=0x0001 r2=0x0020 r3=0x6586 r4=0x000a r5=0x065b r6=0x6584 r7=0x0000 st:0x0010|0x0629 0x6584 0x000a 0x0065 0x0000 0x0000
0x05f0: 0x0011 0x8005                 CALL reg::5                   r0=0x0073 r1=0x0001 r2=0x0020 r3=0x6586 r4=0x000a r5=0x065b r6=0x6584 r7=0x0000 st:0x0010|0x0629 0x6584 0x000a 0x0065 0x0000 0x0000
0x065b: 0x0004 0x8000 0x8000 0x8002   EQ reg::0 reg::0 reg::2       r0=0x0073 r1=0x0001 r2=0x0020 r3=0x6586 r4=0x000a r5=0x065b r6=0x6584 r7=0x0000 st:0x0011|0x6584 0x000a 0x0065 0x0000 0x0000 0x05f2
0x065f: 0x0008 0x8000 0x0668          JF reg::0 0x0668              r0=0x0000 r1=0x0001 r2=0x0020 r3=0x6586 r4=0x000a r5=0x065b r6=0x6584 r7=0x0000 st:0x0011|0x6584 0x000a 0x0065 0x0000 0x0000 0x05f2
0x0668: 0x0012                        RET                           r0=0x0000 r1=0x0001 r2=0x0020 r3=0x6586 r4=0x000a r5=0x065b r6=0x6584 r7=0x0000 st:0x0011|0x6584 0x000a 0x0065 0x0000 0x0000 0x05f2
0x05f2: 0x0009 0x8001 0x8001 0x0001   ADD reg::1 reg::1 0x0001      r0=0x0000 r1=0x0001 r2=0x0020 r3=0x6586 r4=0x000a r5=0x065b r6=0x6584 r7=0x0000 st:0x0010|0x0629 0x6584 0x000a 0x0065 0x0000 0x0000
0x05f6: 0x0007 0x8001 0x05de          JT reg::1 0x05de              r0=0x0000 r1=0x0002 r2=0x0020 r3=0x6586 r4=0x000a r5=0x065b r6=0x6584 r7=0x0000 st:0x0010|0x0629 0x6584 0x000a 0x0065 0x0000 0x0000
0x05de: 0x0009 0x8003 0x0001 0x8001   ADD reg::3 0x0001 reg::1      r0=0x0000 r1=0x0002 r2=0x0020 r3=0x6586 r4=0x000a r5=0x065b r6=0x6584 r7=0x0000 st:0x0010|0x0629 0x6584 0x000a 0x0065 0x0000 0x0000
0x05e2: 0x0005 0x8000 0x8003 0x8004   GT reg::0 reg::3 reg::4       r0=0x0000 r1=0x0002 r2=0x0020 r3=0x0003 r4=0x000a r5=0x065b r6=0x6584 r7=0x0000 st:0x0010|0x0629 0x6584 0x000a 0x0065 0x0000 0x0000
0x05e6: 0x0007 0x8000 0x05f9          JT reg::0 0x05f9              r0=0x0000 r1=0x0002 r2=0x0020 r3=0x0003 r4=0x000a r5=0x065b r6=0x6584 r7=0x0000 st:0x0010|0x0629 0x6584 0x000a 0x0065 0x0000 0x0000
0x05e9: 0x0009 0x8003 0x8003 0x8006   ADD reg::3 reg::3 reg::6      r0=0x0000 r1=0x0002 r2=0x0020 r3=0x0003 r4=0x000a r5=0x065b r6=0x6584 r7=0x0000 st:0x0010|0x0629 0x6584 0x000a 0x0065 0x0000 0x0000
0x05ed: 0x000f 0x8000 0x8003          RMEM reg::0 reg::3            r0=0x0000 r1=0x0002 r2=0x0020 r3=0x6587 r4=0x000a r5=0x065b r6=0x6584 r7=0x0000 st:0x0010|0x0629 0x6584 0x000a 0x0065 0x0000 0x0000
0x05f0: 0x0011 0x8005                 CALL reg::5                   r0=0x0065 r1=0x0002 r2=0x0020 r3=0x6587 r4=0x000a r5=0x065b r6=0x6584 r7=0x0000 st:0x0010|0x0629 0x6584 0x000a 0x0065 0x0000 0x0000
0x065b: 0x0004 0x8000 0x8000 0x8002   EQ reg::0 reg::0 reg::2       r0=0x0065 r1=0x0002 r2=0x0020 r3=0x6587 r4=0x000a r5=0x065b r6=0x6584 r7=0x0000 st:0x0011|0x6584 0x000a 0x0065 0x0000 0x0000 0x05f2
0x065f: 0x0008 0x8000 0x0668          JF reg::0 0x0668              r0=0x0000 r1=0x0002 r2=0x0020 r3=0x6587 r4=0x000a r5=0x065b r6=0x6584 r7=0x0000 st:0x0011|0x6584 0x000a 0x0065 0x0000 0x0000 0x05f2
0x0668: 0x0012                        RET                           r0=0x0000 r1=0x0002 r2=0x0020 r3=0x6587 r4=0x000a r5=0x065b r6=0x6584 r7=0x0000 st:0x0011|0x6584 0x000a 0x0065 0x0000 0x0000 0x05f2
0x05f2: 0x0009 0x8001 0x8001 0x0001   ADD reg::1 reg::1 0x0001      r0=0x0000 r1=0x0002 r2=0x0020 r3=0x6587 r4=0x000a r5=0x065b r6=0x6584 r7=0x0000 st:0x0010|0x0629 0x6584 0x000a 0x0065 0x0000 0x0000
0x05f6: 0x0007 0x8001 0x05de          JT reg::1 0x05de              r0=0x0000 r1=0x0003 r2=0x0020 r3=0x6587 r4=0x000a r5=0x065b r6=0x6584 r7=0x0000 st:0x0010|0x0629 0x6584 0x000a 0x0065 0x0000 0x0000
0x05de: 0x0009 0x8003 0x0001 0x8001   ADD reg::3 0x0001 reg::1      r0=0x0000 r1=0x0003 r2=0x0020 r3=0x6587 r4=0x000a r5=0x065b r6=0x6584 r7=0x0000 st:0x0010|0x0629 0x6584 0x000a 0x0065 0x0000 0x0000
0x05e2: 0x0005 0x8000 0x8003 0x8004   GT reg::0 reg::3 reg::4       r0=0x0000 r1=0x0003 r2=0x0020 r3=0x0004 r4=0x000a r5=0x065b r6=0x6584 r7=0x0000 st:0x0010|0x0629 0x6584 0x000a 0x0065 0x0000 0x0000
0x05e6: 0x0007 0x8000 0x05f9          JT reg::0 0x05f9              r0=0x0000 r1=0x0003 r2=0x0020 r3=0x0004 r4=0x000a r5=0x065b r6=0x6584 r7=0x0000 st:0x0010|0x0629 0x6584 0x000a 0x0065 0x0000 0x0000
0x05e9: 0x0009 0x8003 0x8003 0x8006   ADD reg::3 reg::3 reg::6      r0=0x0000 r1=0x0003 r2=0x0020 r3=0x0004 r4=0x000a r5=0x065b r6=0x6584 r7=0x0000 st:0x0010|0x0629 0x6584 0x000a 0x0065 0x0000 0x0000
0x05ed: 0x000f 0x8000 0x8003          RMEM reg::0 reg::3            r0=0x0000 r1=0x0003 r2=0x0020 r3=0x6588 r4=0x000a r5=0x065b r6=0x6584 r7=0x0000 st:0x0010|0x0629 0x6584 0x000a 0x0065 0x0000 0x0000
0x05f0: 0x0011 0x8005                 CALL reg::5                   r0=0x0020 r1=0x0003 r2=0x0020 r3=0x6588 r4=0x000a r5=0x065b r6=0x6584 r7=0x0000 st:0x0010|0x0629 0x6584 0x000a 0x0065 0x0000 0x0000
0x065b: 0x0004 0x8000 0x8000 0x8002   EQ reg::0 reg::0 reg::2       r0=0x0020 r1=0x0003 r2=0x0020 r3=0x6588 r4=0x000a r5=0x065b r6=0x6584 r7=0x0000 st:0x0011|0x6584 0x000a 0x0065 0x0000 0x0000 0x05f2
0x065f: 0x0008 0x8000 0x0668          JF reg::0 0x0668              r0=0x0001 r1=0x0003 r2=0x0020 r3=0x6588 r4=0x000a r5=0x065b r6=0x6584 r7=0x0000 st:0x0011|0x6584 0x000a 0x0065 0x0000 0x0000 0x05f2
0x0662: 0x0001 0x8002 0x8001          SET reg::2 reg::1             r0=0x0001 r1=0x0003 r2=0x0020 r3=0x6588 r4=0x000a r5=0x065b r6=0x6584 r7=0x0000 st:0x0011|0x6584 0x000a 0x0065 0x0000 0x0000 0x05f2
0x0665: 0x0001 0x8001 0x7fff          SET reg::1 0x7fff             r0=0x0001 r1=0x0003 r2=0x0003 r3=0x6588 r4=0x000a r5=0x065b r6=0x6584 r7=0x0000 st:0x0011|0x6584 0x000a 0x0065 0x0000 0x0000 0x05f2
0x0668: 0x0012                        RET                           r0=0x0001 r1=0x7fff r2=0x0003 r3=0x6588 r4=0x000a r5=0x065b r6=0x6584 r7=0x0000 st:0x0011|0x6584 0x000a 0x0065 0x0000 0x0000 0x05f2
0x05f2: 0x0009 0x8001 0x8001 0x0001   ADD reg::1 reg::1 0x0001      r0=0x0001 r1=0x7fff r2=0x0003 r3=0x6588 r4=0x000a r5=0x065b r6=0x6584 r7=0x0000 st:0x0010|0x0629 0x6584 0x000a 0x0065 0x0000 0x0000
0x05f6: 0x0007 0x8001 0x05de          JT reg::1 0x05de              r0=0x0001 r1=0x0000 r2=0x0003 r3=0x6588 r4=0x000a r5=0x065b r6=0x6584 r7=0x0000 st:0x0010|0x0629 0x6584 0x000a 0x0065 0x0000 0x0000
0x05f9: 0x0003 0x8006                 POP reg::6                    r0=0x0001 r1=0x0000 r2=0x0003 r3=0x6588 r4=0x000a r5=0x065b r6=0x6584 r7=0x0000 st:0x0010|0x0629 0x6584 0x000a 0x0065 0x0000 0x0000
0x05fb: 0x0003 0x8005                 POP reg::5                    r0=0x0001 r1=0x0000 r2=0x0003 r3=0x6588 r4=0x000a r5=0x065b r6=0x0000 r7=0x0000 st:0x000f|0x0006 0x0629 0x6584 0x000a 0x0065 0x0000
0x05fd: 0x0003 0x8004                 POP reg::4                    r0=0x0001 r1=0x0000 r2=0x0003 r3=0x6588 r4=0x000a r5=0x0000 r6=0x0000 r7=0x0000 st:0x000e|0x065b 0x0006 0x0629 0x6584 0x000a 0x0065
0x05ff: 0x0003 0x8003                 POP reg::3                    r0=0x0001 r1=0x0000 r2=0x0003 r3=0x6588 r4=0x0065 r5=0x0000 r6=0x0000 r7=0x0000 st:0x000d|0x0645 0x065b 0x0006 0x0629 0x6584 0x000a
0x0601: 0x0003 0x8000                 POP reg::0                    r0=0x0001 r1=0x0000 r2=0x0003 r3=0x000a r4=0x0065 r5=0x0000 r6=0x0000 r7=0x0000 st:0x000c|0x0003 0x0645 0x065b 0x0006 0x0629 0x6584
0x0603: 0x0012                        RET                           r0=0x6584 r1=0x0000 r2=0x0003 r3=0x000a r4=0x0065 r5=0x0000 r6=0x0000 r7=0x0000 st:0x000b|0x0020 0x0003 0x0645 0x065b 0x0006 0x0629
0x0629: 0x0007 0x8001 0x0631          JT reg::1 0x0631              r0=0x6584 r1=0x0000 r2=0x0003 r3=0x000a r4=0x0065 r5=0x0000 r6=0x0000 r7=0x0000 st:0x000a|0x0b2c 0x0020 0x0003 0x0645 0x065b 0x0006
0x062c: 0x0001 0x8000 0x8002          SET reg::0 reg::2             r0=0x6584 r1=0x0000 r2=0x0003 r3=0x000a r4=0x0065 r5=0x0000 r6=0x0000 r7=0x0000 st:0x000a|0x0b2c 0x0020 0x0003 0x0645 0x065b 0x0006
0x062f: 0x0006 0x0634                 JMP 0x0634                    r0=0x0003 r1=0x0000 r2=0x0003 r3=0x000a r4=0x0065 r5=0x0000 r6=0x0000 r7=0x0000 st:0x000a|0x0b2c 0x0020 0x0003 0x0645 0x065b 0x0006
0x0634: 0x0003 0x8003                 POP reg::3                    r0=0x0003 r1=0x0000 r2=0x0003 r3=0x000a r4=0x0065 r5=0x0000 r6=0x0000 r7=0x0000 st:0x000a|0x0b2c 0x0020 0x0003 0x0645 0x065b 0x0006
0x0636: 0x0003 0x8001                 POP reg::1                    r0=0x0003 r1=0x0000 r2=0x0003 r3=0x0006 r4=0x0065 r5=0x0000 r6=0x0000 r7=0x0000 st:0x0009|0x0001 0x0b2c 0x0020 0x0003 0x0645 0x065b
0x0638: 0x0012                        RET                           r0=0x0003 r1=0x065b r2=0x0003 r3=0x0006 r4=0x0065 r5=0x0000 r6=0x0000 r7=0x0000 st:0x0008|0x1802 0x0001 0x0b2c 0x0020 0x0003 0x0645
0x0645: 0x0003 0x8002                 POP reg::2                    r0=0x0003 r1=0x065b r2=0x0003 r3=0x0006 r4=0x0065 r5=0x0000 r6=0x0000 r7=0x0000 st:0x0007|0x0010 0x1802 0x0001 0x0b2c 0x0020 0x0003
0x0647: 0x0003 0x8001                 POP reg::1                    r0=0x0003 r1=0x065b r2=0x0003 r3=0x0006 r4=0x0065 r5=0x0000 r6=0x0000 r7=0x0000 st:0x0006|0x17d6 0x0010 0x1802 0x0001 0x0b2c 0x0020
0x0649: 0x0012                        RET                           r0=0x0003 r1=0x0020 r2=0x0003 r3=0x0006 r4=0x0065 r5=0x0000 r6=0x0000 r7=0x0000 st:0x0005|0x17d6 0x0010 0x1802 0x0001 0x0b2c
0x0b2c: 0x0004 0x8001 0x8000 0x7fff   EQ reg::1 reg::0 0x7fff       r0=0x0003 r1=0x0020 r2=0x0003 r3=0x0006 r4=0x0065 r5=0x0000 r6=0x0000 r7=0x0000 st:0x0004|0x17d6 0x0010 0x1802 0x0001
0x0b30: 0x0008 0x8001 0x0b36          JF reg::1 0x0b36              r0=0x0003 r1=0x0000 r2=0x0003 r3=0x0006 r4=0x0065 r5=0x0000 r6=0x0000 r7=0x0000 st:0x0004|0x17d6 0x0010 0x1802 0x0001
0x0b36: 0x0001 0x8002 0x8000          SET reg::2 reg::0             r0=0x0003 r1=0x0000 r2=0x0003 r3=0x0006 r4=0x0065 r5=0x0000 r6=0x0000 r7=0x0000 st:0x0004|0x17d6 0x0010 0x1802 0x0001
0x0b39: 0x000f 0x8001 0x6584          RMEM reg::1 0x6584            r0=0x0003 r1=0x0000 r2=0x0003 r3=0x0006 r4=0x0065 r5=0x0000 r6=0x0000 r7=0x0000 st:0x0004|0x17d6 0x0010 0x1802 0x0001
0x0b3c: 0x0002 0x8001                 PUSH reg::1                   r0=0x0003 r1=0x000a r2=0x0003 r3=0x0006 r4=0x0065 r5=0x0000 r6=0x0000 r7=0x0000 st:0x0004|0x17d6 0x0010 0x1802 0x0001
0x0b3e: 0x0010 0x6584 0x8002          WMEM 0x6584 reg::2            r0=0x0003 r1=0x000a r2=0x0003 r3=0x0006 r4=0x0065 r5=0x0000 r6=0x0000 r7=0x0000 st:0x0005|0x17d6 0x0010 0x1802 0x0001 0x000a
0x0b41: 0x0001 0x8000 0x6b14          SET reg::0 0x6b14             r0=0x0003 r1=0x000a r2=0x0003 r3=0x0006 r4=0x0065 r5=0x0000 r6=0x0000 r7=0x0000 st:0x0005|0x17d6 0x0010 0x1802 0x0001 0x000a
0x0b44: 0x0001 0x8001 0x6584          SET reg::1 0x6584             r0=0x6b14 r1=0x000a r2=0x0003 r3=0x0006 r4=0x0065 r5=0x0000 r6=0x0000 r7=0x0000 st:0x0005|0x17d6 0x0010 0x1802 0x0001 0x000a
0x0b47: 0x0011 0x064a                 CALL 0x064a                   r0=0x6b14 r1=0x6584 r2=0x0003 r3=0x0006 r4=0x0065 r5=0x0000 r6=0x0000 r7=0x0000 st:0x0005|0x17d6 0x0010 0x1802 0x0001 0x000a
0x064a: 0x0002 0x8001                 PUSH reg::1                   r0=0x6b14 r1=0x6584 r2=0x0003 r3=0x0006 r4=0x0065 r5=0x0000 r6=0x0000 r7=0x0000 st:0x0006|0x17d6 0x0010 0x1802 0x0001 0x000a 0x0b49
0x064c: 0x0002 0x8002                 PUSH reg::2                   r0=0x6b14 r1=0x6584 r2=0x0003 r3=0x0006 r4=0x0065 r5=0x0000 r6=0x0000 r7=0x0000 st:0x0007|0x0010 0x1802 0x0001 0x000a 0x0b49 0x6584
0x064e: 0x0001 0x8002 0x8001          SET reg::2 reg::1             r0=0x6b14 r1=0x6584 r2=0x0003 r3=0x0006 r4=0x0065 r5=0x0000 r6=0x0000 r7=0x0000 st:0x0008|0x1802 0x0001 0x000a 0x0b49 0x6584 0x0003
0x0651: 0x0001 0x8001 0x0686          SET reg::1 0x0686             r0=0x6b14 r1=0x6584 r2=0x6584 r3=0x0006 r4=0x0065 r5=0x0000 r6=0x0000 r7=0x0000 st:0x0008|0x1802 0x0001 0x000a 0x0b49 0x6584 0x0003
0x0654: 0x0011 0x061d                 CALL 0x061d                   r0=0x6b14 r1=0x0686 r2=0x6584 r3=0x0006 r4=0x0065 r5=0x0000 r6=0x0000 r7=0x0000 st:0x0008|0x1802 0x0001 0x000a 0x0b49 0x6584 0x0003
0x061d: 0x0002 0x8001                 PUSH reg::1                   r0=0x6b14 r1=0x0686 r2=0x6584 r3=0x0006 r4=0x0065 r5=0x0000 r6=0x0000 r7=0x0000 st:0x0009|0x0001 0x000a 0x0b49 0x6584 0x0003 0x0656
0x061f: 0x0002 0x8003                 PUSH reg::3                   r0=0x6b14 r1=0x0686 r2=0x6584 r3=0x0006 r4=0x0065 r5=0x0000 r6=0x0000 r7=0x0000 st:0x000a|0x000a 0x0b49 0x6584 0x0003 0x0656 0x0686
0x0621: 0x000f 0x8003 0x8000          RMEM reg::3 reg::0            r0=0x6b14 r1=0x0686 r2=0x6584 r3=0x0006 r4=0x0065 r5=0x0000 r6=0x0000 r7=0x0000 st:0x000b|0x0b49 0x6584 0x0003 0x0656 0x0686 0x0006
0x0624: 0x0008 0x8003 0x0631          JF reg::3 0x0631              r0=0x6b14 r1=0x0686 r2=0x6584 r3=0x0007 r4=0x0065 r5=0x0000 r6=0x0000 r7=0x0000 st:0x000b|0x0b49 0x6584 0x0003 0x0656 0x0686 0x0006
0x0627: 0x0011 0x05c8                 CALL 0x05c8                   r0=0x6b14 r1=0x0686 r2=0x6584 r3=0x0007 r4=0x0065 r5=0x0000 r6=0x0000 r7=0x0000 st:0x000b|0x0b49 0x6584 0x0003 0x0656 0x0686 0x0006
0x05c8: 0x0002 0x8000                 PUSH reg::0                   r0=0x6b14 r1=0x0686 r2=0x6584 r3=0x0007 r4=0x0065 r5=0x0000 r6=0x0000 r7=0x0000 st:0x000c|0x6584 0x0003 0x0656 0x0686 0x0006 0x0629
0x05ca: 0x0002 0x8003                 PUSH reg::3                   r0=0x6b14 r1=0x0686 r2=0x6584 r3=0x0007 r4=0x0065 r5=0x0000 r6=0x0000 r7=0x0000 st:0x000d|0x0003 0x0656 0x0686 0x0006 0x0629 0x6b14
0x05cc: 0x0002 0x8004                 PUSH reg::4                   r0=0x6b14 r1=0x0686 r2=0x6584 r3=0x0007 r4=0x0065 r5=0x0000 r6=0x0000 r7=0x0000 st:0x000e|0x0656 0x0686 0x0006 0x0629 0x6b14 0x0007
0x05ce: 0x0002 0x8005                 PUSH reg::5                   r0=0x6b14 r1=0x0686 r2=0x6584 r3=0x0007 r4=0x0065 r5=0x0000 r6=0x0000 r7=0x0000 st:0x000f|0x0686 0x0006 0x0629 0x6b14 0x0007 0x0065
0x05d0: 0x0002 0x8006                 PUSH reg::6                   r0=0x6b14 r1=0x0686 r2=0x6584 r3=0x0007 r4=0x0065 r5=0x0000 r6=0x0000 r7=0x0000 st:0x0010|0x0006 0x0629 0x6b14 0x0007 0x0065 0x0000
0x05d2: 0x0001 0x8006 0x8000          SET reg::6 reg::0             r0=0x6b14 r1=0x0686 r2=0x6584 r3=0x0007 r4=0x0065 r5=0x0000 r6=0x0000 r7=0x0000 st:0x0011|0x0629 0x6b14 0x0007 0x0065 0x0000 0x0000
0x05d5: 0x0001 0x8005 0x8001          SET reg::5 reg::1             r0=0x6b14 r1=0x0686 r2=0x6584 r3=0x0007 r4=0x0065 r5=0x0000 r6=0x6b14 r7=0x0000 st:0x0011|0x0629 0x6b14 0x0007 0x0065 0x0000 0x0000
0x05d8: 0x000f 0x8004 0x8000          RMEM reg::4 reg::0            r0=0x6b14 r1=0x0686 r2=0x6584 r3=0x0007 r4=0x0065 r5=0x0686 r6=0x6b14 r7=0x0000 st:0x0011|0x0629 0x6b14 0x0007 0x0065 0x0000 0x0000
0x05db: 0x0001 0x8001 0x0000          SET reg::1 0x0000             r0=0x6b14 r1=0x0686 r2=0x6584 r3=0x0007 r4=0x0007 r5=0x0686 r6=0x6b14 r7=0x0000 st:0x0011|0x0629 0x6b14 0x0007 0x0065 0x0000 0x0000
0x05de: 0x0009 0x8003 0x0001 0x8001   ADD reg::3 0x0001 reg::1      r0=0x6b14 r1=0x0000 r2=0x6584 r3=0x0007 r4=0x0007 r5=0x0686 r6=0x6b14 r7=0x0000 st:0x0011|0x0629 0x6b14 0x0007 0x0065 0x0000 0x0000
0x05e2: 0x0005 0x8000 0x8003 0x8004   GT reg::0 reg::3 reg::4       r0=0x6b14 r1=0x0000 r2=0x6584 r3=0x0001 r4=0x0007 r5=0x0686 r6=0x6b14 r7=0x0000 st:0x0011|0x0629 0x6b14 0x0007 0x0065 0x0000 0x0000
0x05e6: 0x0007 0x8000 0x05f9          JT reg::0 0x05f9              r0=0x0000 r1=0x0000 r2=0x6584 r3=0x0001 r4=0x0007 r5=0x0686 r6=0x6b14 r7=0x0000 st:0x0011|0x0629 0x6b14 0x0007 0x0065 0x0000 0x0000
0x05e9: 0x0009 0x8003 0x8003 0x8006   ADD reg::3 reg::3 reg::6      r0=0x0000 r1=0x0000 r2=0x6584 r3=0x0001 r4=0x0007 r5=0x0686 r6=0x6b14 r7=0x0000 st:0x0011|0x0629 0x6b14 0x0007 0x0065 0x0000 0x0000
0x05ed: 0x000f 0x8000 0x8003          RMEM reg::0 reg::3            r0=0x0000 r1=0x0000 r2=0x6584 r3=0x6b15 r4=0x0007 r5=0x0686 r6=0x6b14 r7=0x0000 st:0x0011|0x0629 0x6b14 0x0007 0x0065 0x0000 0x0000
0x05f0: 0x0011 0x8005                 CALL reg::5                   r0=0x6565 r1=0x0000 r2=0x6584 r3=0x6b15 r4=0x0007 r5=0x0686 r6=0x6b14 r7=0x0000 st:0x0011|0x0629 0x6b14 0x0007 0x0065 0x0000 0x0000
0x0686: 0x0002 0x8001                 PUSH reg::1                   r0=0x6565 r1=0x0000 r2=0x6584 r3=0x6b15 r4=0x0007 r5=0x0686 r6=0x6b14 r7=0x0000 st:0x0012|0x6b14 0x0007 0x0065 0x0000 0x0000 0x05f2
0x0688: 0x0001 0x8001 0x8002          SET reg::1 reg::2             r0=0x6565 r1=0x0000 r2=0x6584 r3=0x6b15 r4=0x0007 r5=0x0686 r6=0x6b14 r7=0x0000 st:0x0013|0x0007 0x0065 0x0000 0x0000 0x05f2 0x0000
0x068b: 0x0011 0x0699                 CALL 0x0699                   r0=0x6565 r1=0x6584 r2=0x6584 r3=0x6b15 r4=0x0007 r5=0x0686 r6=0x6b14 r7=0x0000 st:0x0013|0x0007 0x0065 0x0000 0x0000 0x05f2 0x0000
0x0699: 0x0002 0x8001                 PUSH reg::1                   r0=0x6565 r1=0x6584 r2=0x6584 r3=0x6b15 r4=0x0007 r5=0x0686 r6=0x6b14 r7=0x0000 st:0x0014|0x0065 0x0000 0x0000 0x05f2 0x0000 0x068d
0x069b: 0x0002 0x8002                 PUSH reg::2                   r0=0x6565 r1=0x6584 r2=0x6584 r3=0x6b15 r4=0x0007 r5=0x0686 r6=0x6b14 r7=0x0000 st:0x0015|0x0000 0x0000 0x05f2 0x0000 0x068d 0x6584
0x069d: 0x0002 0x8003                 PUSH reg::3                   r0=0x6565 r1=0x6584 r2=0x6584 r3=0x6b15 r4=0x0007 r5=0x0686 r6=0x6b14 r7=0x0000 st:0x0016|0x0000 0x05f2 0x0000 0x068d 0x6584 0x6584
0x069f: 0x0002 0x8004                 PUSH reg::4                   r0=0x6565 r1=0x6584 r2=0x6584 r3=0x6b15 r4=0x0007 r5=0x0686 r6=0x6b14 r7=0x0000 st:0x0017|0x05f2 0x0000 0x068d 0x6584 0x6584 0x6b15
0x06a1: 0x000f 0x8003 0x8000          RMEM reg::3 reg::0            r0=0x6565 r1=0x6584 r2=0x6584 r3=0x6b15 r4=0x0007 r5=0x0686 r6=0x6b14 r7=0x0000 st:0x0018|0x0000 0x068d 0x6584 0x6584 0x6b15 0x0007
0x06a4: 0x000f 0x8004 0x8001          RMEM reg::4 reg::1            r0=0x6565 r1=0x6584 r2=0x6584 r3=0x0002 r4=0x0007 r5=0x0686 r6=0x6b14 r7=0x0000 st:0x0018|0x0000 0x068d 0x6584 0x6584 0x6b15 0x0007
0x06a7: 0x0004 0x8002 0x8003 0x8004   EQ reg::2 reg::3 reg::4       r0=0x6565 r1=0x6584 r2=0x6584 r3=0x0002 r4=0x0003 r5=0x0686 r6=0x6b14 r7=0x0000 st:0x0018|0x0000 0x068d 0x6584 0x6584 0x6b15 0x0007
0x06ab: 0x0008 0x8002 0x06c5          JF reg::2 0x06c5              r0=0x6565 r1=0x6584 r2=0x0000 r3=0x0002 r4=0x0003 r5=0x0686 r6=0x6b14 r7=0x0000 st:0x0018|0x0000 0x068d 0x6584 0x6584 0x6b15 0x0007
0x06c5: 0x0001 0x8000 0x0000          SET reg::0 0x0000             r0=0x6565 r1=0x6584 r2=0x0000 r3=0x0002 r4=0x0003 r5=0x0686 r6=0x6b14 r7=0x0000 st:0x0018|0x0000 0x068d 0x6584 0x6584 0x6b15 0x0007
0x06c8: 0x0003 0x8004                 POP reg::4                    r0=0x0000 r1=0x6584 r2=0x0000 r3=0x0002 r4=0x0003 r5=0x0686 r6=0x6b14 r7=0x0000 st:0x0018|0x0000 0x068d 0x6584 0x6584 0x6b15 0x0007
0x06ca: 0x0003 0x8003                 POP reg::3                    r0=0x0000 r1=0x6584 r2=0x0000 r3=0x0002 r4=0x0007 r5=0x0686 r6=0x6b14 r7=0x0000 st:0x0017|0x05f2 0x0000 0x068d 0x6584 0x6584 0x6b15
0x06cc: 0x0003 0x8002                 POP reg::2                    r0=0x0000 r1=0x6584 r2=0x0000 r3=0x6b15 r4=0x0007 r5=0x0686 r6=0x6b14 r7=0x0000 st:0x0016|0x0000 0x05f2 0x0000 0x068d 0x6584 0x6584
0x06ce: 0x0003 0x8001                 POP reg::1                    r0=0x0000 r1=0x6584 r2=0x6584 r3=0x6b15 r4=0x0007 r5=0x0686 r6=0x6b14 r7=0x0000 st:0x0015|0x0000 0x0000 0x05f2 0x0000 0x068d 0x6584
0x06d0: 0x0012                        RET                           r0=0x0000 r1=0x6584 r2=0x6584 r3=0x6b15 r4=0x0007 r5=0x0686 r6=0x6b14 r7=0x0000 st:0x0014|0x0065 0x0000 0x0000 0x05f2 0x0000 0x068d
0x068d: 0x0003 0x8001                 POP reg::1                    r0=0x0000 r1=0x6584 r2=0x6584 r3=0x6b15 r4=0x0007 r5=0x0686 r6=0x6b14 r7=0x0000 st:0x0013|0x0007 0x0065 0x0000 0x0000 0x05f2 0x0000
0x068f: 0x0008 0x8000 0x0698          JF reg::0 0x0698              r0=0x0000 r1=0x0000 r2=0x6584 r3=0x6b15 r4=0x0007 r5=0x0686 r6=0x6b14 r7=0x0000 st:0x0012|0x6b14 0x0007 0x0065 0x0000 0x0000 0x05f2
0x0698: 0x0012                        RET                           r0=0x0000 r1=0x0000 r2=0x6584 r3=0x6b15 r4=0x0007 r5=0x0686 r6=0x6b14 r7=0x0000 st:0x0012|0x6b14 0x0007 0x0065 0x0000 0x0000 0x05f2
0x05f2: 0x0009 0x8001 0x8001 0x0001   ADD reg::1 reg::1 0x0001      r0=0x0000 r1=0x0000 r2=0x6584 r3=0x6b15 r4=0x0007 r5=0x0686 r6=0x6b14 r7=0x0000 st:0x0011|0x0629 0x6b14 0x0007 0x0065 0x0000 0x0000
0x05f6: 0x0007 0x8001 0x05de          JT reg::1 0x05de              r0=0x0000 r1=0x0001 r2=0x6584 r3=0x6b15 r4=0x0007 r5=0x0686 r6=0x6b14 r7=0x0000 st:0x0011|0x0629 0x6b14 0x0007 0x0065 0x0000 0x0000
0x05de: 0x0009 0x8003 0x0001 0x8001   ADD reg::3 0x0001 reg::1      r0=0x0000 r1=0x0001 r2=0x6584 r3=0x6b15 r4=0x0007 r5=0x0686 r6=0x6b14 r7=0x0000 st:0x0011|0x0629 0x6b14 0x0007 0x0065 0x0000 0x0000
0x05e2: 0x0005 0x8000 0x8003 0x8004   GT reg::0 reg::3 reg::4       r0=0x0000 r1=0x0001 r2=0x6584 r3=0x0002 r4=0x0007 r5=0x0686 r6=0x6b14 r7=0x0000 st:0x0011|0x0629 0x6b14 0x0007 0x0065 0x0000 0x0000
0x05e6: 0x0007 0x8000 0x05f9          JT reg::0 0x05f9              r0=0x0000 r1=0x0001 r2=0x6584 r3=0x0002 r4=0x0007 r5=0x0686 r6=0x6b14 r7=0x0000 st:0x0011|0x0629 0x6b14 0x0007 0x0065 0x0000 0x0000
0x05e9: 0x0009 0x8003 0x8003 0x8006   ADD reg::3 reg::3 reg::6      r0=0x0000 r1=0x0001 r2=0x6584 r3=0x0002 r4=0x0007 r5=0x0686 r6=0x6b14 r7=0x0000 st:0x0011|0x0629 0x6b14 0x0007 0x0065 0x0000 0x0000
0x05ed: 0x000f 0x8000 0x8003          RMEM reg::0 reg::3            r0=0x0000 r1=0x0001 r2=0x6584 r3=0x6b16 r4=0x0007 r5=0x0686 r6=0x6b14 r7=0x0000 st:0x0011|0x0629 0x6b14 0x0007 0x0065 0x0000 0x0000
0x05f0: 0x0011 0x8005                 CALL reg::5                   r0=0x6568 r1=0x0001 r2=0x6584 r3=0x6b16 r4=0x0007 r5=0x0686 r6=0x6b14 r7=0x0000 st:0x0011|0x0629 0x6b14 0x0007 0x0065 0x0000 0x0000
0x0686: 0x0002 0x8001                 PUSH reg::1                   r0=0x6568 r1=0x0001 r2=0x6584 r3=0x6b16 r4=0x0007 r5=0x0686 r6=0x6b14 r7=0x0000 st:0x0012|0x6b14 0x0007 0x0065 0x0000 0x0000 0x05f2
0x0688: 0x0001 0x8001 0x8002          SET reg::1 reg::2             r0=0x6568 r1=0x0001 r2=0x6584 r3=0x6b16 r4=0x0007 r5=0x0686 r6=0x6b14 r7=0x0000 st:0x0013|0x0007 0x0065 0x0000 0x0000 0x05f2 0x0001
0x068b: 0x0011 0x0699                 CALL 0x0699                   r0=0x6568 r1=0x6584 r2=0x6584 r3=0x6b16 r4=0x0007 r5=0x0686 r6=0x6b14 r7=0x0000 st:0x0013|0x0007 0x0065 0x0000 0x0000 0x05f2 0x0001
0x0699: 0x0002 0x8001                 PUSH reg::1                   r0=0x6568 r1=0x6584 r2=0x6584 r3=0x6b16 r4=0x0007 r5=0x0686 r6=0x6b14 r7=0x0000 st:0x0014|0x0065 0x0000 0x0000 0x05f2 0x0001 0x068d
0x069b: 0x0002 0x8002                 PUSH reg::2                   r0=0x6568 r1=0x6584 r2=0x6584 r3=0x6b16 r4=0x0007 r5=0x0686 r6=0x6b14 r7=0x0000 st:0x0015|0x0000 0x0000 0x05f2 0x0001 0x068d 0x6584
0x069d: 0x0002 0x8003                 PUSH reg::3                   r0=0x6568 r1=0x6584 r2=0x6584 r3=0x6b16 r4=0x0007 r5=0x0686 r6=0x6b14 r7=0x0000 st:0x0016|0x0000 0x05f2 0x0001 0x068d 0x6584 0x6584
0x069f: 0x0002 0x8004                 PUSH reg::4                   r0=0x6568 r1=0x6584 r2=0x6584 r3=0x6b16 r4=0x0007 r5=0x0686 r6=0x6b14 r7=0x0000 st:0x0017|0x05f2 0x0001 0x068d 0x6584 0x6584 0x6b16
0x06a1: 0x000f 0x8003 0x8000          RMEM reg::3 reg::0            r0=0x6568 r1=0x6584 r2=0x6584 r3=0x6b16 r4=0x0007 r5=0x0686 r6=0x6b14 r7=0x0000 st:0x0018|0x0001 0x068d 0x6584 0x6584 0x6b16 0x0007
0x06a4: 0x000f 0x8004 0x8001          RMEM reg::4 reg::1            r0=0x6568 r1=0x6584 r2=0x6584 r3=0x0004 r4=0x0007 r5=0x0686 r6=0x6b14 r7=0x0000 st:0x0018|0x0001 0x068d 0x6584 0x6584 0x6b16 0x0007
0x06a7: 0x0004 0x8002 0x8003 0x8004   EQ reg::2 reg::3 reg::4       r0=0x6568 r1=0x6584 r2=0x6584 r3=0x0004 r4=0x0003 r5=0x0686 r6=0x6b14 r7=0x0000 st:0x0018|0x0001 0x068d 0x6584 0x6584 0x6b16 0x0007
0x06ab: 0x0008 0x8002 0x06c5          JF reg::2 0x06c5              r0=0x6568 r1=0x6584 r2=0x0000 r3=0x0004 r4=0x0003 r5=0x0686 r6=0x6b14 r7=0x0000 st:0x0018|0x0001 0x068d 0x6584 0x6584 0x6b16 0x0007
0x06c5: 0x0001 0x8000 0x0000          SET reg::0 0x0000             r0=0x6568 r1=0x6584 r2=0x0000 r3=0x0004 r4=0x0003 r5=0x0686 r6=0x6b14 r7=0x0000 st:0x0018|0x0001 0x068d 0x6584 0x6584 0x6b16 0x0007
0x06c8: 0x0003 0x8004                 POP reg::4                    r0=0x0000 r1=0x6584 r2=0x0000 r3=0x0004 r4=0x0003 r5=0x0686 r6=0x6b14 r7=0x0000 st:0x0018|0x0001 0x068d 0x6584 0x6584 0x6b16 0x0007
0x06ca: 0x0003 0x8003                 POP reg::3                    r0=0x0000 r1=0x6584 r2=0x0000 r3=0x0004 r4=0x0007 r5=0x0686 r6=0x6b14 r7=0x0000 st:0x0017|0x05f2 0x0001 0x068d 0x6584 0x6584 0x6b16
0x06cc: 0x0003 0x8002                 POP reg::2                    r0=0x0000 r1=0x6584 r2=0x0000 r3=0x6b16 r4=0x0007 r5=0x0686 r6=0x6b14 r7=0x0000 st:0x0016|0x0000 0x05f2 0x0001 0x068d 0x6584 0x6584
0x06ce: 0x0003 0x8001                 POP reg::1                    r0=0x0000 r1=0x6584 r2=0x6584 r3=0x6b16 r4=0x0007 r5=0x0686 r6=0x6b14 r7=0x0000 st:0x0015|0x0000 0x0000 0x05f2 0x0001 0x068d 0x6584
0x06d0: 0x0012                        RET                           r0=0x0000 r1=0x6584 r2=0x6584 r3=0x6b16 r4=0x0007 r5=0x0686 r6=0x6b14 r7=0x0000 st:0x0014|0x0065 0x0000 0x0000 0x05f2 0x0001 0x068d
0x068d: 0x0003 0x8001                 POP reg::1                    r0=0x0000 r1=0x6584 r2=0x6584 r3=0x6b16 r4=0x0007 r5=0x0686 r6=0x6b14 r7=0x0000 st:0x0013|0x0007 0x0065 0x0000 0x0000 0x05f2 0x0001
0x068f: 0x0008 0x8000 0x0698          JF reg::0 0x0698              r0=0x0000 r1=0x0001 r2=0x6584 r3=0x6b16 r4=0x0007 r5=0x0686 r6=0x6b14 r7=0x0000 st:0x0012|0x6b14 0x0007 0x0065 0x0000 0x0000 0x05f2
0x0698: 0x0012                        RET                           r0=0x0000 r1=0x0001 r2=0x6584 r3=0x6b16 r4=0x0007 r5=0x0686 r6=0x6b14 r7=0x0000 st:0x0012|0x6b14 0x0007 0x0065 0x0000 0x0000 0x05f2
0x05f2: 0x0009 0x8001 0x8001 0x0001   ADD reg::1 reg::1 0x0001      r0=0x0000 r1=0x0001 r2=0x6584 r3=0x6b16 r4=0x0007 r5=0x0686 r6=0x6b14 r7=0x0000 st:0x0011|0x0629 0x6b14 0x0007 0x0065 0x0000 0x0000
0x05f6: 0x0007 0x8001 0x05de          JT reg::1 0x05de              r0=0x0000 r1=0x0002 r2=0x6584 r3=0x6b16 r4=0x0007 r5=0x0686 r6=0x6b14 r7=0x0000 st:0x0011|0x0629 0x6b14 0x0007 0x0065 0x0000 0x0000
0x05de: 0x0009 0x8003 0x0001 0x8001   ADD reg::3 0x0001 reg::1      r0=0x0000 r1=0x0002 r2=0x6584 r3=0x6b16 r4=0x0007 r5=0x0686 r6=0x6b14 r7=0x0000 st:0x0011|0x0629 0x6b14 0x0007 0x0065 0x0000 0x0000
0x05e2: 0x0005 0x8000 0x8003 0x8004   GT reg::0 reg::3 reg::4       r0=0x0000 r1=0x0002 r2=0x6584 r3=0x0003 r4=0x0007 r5=0x0686 r6=0x6b14 r7=0x0000 st:0x0011|0x0629 0x6b14 0x0007 0x0065 0x0000 0x0000
0x05e6: 0x0007 0x8000 0x05f9          JT reg::0 0x05f9              r0=0x0000 r1=0x0002 r2=0x6584 r3=0x0003 r4=0x0007 r5=0x0686 r6=0x6b14 r7=0x0000 st:0x0011|0x0629 0x6b14 0x0007 0x0065 0x0000 0x0000
0x05e9: 0x0009 0x8003 0x8003 0x8006   ADD reg::3 reg::3 reg::6      r0=0x0000 r1=0x0002 r2=0x6584 r3=0x0003 r4=0x0007 r5=0x0686 r6=0x6b14 r7=0x0000 st:0x0011|0x0629 0x6b14 0x0007 0x0065 0x0000 0x0000
0x05ed: 0x000f 0x8000 0x8003          RMEM reg::0 reg::3            r0=0x0000 r1=0x0002 r2=0x6584 r3=0x6b17 r4=0x0007 r5=0x0686 r6=0x6b14 r7=0x0000 st:0x0011|0x0629 0x6b14 0x0007 0x0065 0x0000 0x0000
0x05f0: 0x0011 0x8005                 CALL reg::5                   r0=0x656d r1=0x0002 r2=0x6584 r3=0x6b17 r4=0x0007 r5=0x0686 r6=0x6b14 r7=0x0000 st:0x0011|0x0629 0x6b14 0x0007 0x0065 0x0000 0x0000
0x0686: 0x0002 0x8001                 PUSH reg::1                   r0=0x656d r1=0x0002 r2=0x6584 r3=0x6b17 r4=0x0007 r5=0x0686 r6=0x6b14 r7=0x0000 st:0x0012|0x6b14 0x0007 0x0065 0x0000 0x0000 0x05f2
0x0688: 0x0001 0x8001 0x8002          SET reg::1 reg::2             r0=0x656d r1=0x0002 r2=0x6584 r3=0x6b17 r4=0x0007 r5=0x0686 r6=0x6b14 r7=0x0000 st:0x0013|0x0007 0x0065 0x0000 0x0000 0x05f2 0x0002
0x068b: 0x0011 0x0699                 CALL 0x0699                   r0=0x656d r1=0x6584 r2=0x6584 r3=0x6b17 r4=0x0007 r5=0x0686 r6=0x6b14 r7=0x0000 st:0x0013|0x0007 0x0065 0x0000 0x0000 0x05f2 0x0002
0x0699: 0x0002 0x8001                 PUSH reg::1                   r0=0x656d r1=0x6584 r2=0x6584 r3=0x6b17 r4=0x0007 r5=0x0686 r6=0x6b14 r7=0x0000 st:0x0014|0x0065 0x0000 0x0000 0x05f2 0x0002 0x068d
0x069b: 0x0002 0x8002                 PUSH reg::2                   r0=0x656d r1=0x6584 r2=0x6584 r3=0x6b17 r4=0x0007 r5=0x0686 r6=0x6b14 r7=0x0000 st:0x0015|0x0000 0x0000 0x05f2 0x0002 0x068d 0x6584
0x069d: 0x0002 0x8003                 PUSH reg::3                   r0=0x656d r1=0x6584 r2=0x6584 r3=0x6b17 r4=0x0007 r5=0x0686 r6=0x6b14 r7=0x0000 st:0x0016|0x0000 0x05f2 0x0002 0x068d 0x6584 0x6584
0x069f: 0x0002 0x8004                 PUSH reg::4                   r0=0x656d r1=0x6584 r2=0x6584 r3=0x6b17 r4=0x0007 r5=0x0686 r6=0x6b14 r7=0x0000 st:0x0017|0x05f2 0x0002 0x068d 0x6584 0x6584 0x6b17
0x06a1: 0x000f 0x8003 0x8000          RMEM reg::3 reg::0            r0=0x656d r1=0x6584 r2=0x6584 r3=0x6b17 r4=0x0007 r5=0x0686 r6=0x6b14 r7=0x0000 st:0x0018|0x0002 0x068d 0x6584 0x6584 0x6b17 0x0007
0x06a4: 0x000f 0x8004 0x8001          RMEM reg::4 reg::1            r0=0x656d r1=0x6584 r2=0x6584 r3=0x0004 r4=0x0007 r5=0x0686 r6=0x6b14 r7=0x0000 st:0x0018|0x0002 0x068d 0x6584 0x6584 0x6b17 0x0007
0x06a7: 0x0004 0x8002 0x8003 0x8004   EQ reg::2 reg::3 reg::4       r0=0x656d r1=0x6584 r2=0x6584 r3=0x0004 r4=0x0003 r5=0x0686 r6=0x6b14 r7=0x0000 st:0x0018|0x0002 0x068d 0x6584 0x6584 0x6b17 0x0007
0x06ab: 0x0008 0x8002 0x06c5          JF reg::2 0x06c5              r0=0x656d r1=0x6584 r2=0x0000 r3=0x0004 r4=0x0003 r5=0x0686 r6=0x6b14 r7=0x0000 st:0x0018|0x0002 0x068d 0x6584 0x6584 0x6b17 0x0007
0x06c5: 0x0001 0x8000 0x0000          SET reg::0 0x0000             r0=0x656d r1=0x6584 r2=0x0000 r3=0x0004 r4=0x0003 r5=0x0686 r6=0x6b14 r7=0x0000 st:0x0018|0x0002 0x068d 0x6584 0x6584 0x6b17 0x0007
0x06c8: 0x0003 0x8004                 POP reg::4                    r0=0x0000 r1=0x6584 r2=0x0000 r3=0x0004 r4=0x0003 r5=0x0686 r6=0x6b14 r7=0x0000 st:0x0018|0x0002 0x068d 0x6584 0x6584 0x6b17 0x0007
0x06ca: 0x0003 0x8003                 POP reg::3                    r0=0x0000 r1=0x6584 r2=0x0000 r3=0x0004 r4=0x0007 r5=0x0686 r6=0x6b14 r7=0x0000 st:0x0017|0x05f2 0x0002 0x068d 0x6584 0x6584 0x6b17
0x06cc: 0x0003 0x8002                 POP reg::2                    r0=0x0000 r1=0x6584 r2=0x0000 r3=0x6b17 r4=0x0007 r5=0x0686 r6=0x6b14 r7=0x0000 st:0x0016|0x0000 0x05f2 0x0002 0x068d 0x6584 0x6584
0x06ce: 0x0003 0x8001                 POP reg::1                    r0=0x0000 r1=0x6584 r2=0x6584 r3=0x6b17 r4=0x0007 r5=0x0686 r6=0x6b14 r7=0x0000 st:0x0015|0x0000 0x0000 0x05f2 0x0002 0x068d 0x6584
0x06d0: 0x0012                        RET                           r0=0x0000 r1=0x6584 r2=0x6584 r3=0x6b17 r4=0x0007 r5=0x0686 r6=0x6b14 r7=0x0000 st:0x0014|0x0065 0x0000 0x0000 0x05f2 0x0002 0x068d
0x068d: 0x0003 0x8001                 POP reg::1                    r0=0x0000 r1=0x6584 r2=0x6584 r3=0x6b17 r4=0x0007 r5=0x0686 r6=0x6b14 r7=0x0000 st:0x0013|0x0007 0x0065 0x0000 0x0000 0x05f2 0x0002
0x068f: 0x0008 0x8000 0x0698          JF reg::0 0x0698              r0=0x0000 r1=0x0002 r2=0x6584 r3=0x6b17 r4=0x0007 r5=0x0686 r6=0x6b14 r7=0x0000 st:0x0012|0x6b14 0x0007 0x0065 0x0000 0x0000 0x05f2
0x0698: 0x0012                        RET                           r0=0x0000 r1=0x0002 r2=0x6584 r3=0x6b17 r4=0x0007 r5=0x0686 r6=0x6b14 r7=0x0000 st:0x0012|0x6b14 0x0007 0x0065 0x0000 0x0000 0x05f2
0x05f2: 0x0009 0x8001 0x8001 0x0001   ADD reg::1 reg::1 0x0001      r0=0x0000 r1=0x0002 r2=0x6584 r3=0x6b17 r4=0x0007 r5=0x0686 r6=0x6b14 r7=0x0000 st:0x0011|0x0629 0x6b14 0x0007 0x0065 0x0000 0x0000
0x05f6: 0x0007 0x8001 0x05de          JT reg::1 0x05de              r0=0x0000 r1=0x0003 r2=0x6584 r3=0x6b17 r4=0x0007 r5=0x0686 r6=0x6b14 r7=0x0000 st:0x0011|0x0629 0x6b14 0x0007 0x0065 0x0000 0x0000
0x05de: 0x0009 0x8003 0x0001 0x8001   ADD reg::3 0x0001 reg::1      r0=0x0000 r1=0x0003 r2=0x6584 r3=0x6b17 r4=0x0007 r5=0x0686 r6=0x6b14 r7=0x0000 st:0x0011|0x0629 0x6b14 0x0007 0x0065 0x0000 0x0000
0x05e2: 0x0005 0x8000 0x8003 0x8004   GT reg::0 reg::3 reg::4       r0=0x0000 r1=0x0003 r2=0x6584 r3=0x0004 r4=0x0007 r5=0x0686 r6=0x6b14 r7=0x0000 st:0x0011|0x0629 0x6b14 0x0007 0x0065 0x0000 0x0000
0x05e6: 0x0007 0x8000 0x05f9          JT reg::0 0x05f9              r0=0x0000 r1=0x0003 r2=0x6584 r3=0x0004 r4=0x0007 r5=0x0686 r6=0x6b14 r7=0x0000 st:0x0011|0x0629 0x6b14 0x0007 0x0065 0x0000 0x0000
0x05e9: 0x0009 0x8003 0x8003 0x8006   ADD reg::3 reg::3 reg::6      r0=0x0000 r1=0x0003 r2=0x6584 r3=0x0004 r4=0x0007 r5=0x0686 r6=0x6b14 r7=0x0000 st:0x0011|0x0629 0x6b14 0x0007 0x0065 0x0000 0x0000
0x05ed: 0x000f 0x8000 0x8003          RMEM reg::0 reg::3            r0=0x0000 r1=0x0003 r2=0x6584 r3=0x6b18 r4=0x0007 r5=0x0686 r6=0x6b14 r7=0x0000 st:0x0011|0x0629 0x6b14 0x0007 0x0065 0x0000 0x0000
0x05f0: 0x0011 0x8005                 CALL reg::5                   r0=0x6572 r1=0x0003 r2=0x6584 r3=0x6b18 r4=0x0007 r5=0x0686 r6=0x6b14 r7=0x0000 st:0x0011|0x0629 0x6b14 0x0007 0x0065 0x0000 0x0000
0x0686: 0x0002 0x8001                 PUSH reg::1                   r0=0x6572 r1=0x0003 r2=0x6584 r3=0x6b18 r4=0x0007 r5=0x0686 r6=0x6b14 r7=0x0000 st:0x0012|0x6b14 0x0007 0x0065 0x0000 0x0000 0x05f2
0x0688: 0x0001 0x8001 0x8002          SET reg::1 reg::2             r0=0x6572 r1=0x0003 r2=0x6584 r3=0x6b18 r4=0x0007 r5=0x0686 r6=0x6b14 r7=0x0000 st:0x0013|0x0007 0x0065 0x0000 0x0000 0x05f2 0x0003
0x068b: 0x0011 0x0699                 CALL 0x0699                   r0=0x6572 r1=0x6584 r2=0x6584 r3=0x6b18 r4=0x0007 r5=0x0686 r6=0x6b14 r7=0x0000 st:0x0013|0x0007 0x0065 0x0000 0x0000 0x05f2 0x0003
0x0699: 0x0002 0x8001                 PUSH reg::1                   r0=0x6572 r1=0x6584 r2=0x6584 r3=0x6b18 r4=0x0007 r5=0x0686 r6=0x6b14 r7=0x0000 st:0x0014|0x0065 0x0000 0x0000 0x05f2 0x0003 0x068d
0x069b: 0x0002 0x8002                 PUSH reg::2                   r0=0x6572 r1=0x6584 r2=0x6584 r3=0x6b18 r4=0x0007 r5=0x0686 r6=0x6b14 r7=0x0000 st:0x0015|0x0000 0x0000 0x05f2 0x0003 0x068d 0x6584
0x069d: 0x0002 0x8003                 PUSH reg::3                   r0=0x6572 r1=0x6584 r2=0x6584 r3=0x6b18 r4=0x0007 r5=0x0686 r6=0x6b14 r7=0x0000 st:0x0016|0x0000 0x05f2 0x0003 0x068d 0x6584 0x6584
0x069f: 0x0002 0x8004                 PUSH reg::4                   r0=0x6572 r1=0x6584 r2=0x6584 r3=0x6b18 r4=0x0007 r5=0x0686 r6=0x6b14 r7=0x0000 st:0x0017|0x05f2 0x0003 0x068d 0x6584 0x6584 0x6b18
0x06a1: 0x000f 0x8003 0x8000          RMEM reg::3 reg::0            r0=0x6572 r1=0x6584 r2=0x6584 r3=0x6b18 r4=0x0007 r5=0x0686 r6=0x6b14 r7=0x0000 st:0x0018|0x0003 0x068d 0x6584 0x6584 0x6b18 0x0007
0x06a4: 0x000f 0x8004 0x8001          RMEM reg::4 reg::1            r0=0x6572 r1=0x6584 r2=0x6584 r3=0x0003 r4=0x0007 r5=0x0686 r6=0x6b14 r7=0x0000 st:0x0018|0x0003 0x068d 0x6584 0x6584 0x6b18 0x0007
0x06a7: 0x0004 0x8002 0x8003 0x8004   EQ reg::2 reg::3 reg::4       r0=0x6572 r1=0x6584 r2=0x6584 r3=0x0003 r4=0x0003 r5=0x0686 r6=0x6b14 r7=0x0000 st:0x0018|0x0003 0x068d 0x6584 0x6584 0x6b18 0x0007
0x06ab: 0x0008 0x8002 0x06c5          JF reg::2 0x06c5              r0=0x6572 r1=0x6584 r2=0x0001 r3=0x0003 r4=0x0003 r5=0x0686 r6=0x6b14 r7=0x0000 st:0x0018|0x0003 0x068d 0x6584 0x6584 0x6b18 0x0007
0x06ae: 0x000d 0x8002 0x8003 0x8004   OR reg::2 reg::3 reg::4       r0=0x6572 r1=0x6584 r2=0x0001 r3=0x0003 r4=0x0003 r5=0x0686 r6=0x6b14 r7=0x0000 st:0x0018|0x0003 0x068d 0x6584 0x6584 0x6b18 0x0007
0x06b2: 0x0008 0x8002 0x06c0          JF reg::2 0x06c0              r0=0x6572 r1=0x6584 r2=0x0003 r3=0x0003 r4=0x0003 r5=0x0686 r6=0x6b14 r7=0x0000 st:0x0018|0x0003 0x068d 0x6584 0x6584 0x6b18 0x0007
0x06b5: 0x0001 0x8002 0x8001          SET reg::2 reg::1             r0=0x6572 r1=0x6584 r2=0x0003 r3=0x0003 r4=0x0003 r5=0x0686 r6=0x6b14 r7=0x0000 st:0x0018|0x0003 0x068d 0x6584 0x6584 0x6b18 0x0007
0x06b8: 0x0001 0x8001 0x0669          SET reg::1 0x0669             r0=0x6572 r1=0x6584 r2=0x6584 r3=0x0003 r4=0x0003 r5=0x0686 r6=0x6b14 r7=0x0000 st:0x0018|0x0003 0x068d 0x6584 0x6584 0x6b18 0x0007
0x06bb: 0x0011 0x05c8                 CALL 0x05c8                   r0=0x6572 r1=0x0669 r2=0x6584 r3=0x0003 r4=0x0003 r5=0x0686 r6=0x6b14 r7=0x0000 st:0x0018|0x0003 0x068d 0x6584 0x6584 0x6b18 0x0007
0x05c8: 0x0002 0x8000                 PUSH reg::0                   r0=0x6572 r1=0x0669 r2=0x6584 r3=0x0003 r4=0x0003 r5=0x0686 r6=0x6b14 r7=0x0000 st:0x0019|0x068d 0x6584 0x6584 0x6b18 0x0007 0x06bd
0x05ca: 0x0002 0x8003                 PUSH reg::3                   r0=0x6572 r1=0x0669 r2=0x6584 r3=0x0003 r4=0x0003 r5=0x0686 r6=0x6b14 r7=0x0000 st:0x001a|0x6584 0x6584 0x6b18 0x0007 0x06bd 0x6572
0x05cc: 0x0002 0x8004                 PUSH reg::4                   r0=0x6572 r1=0x0669 r2=0x6584 r3=0x0003 r4=0x0003 r5=0x0686 r6=0x6b14 r7=0x0000 st:0x001b|0x6584 0x6b18 0x0007 0x06bd 0x6572 0x0003
0x05ce: 0x0002 0x8005                 PUSH reg::5                   r0=0x6572 r1=0x0669 r2=0x6584 r3=0x0003 r4=0x0003 r5=0x0686 r6=0x6b14 r7=0x0000 st:0x001c|0x6b18 0x0007 0x06bd 0x6572 0x0003 0x0003
0x05d0: 0x0002 0x8006                 PUSH reg::6                   r0=0x6572 r1=0x0669 r2=0x6584 r3=0x0003 r4=0x0003 r5=0x0686 r6=0x6b14 r7=0x0000 st:0x001d|0x0007 0x06bd 0x6572 0x0003 0x0003 0x0686
0x05d2: 0x0001 0x8006 0x8000          SET reg::6 reg::0             r0=0x6572 r1=0x0669 r2=0x6584 r3=0x0003 r4=0x0003 r5=0x0686 r6=0x6b14 r7=0x0000 st:0x001e|0x06bd 0x6572 0x0003 0x0003 0x0686 0x6b14
0x05d5: 0x0001 0x8005 0x8001          SET reg::5 reg::1             r0=0x6572 r1=0x0669 r2=0x6584 r3=0x0003 r4=0x0003 r5=0x0686 r6=0x6572 r7=0x0000 st:0x001e|0x06bd 0x6572 0x0003 0x0003 0x0686 0x6b14
0x05d8: 0x000f 0x8004 0x8000          RMEM reg::4 reg::0            r0=0x6572 r1=0x0669 r2=0x6584 r3=0x0003 r4=0x0003 r5=0x0669 r6=0x6572 r7=0x0000 st:0x001e|0x06bd 0x6572 0x0003 0x0003 0x0686 0x6b14
0x05db: 0x0001 0x8001 0x0000          SET reg::1 0x0000             r0=0x6572 r1=0x0669 r2=0x6584 r3=0x0003 r4=0x0003 r5=0x0669 r6=0x6572 r7=0x0000 st:0x001e|0x06bd 0x6572 0x0003 0x0003 0x0686 0x6b14
0x05de: 0x0009 0x8003 0x0001 0x8001   ADD reg::3 0x0001 reg::1      r0=0x6572 r1=0x0000 r2=0x6584 r3=0x0003 r4=0x0003 r5=0x0669 r6=0x6572 r7=0x0000 st:0x001e|0x06bd 0x6572 0x0003 0x0003 0x0686 0x6b14
0x05e2: 0x0005 0x8000 0x8003 0x8004   GT reg::0 reg::3 reg::4       r0=0x6572 r1=0x0000 r2=0x6584 r3=0x0001 r4=0x0003 r5=0x0669 r6=0x6572 r7=0x0000 st:0x001e|0x06bd 0x6572 0x0003 0x0003 0x0686 0x6b14
0x05e6: 0x0007 0x8000 0x05f9          JT reg::0 0x05f9              r0=0x0000 r1=0x0000 r2=0x6584 r3=0x0001 r4=0x0003 r5=0x0669 r6=0x6572 r7=0x0000 st:0x001e|0x06bd 0x6572 0x0003 0x0003 0x0686 0x6b14
0x05e9: 0x0009 0x8003 0x8003 0x8006   ADD reg::3 reg::3 reg::6      r0=0x0000 r1=0x0000 r2=0x6584 r3=0x0001 r4=0x0003 r5=0x0669 r6=0x6572 r7=0x0000 st:0x001e|0x06bd 0x6572 0x0003 0x0003 0x0686 0x6b14
0x05ed: 0x000f 0x8000 0x8003          RMEM reg::0 reg::3            r0=0x0000 r1=0x0000 r2=0x6584 r3=0x6573 r4=0x0003 r5=0x0669 r6=0x6572 r7=0x0000 st:0x001e|0x06bd 0x6572 0x0003 0x0003 0x0686 0x6b14
0x05f0: 0x0011 0x8005                 CALL reg::5                   r0=0x0069 r1=0x0000 r2=0x6584 r3=0x6573 r4=0x0003 r5=0x0669 r6=0x6572 r7=0x0000 st:0x001e|0x06bd 0x6572 0x0003 0x0003 0x0686 0x6b14
0x0669: 0x0002 0x8003                 PUSH reg::3                   r0=0x0069 r1=0x0000 r2=0x6584 r3=0x6573 r4=0x0003 r5=0x0669 r6=0x6572 r7=0x0000 st:0x001f|0x6572 0x0003 0x0003 0x0686 0x6b14 0x05f2
0x066b: 0x0009 0x8003 0x8002 0x0001   ADD reg::3 reg::2 0x0001      r0=0x0069 r1=0x0000 r2=0x6584 r3=0x6573 r4=0x0003 r5=0x0669 r6=0x6572 r7=0x0000 st:0x0020|0x0003 0x0003 0x0686 0x6b14 0x05f2 0x6573
0x066f: 0x0009 0x8003 0x8003 0x8001   ADD reg::3 reg::3 reg::1      r0=0x0069 r1=0x0000 r2=0x6584 r3=0x6585 r4=0x0003 r5=0x0669 r6=0x6572 r7=0x0000 st:0x0020|0x0003 0x0003 0x0686 0x6b14 0x05f2 0x6573
0x0673: 0x000f 0x8003 0x8003          RMEM reg::3 reg::3            r0=0x0069 r1=0x0000 r2=0x6584 r3=0x6585 r4=0x0003 r5=0x0669 r6=0x6572 r7=0x0000 st:0x0020|0x0003 0x0003 0x0686 0x6b14 0x05f2 0x6573
0x0676: 0x0004 0x8003 0x8000 0x8003   EQ reg::3 reg::0 reg::3       r0=0x0069 r1=0x0000 r2=0x6584 r3=0x0075 r4=0x0003 r5=0x0669 r6=0x6572 r7=0x0000 st:0x0020|0x0003 0x0003 0x0686 0x6b14 0x05f2 0x6573
0x067a: 0x0007 0x8003 0x0683          JT reg::3 0x0683              r0=0x0069 r1=0x0000 r2=0x6584 r3=0x0000 r4=0x0003 r5=0x0669 r6=0x6572 r7=0x0000 st:0x0020|0x0003 0x0003 0x0686 0x6b14 0x05f2 0x6573
0x067d: 0x0001 0x8002 0x8001          SET reg::2 reg::1             r0=0x0069 r1=0x0000 r2=0x6584 r3=0x0000 r4=0x0003 r5=0x0669 r6=0x6572 r7=0x0000 st:0x0020|0x0003 0x0003 0x0686 0x6b14 0x05f2 0x6573
0x0680: 0x0001 0x8001 0x7fff          SET reg::1 0x7fff             r0=0x0069 r1=0x0000 r2=0x0000 r3=0x0000 r4=0x0003 r5=0x0669 r6=0x6572 r7=0x0000 st:0x0020|0x0003 0x0003 0x0686 0x6b14 0x05f2 0x6573
0x0683: 0x0003 0x8003                 POP reg::3                    r0=0x0069 r1=0x7fff r2=0x0000 r3=0x0000 r4=0x0003 r5=0x0669 r6=0x6572 r7=0x0000 st:0x0020|0x0003 0x0003 0x0686 0x6b14 0x05f2 0x6573
0x0685: 0x0012                        RET                           r0=0x0069 r1=0x7fff r2=0x0000 r3=0x6573 r4=0x0003 r5=0x0669 r6=0x6572 r7=0x0000 st:0x001f|0x6572 0x0003 0x0003 0x0686 0x6b14 0x05f2
0x05f2: 0x0009 0x8001 0x8001 0x0001   ADD reg::1 reg::1 0x0001      r0=0x0069 r1=0x7fff r2=0x0000 r3=0x6573 r4=0x0003 r5=0x0669 r6=0x6572 r7=0x0000 st:0x001e|0x06bd 0x6572 0x0003 0x0003 0x0686 0x6b14
0x05f6: 0x0007 0x8001 0x05de          JT reg::1 0x05de              r0=0x0069 r1=0x0000 r2=0x0000 r3=0x6573 r4=0x0003 r5=0x0669 r6=0x6572 r7=0x0000 st:0x001e|0x06bd 0x6572 0x0003 0x0003 0x0686 0x6b14
0x05f9: 0x0003 0x8006                 POP reg::6                    r0=0x0069 r1=0x0000 r2=0x0000 r3=0x6573 r4=0x0003 r5=0x0669 r6=0x6572 r7=0x0000 st:0x001e|0x06bd 0x6572 0x0003 0x0003 0x0686 0x6b14
0x05fb: 0x0003 0x8005                 POP reg::5                    r0=0x0069 r1=0x0000 r2=0x0000 r3=0x6573 r4=0x0003 r5=0x0669 r6=0x6b14 r7=0x0000 st:0x001d|0x0007 0x06bd 0x6572 0x0003 0x0003 0x0686
0x05fd: 0x0003 0x8004                 POP reg::4                    r0=0x0069 r1=0x0000 r2=0x0000 r3=0x6573 r4=0x0003 r5=0x0686 r6=0x6b14 r7=0x0000 st:0x001c|0x6b18 0x0007 0x06bd 0x6572 0x0003 0x0003
0x05ff: 0x0003 0x8003                 POP reg::3                    r0=0x0069 r1=0x0000 r2=0x0000 r3=0x6573 r4=0x0003 r5=0x0686 r6=0x6b14 r7=0x0000 st:0x001b|0x6584 0x6b18 0x0007 0x06bd 0x6572 0x0003
0x0601: 0x0003 0x8000                 POP reg::0                    r0=0x0069 r1=0x0000 r2=0x0000 r3=0x0003 r4=0x0003 r5=0x0686 r6=0x6b14 r7=0x0000 st:0x001a|0x6584 0x6584 0x6b18 0x0007 0x06bd 0x6572
0x0603: 0x0012                        RET                           r0=0x6572 r1=0x0000 r2=0x0000 r3=0x0003 r4=0x0003 r5=0x0686 r6=0x6b14 r7=0x0000 st:0x0019|0x068d 0x6584 0x6584 0x6b18 0x0007 0x06bd
0x06bd: 0x0008 0x8001 0x06c5          JF reg::1 0x06c5              r0=0x6572 r1=0x0000 r2=0x0000 r3=0x0003 r4=0x0003 r5=0x0686 r6=0x6b14 r7=0x0000 st:0x0018|0x0003 0x068d 0x6584 0x6584 0x6b18 0x0007
0x06c5: 0x0001 0x8000 0x0000          SET reg::0 0x0000             r0=0x6572 r1=0x0000 r2=0x0000 r3=0x0003 r4=0x0003 r5=0x0686 r6=0x6b14 r7=0x0000 st:0x0018|0x0003 0x068d 0x6584 0x6584 0x6b18 0x0007
0x06c8: 0x0003 0x8004                 POP reg::4                    r0=0x0000 r1=0x0000 r2=0x0000 r3=0x0003 r4=0x0003 r5=0x0686 r6=0x6b14 r7=0x0000 st:0x0018|0x0003 0x068d 0x6584 0x6584 0x6b18 0x0007
0x06ca: 0x0003 0x8003                 POP reg::3                    r0=0x0000 r1=0x0000 r2=0x0000 r3=0x0003 r4=0x0007 r5=0x0686 r6=0x6b14 r7=0x0000 st:0x0017|0x05f2 0x0003 0x068d 0x6584 0x6584 0x6b18
0x06cc: 0x0003 0x8002                 POP reg::2                    r0=0x0000 r1=0x0000 r2=0x0000 r3=0x6b18 r4=0x0007 r5=0x0686 r6=0x6b14 r7=0x0000 st:0x0016|0x0000 0x05f2 0x0003 0x068d 0x6584 0x6584
0x06ce: 0x0003 0x8001                 POP reg::1                    r0=0x0000 r1=0x0000 r2=0x6584 r3=0x6b18 r4=0x0007 r5=0x0686 r6=0x6b14 r7=0x0000 st:0x0015|0x0000 0x0000 0x05f2 0x0003 0x068d 0x6584
0x06d0: 0x0012                        RET                           r0=0x0000 r1=0x6584 r2=0x6584 r3=0x6b18 r4=0x0007 r5=0x0686 r6=0x6b14 r7=0x0000 st:0x0014|0x0065 0x0000 0x0000 0x05f2 0x0003 0x068d
0x068d: 0x0003 0x8001                 POP reg::1                    r0=0x0000 r1=0x6584 r2=0x6584 r3=0x6b18 r4=0x0007 r5=0x0686 r6=0x6b14 r7=0x0000 st:0x0013|0x0007 0x0065 0x0000 0x0000 0x05f2 0x0003
0x068f: 0x0008 0x8000 0x0698          JF reg::0 0x0698              r0=0x0000 r1=0x0003 r2=0x6584 r3=0x6b18 r4=0x0007 r5=0x0686 r6=0x6b14 r7=0x0000 st:0x0012|0x6b14 0x0007 0x0065 0x0000 0x0000 0x05f2
0x0698: 0x0012                        RET                           r0=0x0000 r1=0x0003 r2=0x6584 r3=0x6b18 r4=0x0007 r5=0x0686 r6=0x6b14 r7=0x0000 st:0x0012|0x6b14 0x0007 0x0065 0x0000 0x0000 0x05f2
0x05f2: 0x0009 0x8001 0x8001 0x0001   ADD reg::1 reg::1 0x0001      r0=0x0000 r1=0x0003 r2=0x6584 r3=0x6b18 r4=0x0007 r5=0x0686 r6=0x6b14 r7=0x0000 st:0x0011|0x0629 0x6b14 0x0007 0x0065 0x0000 0x0000
0x05f6: 0x0007 0x8001 0x05de          JT reg::1 0x05de              r0=0x0000 r1=0x0004 r2=0x6584 r3=0x6b18 r4=0x0007 r5=0x0686 r6=0x6b14 r7=0x0000 st:0x0011|0x0629 0x6b14 0x0007 0x0065 0x0000 0x0000
0x05de: 0x0009 0x8003 0x0001 0x8001   ADD reg::3 0x0001 reg::1      r0=0x0000 r1=0x0004 r2=0x6584 r3=0x6b18 r4=0x0007 r5=0x0686 r6=0x6b14 r7=0x0000 st:0x0011|0x0629 0x6b14 0x0007 0x0065 0x0000 0x0000
0x05e2: 0x0005 0x8000 0x8003 0x8004   GT reg::0 reg::3 reg::4       r0=0x0000 r1=0x0004 r2=0x6584 r3=0x0005 r4=0x0007 r5=0x0686 r6=0x6b14 r7=0x0000 st:0x0011|0x0629 0x6b14 0x0007 0x0065 0x0000 0x0000
0x05e6: 0x0007 0x8000 0x05f9          JT reg::0 0x05f9              r0=0x0000 r1=0x0004 r2=0x6584 r3=0x0005 r4=0x0007 r5=0x0686 r6=0x6b14 r7=0x0000 st:0x0011|0x0629 0x6b14 0x0007 0x0065 0x0000 0x0000
0x05e9: 0x0009 0x8003 0x8003 0x8006   ADD reg::3 reg::3 reg::6      r0=0x0000 r1=0x0004 r2=0x6584 r3=0x0005 r4=0x0007 r5=0x0686 r6=0x6b14 r7=0x0000 st:0x0011|0x0629 0x6b14 0x0007 0x0065 0x0000 0x0000
0x05ed: 0x000f 0x8000 0x8003          RMEM reg::0 reg::3            r0=0x0000 r1=0x0004 r2=0x6584 r3=0x6b19 r4=0x0007 r5=0x0686 r6=0x6b14 r7=0x0000 st:0x0011|0x0629 0x6b14 0x0007 0x0065 0x0000 0x0000
0x05f0: 0x0011 0x8005                 CALL reg::5                   r0=0x6576 r1=0x0004 r2=0x6584 r3=0x6b19 r4=0x0007 r5=0x0686 r6=0x6b14 r7=0x0000 st:0x0011|0x0629 0x6b14 0x0007 0x0065 0x0000 0x0000
0x0686: 0x0002 0x8001                 PUSH reg::1                   r0=0x6576 r1=0x0004 r2=0x6584 r3=0x6b19 r4=0x0007 r5=0x0686 r6=0x6b14 r7=0x0000 st:0x0012|0x6b14 0x0007 0x0065 0x0000 0x0000 0x05f2
0x0688: 0x0001 0x8001 0x8002          SET reg::1 reg::2             r0=0x6576 r1=0x0004 r2=0x6584 r3=0x6b19 r4=0x0007 r5=0x0686 r6=0x6b14 r7=0x0000 st:0x0013|0x0007 0x0065 0x0000 0x0000 0x05f2 0x0004
0x068b: 0x0011 0x0699                 CALL 0x0699                   r0=0x6576 r1=0x6584 r2=0x6584 r3=0x6b19 r4=0x0007 r5=0x0686 r6=0x6b14 r7=0x0000 st:0x0013|0x0007 0x0065 0x0000 0x0000 0x05f2 0x0004
0x0699: 0x0002 0x8001                 PUSH reg::1                   r0=0x6576 r1=0x6584 r2=0x6584 r3=0x6b19 r4=0x0007 r5=0x0686 r6=0x6b14 r7=0x0000 st:0x0014|0x0065 0x0000 0x0000 0x05f2 0x0004 0x068d
0x069b: 0x0002 0x8002                 PUSH reg::2                   r0=0x6576 r1=0x6584 r2=0x6584 r3=0x6b19 r4=0x0007 r5=0x0686 r6=0x6b14 r7=0x0000 st:0x0015|0x0000 0x0000 0x05f2 0x0004 0x068d 0x6584
0x069d: 0x0002 0x8003                 PUSH reg::3                   r0=0x6576 r1=0x6584 r2=0x6584 r3=0x6b19 r4=0x0007 r5=0x0686 r6=0x6b14 r7=0x0000 st:0x0016|0x0000 0x05f2 0x0004 0x068d 0x6584 0x6584
0x069f: 0x0002 0x8004                 PUSH reg::4                   r0=0x6576 r1=0x6584 r2=0x6584 r3=0x6b19 r4=0x0007 r5=0x0686 r6=0x6b14 r7=0x0000 st:0x0017|0x05f2 0x0004 0x068d 0x6584 0x6584 0x6b19
0x06a1: 0x000f 0x8003 0x8000          RMEM reg::3 reg::0            r0=0x6576 r1=0x6584 r2=0x6584 r3=0x6b19 r4=0x0007 r5=0x0686 r6=0x6b14 r7=0x0000 st:0x0018|0x0004 0x068d 0x6584 0x6584 0x6b19 0x0007
0x06a4: 0x000f 0x8004 0x8001          RMEM reg::4 reg::1            r0=0x6576 r1=0x6584 r2=0x6584 r3=0x0004 r4=0x0007 r5=0x0686 r6=0x6b14 r7=0x0000 st:0x0018|0x0004 0x068d 0x6584 0x6584 0x6b19 0x0007
0x06a7: 0x0004 0x8002 0x8003 0x8004   EQ reg::2 reg::3 reg::4       r0=0x6576 r1=0x6584 r2=0x6584 r3=0x0004 r4=0x0003 r5=0x0686 r6=0x6b14 r7=0x0000 st:0x0018|0x0004 0x068d 0x6584 0x6584 0x6b19 0x0007
0x06ab: 0x0008 0x8002 0x06c5          JF reg::2 0x06c5              r0=0x6576 r1=0x6584 r2=0x0000 r3=0x0004 r4=0x0003 r5=0x0686 r6=0x6b14 r7=0x0000 st:0x0018|0x0004 0x068d 0x6584 0x6584 0x6b19 0x0007
0x06c5: 0x0001 0x8000 0x0000          SET reg::0 0x0000             r0=0x6576 r1=0x6584 r2=0x0000 r3=0x0004 r4=0x0003 r5=0x0686 r6=0x6b14 r7=0x0000 st:0x0018|0x0004 0x068d 0x6584 0x6584 0x6b19 0x0007
0x06c8: 0x0003 0x8004                 POP reg::4                    r0=0x0000 r1=0x6584 r2=0x0000 r3=0x0004 r4=0x0003 r5=0x0686 r6=0x6b14 r7=0x0000 st:0x0018|0x0004 0x068d 0x6584 0x6584 0x6b19 0x0007
0x06ca: 0x0003 0x8003                 POP reg::3                    r0=0x0000 r1=0x6584 r2=0x0000 r3=0x0004 r4=0x0007 r5=0x0686 r6=0x6b14 r7=0x0000 st:0x0017|0x05f2 0x0004 0x068d 0x6584 0x6584 0x6b19
0x06cc: 0x0003 0x8002                 POP reg::2                    r0=0x0000 r1=0x6584 r2=0x0000 r3=0x6b19 r4=0x0007 r5=0x0686 r6=0x6b14 r7=0x0000 st:0x0016|0x0000 0x05f2 0x0004 0x068d 0x6584 0x6584
0x06ce: 0x0003 0x8001                 POP reg::1                    r0=0x0000 r1=0x6584 r2=0x6584 r3=0x6b19 r4=0x0007 r5=0x0686 r6=0x6b14 r7=0x0000 st:0x0015|0x0000 0x0000 0x05f2 0x0004 0x068d 0x6584
0x06d0: 0x0012                        RET                           r0=0x0000 r1=0x6584 r2=0x6584 r3=0x6b19 r4=0x0007 r5=0x0686 r6=0x6b14 r7=0x0000 st:0x0014|0x0065 0x0000 0x0000 0x05f2 0x0004 0x068d
0x068d: 0x0003 0x8001                 POP reg::1                    r0=0x0000 r1=0x6584 r2=0x6584 r3=0x6b19 r4=0x0007 r5=0x0686 r6=0x6b14 r7=0x0000 st:0x0013|0x0007 0x0065 0x0000 0x0000 0x05f2 0x0004
0x068f: 0x0008 0x8000 0x0698          JF reg::0 0x0698              r0=0x0000 r1=0x0004 r2=0x6584 r3=0x6b19 r4=0x0007 r5=0x0686 r6=0x6b14 r7=0x0000 st:0x0012|0x6b14 0x0007 0x0065 0x0000 0x0000 0x05f2
0x0698: 0x0012                        RET                           r0=0x0000 r1=0x0004 r2=0x6584 r3=0x6b19 r4=0x0007 r5=0x0686 r6=0x6b14 r7=0x0000 st:0x0012|0x6b14 0x0007 0x0065 0x0000 0x0000 0x05f2
0x05f2: 0x0009 0x8001 0x8001 0x0001   ADD reg::1 reg::1 0x0001      r0=0x0000 r1=0x0004 r2=0x6584 r3=0x6b19 r4=0x0007 r5=0x0686 r6=0x6b14 r7=0x0000 st:0x0011|0x0629 0x6b14 0x0007 0x0065 0x0000 0x0000
0x05f6: 0x0007 0x8001 0x05de          JT reg::1 0x05de              r0=0x0000 r1=0x0005 r2=0x6584 r3=0x6b19 r4=0x0007 r5=0x0686 r6=0x6b14 r7=0x0000 st:0x0011|0x0629 0x6b14 0x0007 0x0065 0x0000 0x0000
0x05de: 0x0009 0x8003 0x0001 0x8001   ADD reg::3 0x0001 reg::1      r0=0x0000 r1=0x0005 r2=0x6584 r3=0x6b19 r4=0x0007 r5=0x0686 r6=0x6b14 r7=0x0000 st:0x0011|0x0629 0x6b14 0x0007 0x0065 0x0000 0x0000
0x05e2: 0x0005 0x8000 0x8003 0x8004   GT reg::0 reg::3 reg::4       r0=0x0000 r1=0x0005 r2=0x6584 r3=0x0006 r4=0x0007 r5=0x0686 r6=0x6b14 r7=0x0000 st:0x0011|0x0629 0x6b14 0x0007 0x0065 0x0000 0x0000
0x05e6: 0x0007 0x8000 0x05f9          JT reg::0 0x05f9              r0=0x0000 r1=0x0005 r2=0x6584 r3=0x0006 r4=0x0007 r5=0x0686 r6=0x6b14 r7=0x0000 st:0x0011|0x0629 0x6b14 0x0007 0x0065 0x0000 0x0000
0x05e9: 0x0009 0x8003 0x8003 0x8006   ADD reg::3 reg::3 reg::6      r0=0x0000 r1=0x0005 r2=0x6584 r3=0x0006 r4=0x0007 r5=0x0686 r6=0x6b14 r7=0x0000 st:0x0011|0x0629 0x6b14 0x0007 0x0065 0x0000 0x0000
0x05ed: 0x000f 0x8000 0x8003          RMEM reg::0 reg::3            r0=0x0000 r1=0x0005 r2=0x6584 r3=0x6b1a r4=0x0007 r5=0x0686 r6=0x6b14 r7=0x0000 st:0x0011|0x0629 0x6b14 0x0007 0x0065 0x0000 0x0000
0x05f0: 0x0011 0x8005                 CALL reg::5                   r0=0x657b r1=0x0005 r2=0x6584 r3=0x6b1a r4=0x0007 r5=0x0686 r6=0x6b14 r7=0x0000 st:0x0011|0x0629 0x6b14 0x0007 0x0065 0x0000 0x0000
0x0686: 0x0002 0x8001                 PUSH reg::1                   r0=0x657b r1=0x0005 r2=0x6584 r3=0x6b1a r4=0x0007 r5=0x0686 r6=0x6b14 r7=0x0000 st:0x0012|0x6b14 0x0007 0x0065 0x0000 0x0000 0x05f2
0x0688: 0x0001 0x8001 0x8002          SET reg::1 reg::2             r0=0x657b r1=0x0005 r2=0x6584 r3=0x6b1a r4=0x0007 r5=0x0686 r6=0x6b14 r7=0x0000 st:0x0013|0x0007 0x0065 0x0000 0x0000 0x05f2 0x0005
0x068b: 0x0011 0x0699                 CALL 0x0699                   r0=0x657b r1=0x6584 r2=0x6584 r3=0x6b1a r4=0x0007 r5=0x0686 r6=0x6b14 r7=0x0000 st:0x0013|0x0007 0x0065 0x0000 0x0000 0x05f2 0x0005
0x0699: 0x0002 0x8001                 PUSH reg::1                   r0=0x657b r1=0x6584 r2=0x6584 r3=0x6b1a r4=0x0007 r5=0x0686 r6=0x6b14 r7=0x0000 st:0x0014|0x0065 0x0000 0x0000 0x05f2 0x0005 0x068d
0x069b: 0x0002 0x8002                 PUSH reg::2                   r0=0x657b r1=0x6584 r2=0x6584 r3=0x6b1a r4=0x0007 r5=0x0686 r6=0x6b14 r7=0x0000 st:0x0015|0x0000 0x0000 0x05f2 0x0005 0x068d 0x6584
0x069d: 0x0002 0x8003                 PUSH reg::3                   r0=0x657b r1=0x6584 r2=0x6584 r3=0x6b1a r4=0x0007 r5=0x0686 r6=0x6b14 r7=0x0000 st:0x0016|0x0000 0x05f2 0x0005 0x068d 0x6584 0x6584
0x069f: 0x0002 0x8004                 PUSH reg::4                   r0=0x657b r1=0x6584 r2=0x6584 r3=0x6b1a r4=0x0007 r5=0x0686 r6=0x6b14 r7=0x0000 st:0x0017|0x05f2 0x0005 0x068d 0x6584 0x6584 0x6b1a
0x06a1: 0x000f 0x8003 0x8000          RMEM reg::3 reg::0            r0=0x657b r1=0x6584 r2=0x6584 r3=0x6b1a r4=0x0007 r5=0x0686 r6=0x6b14 r7=0x0000 st:0x0018|0x0005 0x068d 0x6584 0x6584 0x6b1a 0x0007
0x06a4: 0x000f 0x8004 0x8001          RMEM reg::4 reg::1            r0=0x657b r1=0x6584 r2=0x6584 r3=0x0004 r4=0x0007 r5=0x0686 r6=0x6b14 r7=0x0000 st:0x0018|0x0005 0x068d 0x6584 0x6584 0x6b1a 0x0007
0x06a7: 0x0004 0x8002 0x8003 0x8004   EQ reg::2 reg::3 reg::4       r0=0x657b r1=0x6584 r2=0x6584 r3=0x0004 r4=0x0003 r5=0x0686 r6=0x6b14 r7=0x0000 st:0x0018|0x0005 0x068d 0x6584 0x6584 0x6b1a 0x0007
0x06ab: 0x0008 0x8002 0x06c5          JF reg::2 0x06c5              r0=0x657b r1=0x6584 r2=0x0000 r3=0x0004 r4=0x0003 r5=0x0686 r6=0x6b14 r7=0x0000 st:0x0018|0x0005 0x068d 0x6584 0x6584 0x6b1a 0x0007
0x06c5: 0x0001 0x8000 0x0000          SET reg::0 0x0000             r0=0x657b r1=0x6584 r2=0x0000 r3=0x0004 r4=0x0003 r5=0x0686 r6=0x6b14 r7=0x0000 st:0x0018|0x0005 0x068d 0x6584 0x6584 0x6b1a 0x0007
0x06c8: 0x0003 0x8004                 POP reg::4                    r0=0x0000 r1=0x6584 r2=0x0000 r3=0x0004 r4=0x0003 r5=0x0686 r6=0x6b14 r7=0x0000 st:0x0018|0x0005 0x068d 0x6584 0x6584 0x6b1a 0x0007
0x06ca: 0x0003 0x8003                 POP reg::3                    r0=0x0000 r1=0x6584 r2=0x0000 r3=0x0004 r4=0x0007 r5=0x0686 r6=0x6b14 r7=0x0000 st:0x0017|0x05f2 0x0005 0x068d 0x6584 0x6584 0x6b1a
0x06cc: 0x0003 0x8002                 POP reg::2                    r0=0x0000 r1=0x6584 r2=0x0000 r3=0x6b1a r4=0x0007 r5=0x0686 r6=0x6b14 r7=0x0000 st:0x0016|0x0000 0x05f2 0x0005 0x068d 0x6584 0x6584
0x06ce: 0x0003 0x8001                 POP reg::1                    r0=0x0000 r1=0x6584 r2=0x6584 r3=0x6b1a r4=0x0007 r5=0x0686 r6=0x6b14 r7=0x0000 st:0x0015|0x0000 0x0000 0x05f2 0x0005 0x068d 0x6584
0x06d0: 0x0012                        RET                           r0=0x0000 r1=0x6584 r2=0x6584 r3=0x6b1a r4=0x0007 r5=0x0686 r6=0x6b14 r7=0x0000 st:0x0014|0x0065 0x0000 0x0000 0x05f2 0x0005 0x068d
0x068d: 0x0003 0x8001                 POP reg::1                    r0=0x0000 r1=0x6584 r2=0x6584 r3=0x6b1a r4=0x0007 r5=0x0686 r6=0x6b14 r7=0x0000 st:0x0013|0x0007 0x0065 0x0000 0x0000 0x05f2 0x0005
0x068f: 0x0008 0x8000 0x0698          JF reg::0 0x0698              r0=0x0000 r1=0x0005 r2=0x6584 r3=0x6b1a r4=0x0007 r5=0x0686 r6=0x6b14 r7=0x0000 st:0x0012|0x6b14 0x0007 0x0065 0x0000 0x0000 0x05f2
0x0698: 0x0012                        RET                           r0=0x0000 r1=0x0005 r2=0x6584 r3=0x6b1a r4=0x0007 r5=0x0686 r6=0x6b14 r7=0x0000 st:0x0012|0x6b14 0x0007 0x0065 0x0000 0x0000 0x05f2
0x05f2: 0x0009 0x8001 0x8001 0x0001   ADD reg::1 reg::1 0x0001      r0=0x0000 r1=0x0005 r2=0x6584 r3=0x6b1a r4=0x0007 r5=0x0686 r6=0x6b14 r7=0x0000 st:0x0011|0x0629 0x6b14 0x0007 0x0065 0x0000 0x0000
0x05f6: 0x0007 0x8001 0x05de          JT reg::1 0x05de              r0=0x0000 r1=0x0006 r2=0x6584 r3=0x6b1a r4=0x0007 r5=0x0686 r6=0x6b14 r7=0x0000 st:0x0011|0x0629 0x6b14 0x0007 0x0065 0x0000 0x0000
0x05de: 0x0009 0x8003 0x0001 0x8001   ADD reg::3 0x0001 reg::1      r0=0x0000 r1=0x0006 r2=0x6584 r3=0x6b1a r4=0x0007 r5=0x0686 r6=0x6b14 r7=0x0000 st:0x0011|0x0629 0x6b14 0x0007 0x0065 0x0000 0x0000
0x05e2: 0x0005 0x8000 0x8003 0x8004   GT reg::0 reg::3 reg::4       r0=0x0000 r1=0x0006 r2=0x6584 r3=0x0007 r4=0x0007 r5=0x0686 r6=0x6b14 r7=0x0000 st:0x0011|0x0629 0x6b14 0x0007 0x0065 0x0000 0x0000
0x05e6: 0x0007 0x8000 0x05f9          JT reg::0 0x05f9              r0=0x0000 r1=0x0006 r2=0x6584 r3=0x0007 r4=0x0007 r5=0x0686 r6=0x6b14 r7=0x0000 st:0x0011|0x0629 0x6b14 0x0007 0x0065 0x0000 0x0000
0x05e9: 0x0009 0x8003 0x8003 0x8006   ADD reg::3 reg::3 reg::6      r0=0x0000 r1=0x0006 r2=0x6584 r3=0x0007 r4=0x0007 r5=0x0686 r6=0x6b14 r7=0x0000 st:0x0011|0x0629 0x6b14 0x0007 0x0065 0x0000 0x0000
0x05ed: 0x000f 0x8000 0x8003          RMEM reg::0 reg::3            r0=0x0000 r1=0x0006 r2=0x6584 r3=0x6b1b r4=0x0007 r5=0x0686 r6=0x6b14 r7=0x0000 st:0x0011|0x0629 0x6b14 0x0007 0x0065 0x0000 0x0000
0x05f0: 0x0011 0x8005                 CALL reg::5                   r0=0x6580 r1=0x0006 r2=0x6584 r3=0x6b1b r4=0x0007 r5=0x0686 r6=0x6b14 r7=0x0000 st:0x0011|0x0629 0x6b14 0x0007 0x0065 0x0000 0x0000
0x0686: 0x0002 0x8001                 PUSH reg::1                   r0=0x6580 r1=0x0006 r2=0x6584 r3=0x6b1b r4=0x0007 r5=0x0686 r6=0x6b14 r7=0x0000 st:0x0012|0x6b14 0x0007 0x0065 0x0000 0x0000 0x05f2
0x0688: 0x0001 0x8001 0x8002          SET reg::1 reg::2             r0=0x6580 r1=0x0006 r2=0x6584 r3=0x6b1b r4=0x0007 r5=0x0686 r6=0x6b14 r7=0x0000 st:0x0013|0x0007 0x0065 0x0000 0x0000 0x05f2 0x0006
0x068b: 0x0011 0x0699                 CALL 0x0699                   r0=0x6580 r1=0x6584 r2=0x6584 r3=0x6b1b r4=0x0007 r5=0x0686 r6=0x6b14 r7=0x0000 st:0x0013|0x0007 0x0065 0x0000 0x0000 0x05f2 0x0006
0x0699: 0x0002 0x8001                 PUSH reg::1                   r0=0x6580 r1=0x6584 r2=0x6584 r3=0x6b1b r4=0x0007 r5=0x0686 r6=0x6b14 r7=0x0000 st:0x0014|0x0065 0x0000 0x0000 0x05f2 0x0006 0x068d
0x069b: 0x0002 0x8002                 PUSH reg::2                   r0=0x6580 r1=0x6584 r2=0x6584 r3=0x6b1b r4=0x0007 r5=0x0686 r6=0x6b14 r7=0x0000 st:0x0015|0x0000 0x0000 0x05f2 0x0006 0x068d 0x6584
0x069d: 0x0002 0x8003                 PUSH reg::3                   r0=0x6580 r1=0x6584 r2=0x6584 r3=0x6b1b r4=0x0007 r5=0x0686 r6=0x6b14 r7=0x0000 st:0x0016|0x0000 0x05f2 0x0006 0x068d 0x6584 0x6584
0x069f: 0x0002 0x8004                 PUSH reg::4                   r0=0x6580 r1=0x6584 r2=0x6584 r3=0x6b1b r4=0x0007 r5=0x0686 r6=0x6b14 r7=0x0000 st:0x0017|0x05f2 0x0006 0x068d 0x6584 0x6584 0x6b1b
0x06a1: 0x000f 0x8003 0x8000          RMEM reg::3 reg::0            r0=0x6580 r1=0x6584 r2=0x6584 r3=0x6b1b r4=0x0007 r5=0x0686 r6=0x6b14 r7=0x0000 st:0x0018|0x0006 0x068d 0x6584 0x6584 0x6b1b 0x0007
0x06a4: 0x000f 0x8004 0x8001          RMEM reg::4 reg::1            r0=0x6580 r1=0x6584 r2=0x6584 r3=0x0003 r4=0x0007 r5=0x0686 r6=0x6b14 r7=0x0000 st:0x0018|0x0006 0x068d 0x6584 0x6584 0x6b1b 0x0007
0x06a7: 0x0004 0x8002 0x8003 0x8004   EQ reg::2 reg::3 reg::4       r0=0x6580 r1=0x6584 r2=0x6584 r3=0x0003 r4=0x0003 r5=0x0686 r6=0x6b14 r7=0x0000 st:0x0018|0x0006 0x068d 0x6584 0x6584 0x6b1b 0x0007
0x06ab: 0x0008 0x8002 0x06c5          JF reg::2 0x06c5              r0=0x6580 r1=0x6584 r2=0x0001 r3=0x0003 r4=0x0003 r5=0x0686 r6=0x6b14 r7=0x0000 st:0x0018|0x0006 0x068d 0x6584 0x6584 0x6b1b 0x0007
0x06ae: 0x000d 0x8002 0x8003 0x8004   OR reg::2 reg::3 reg::4       r0=0x6580 r1=0x6584 r2=0x0001 r3=0x0003 r4=0x0003 r5=0x0686 r6=0x6b14 r7=0x0000 st:0x0018|0x0006 0x068d 0x6584 0x6584 0x6b1b 0x0007
0x06b2: 0x0008 0x8002 0x06c0          JF reg::2 0x06c0              r0=0x6580 r1=0x6584 r2=0x0003 r3=0x0003 r4=0x0003 r5=0x0686 r6=0x6b14 r7=0x0000 st:0x0018|0x0006 0x068d 0x6584 0x6584 0x6b1b 0x0007
0x06b5: 0x0001 0x8002 0x8001          SET reg::2 reg::1             r0=0x6580 r1=0x6584 r2=0x0003 r3=0x0003 r4=0x0003 r5=0x0686 r6=0x6b14 r7=0x0000 st:0x0018|0x0006 0x068d 0x6584 0x6584 0x6b1b 0x0007
0x06b8: 0x0001 0x8001 0x0669          SET reg::1 0x0669             r0=0x6580 r1=0x6584 r2=0x6584 r3=0x0003 r4=0x0003 r5=0x0686 r6=0x6b14 r7=0x0000 st:0x0018|0x0006 0x068d 0x6584 0x6584 0x6b1b 0x0007
0x06bb: 0x0011 0x05c8                 CALL 0x05c8                   r0=0x6580 r1=0x0669 r2=0x6584 r3=0x0003 r4=0x0003 r5=0x0686 r6=0x6b14 r7=0x0000 st:0x0018|0x0006 0x068d 0x6584 0x6584 0x6b1b 0x0007
0x05c8: 0x0002 0x8000                 PUSH reg::0                   r0=0x6580 r1=0x0669 r2=0x6584 r3=0x0003 r4=0x0003 r5=0x0686 r6=0x6b14 r7=0x0000 st:0x0019|0x068d 0x6584 0x6584 0x6b1b 0x0007 0x06bd
0x05ca: 0x0002 0x8003                 PUSH reg::3                   r0=0x6580 r1=0x0669 r2=0x6584 r3=0x0003 r4=0x0003 r5=0x0686 r6=0x6b14 r7=0x0000 st:0x001a|0x6584 0x6584 0x6b1b 0x0007 0x06bd 0x6580
0x05cc: 0x0002 0x8004                 PUSH reg::4                   r0=0x6580 r1=0x0669 r2=0x6584 r3=0x0003 r4=0x0003 r5=0x0686 r6=0x6b14 r7=0x0000 st:0x001b|0x6584 0x6b1b 0x0007 0x06bd 0x6580 0x0003
0x05ce: 0x0002 0x8005                 PUSH reg::5                   r0=0x6580 r1=0x0669 r2=0x6584 r3=0x0003 r4=0x0003 r5=0x0686 r6=0x6b14 r7=0x0000 st:0x001c|0x6b1b 0x0007 0x06bd 0x6580 0x0003 0x0003
0x05d0: 0x0002 0x8006                 PUSH reg::6                   r0=0x6580 r1=0x0669 r2=0x6584 r3=0x0003 r4=0x0003 r5=0x0686 r6=0x6b14 r7=0x0000 st:0x001d|0x0007 0x06bd 0x6580 0x0003 0x0003 0x0686
0x05d2: 0x0001 0x8006 0x8000          SET reg::6 reg::0             r0=0x6580 r1=0x0669 r2=0x6584 r3=0x0003 r4=0x0003 r5=0x0686 r6=0x6b14 r7=0x0000 st:0x001e|0x06bd 0x6580 0x0003 0x0003 0x0686 0x6b14
0x05d5: 0x0001 0x8005 0x8001          SET reg::5 reg::1             r0=0x6580 r1=0x0669 r2=0x6584 r3=0x0003 r4=0x0003 r5=0x0686 r6=0x6580 r7=0x0000 st:0x001e|0x06bd 0x6580 0x0003 0x0003 0x0686 0x6b14
0x05d8: 0x000f 0x8004 0x8000          RMEM reg::4 reg::0            r0=0x6580 r1=0x0669 r2=0x6584 r3=0x0003 r4=0x0003 r5=0x0669 r6=0x6580 r7=0x0000 st:0x001e|0x06bd 0x6580 0x0003 0x0003 0x0686 0x6b14
0x05db: 0x0001 0x8001 0x0000          SET reg::1 0x0000             r0=0x6580 r1=0x0669 r2=0x6584 r3=0x0003 r4=0x0003 r5=0x0669 r6=0x6580 r7=0x0000 st:0x001e|0x06bd 0x6580 0x0003 0x0003 0x0686 0x6b14
0x05de: 0x0009 0x8003 0x0001 0x8001   ADD reg::3 0x0001 reg::1      r0=0x6580 r1=0x0000 r2=0x6584 r3=0x0003 r4=0x0003 r5=0x0669 r6=0x6580 r7=0x0000 st:0x001e|0x06bd 0x6580 0x0003 0x0003 0x0686 0x6b14
0x05e2: 0x0005 0x8000 0x8003 0x8004   GT reg::0 reg::3 reg::4       r0=0x6580 r1=0x0000 r2=0x6584 r3=0x0001 r4=0x0003 r5=0x0669 r6=0x6580 r7=0x0000 st:0x001e|0x06bd 0x6580 0x0003 0x0003 0x0686 0x6b14
0x05e6: 0x0007 0x8000 0x05f9          JT reg::0 0x05f9              r0=0x0000 r1=0x0000 r2=0x6584 r3=0x0001 r4=0x0003 r5=0x0669 r6=0x6580 r7=0x0000 st:0x001e|0x06bd 0x6580 0x0003 0x0003 0x0686 0x6b14
0x05e9: 0x0009 0x8003 0x8003 0x8006   ADD reg::3 reg::3 reg::6      r0=0x0000 r1=0x0000 r2=0x6584 r3=0x0001 r4=0x0003 r5=0x0669 r6=0x6580 r7=0x0000 st:0x001e|0x06bd 0x6580 0x0003 0x0003 0x0686 0x6b14
0x05ed: 0x000f 0x8000 0x8003          RMEM reg::0 reg::3            r0=0x0000 r1=0x0000 r2=0x6584 r3=0x6581 r4=0x0003 r5=0x0669 r6=0x6580 r7=0x0000 st:0x001e|0x06bd 0x6580 0x0003 0x0003 0x0686 0x6b14
0x05f0: 0x0011 0x8005                 CALL reg::5                   r0=0x0075 r1=0x0000 r2=0x6584 r3=0x6581 r4=0x0003 r5=0x0669 r6=0x6580 r7=0x0000 st:0x001e|0x06bd 0x6580 0x0003 0x0003 0x0686 0x6b14
0x0669: 0x0002 0x8003                 PUSH reg::3                   r0=0x0075 r1=0x0000 r2=0x6584 r3=0x6581 r4=0x0003 r5=0x0669 r6=0x6580 r7=0x0000 st:0x001f|0x6580 0x0003 0x0003 0x0686 0x6b14 0x05f2
0x066b: 0x0009 0x8003 0x8002 0x0001   ADD reg::3 reg::2 0x0001      r0=0x0075 r1=0x0000 r2=0x6584 r3=0x6581 r4=0x0003 r5=0x0669 r6=0x6580 r7=0x0000 st:0x0020|0x0003 0x0003 0x0686 0x6b14 0x05f2 0x6581
0x066f: 0x0009 0x8003 0x8003 0x8001   ADD reg::3 reg::3 reg::1      r0=0x0075 r1=0x0000 r2=0x6584 r3=0x6585 r4=0x0003 r5=0x0669 r6=0x6580 r7=0x0000 st:0x0020|0x0003 0x0003 0x0686 0x6b14 0x05f2 0x6581
0x0673: 0x000f 0x8003 0x8003          RMEM reg::3 reg::3            r0=0x0075 r1=0x0000 r2=0x6584 r3=0x6585 r4=0x0003 r5=0x0669 r6=0x6580 r7=0x0000 st:0x0020|0x0003 0x0003 0x0686 0x6b14 0x05f2 0x6581
0x0676: 0x0004 0x8003 0x8000 0x8003   EQ reg::3 reg::0 reg::3       r0=0x0075 r1=0x0000 r2=0x6584 r3=0x0075 r4=0x0003 r5=0x0669 r6=0x6580 r7=0x0000 st:0x0020|0x0003 0x0003 0x0686 0x6b14 0x05f2 0x6581
0x067a: 0x0007 0x8003 0x0683          JT reg::3 0x0683              r0=0x0075 r1=0x0000 r2=0x6584 r3=0x0001 r4=0x0003 r5=0x0669 r6=0x6580 r7=0x0000 st:0x0020|0x0003 0x0003 0x0686 0x6b14 0x05f2 0x6581
0x0683: 0x0003 0x8003                 POP reg::3                    r0=0x0075 r1=0x0000 r2=0x6584 r3=0x0001 r4=0x0003 r5=0x0669 r6=0x6580 r7=0x0000 st:0x0020|0x0003 0x0003 0x0686 0x6b14 0x05f2 0x6581
0x0685: 0x0012                        RET                           r0=0x0075 r1=0x0000 r2=0x6584 r3=0x6581 r4=0x0003 r5=0x0669 r6=0x6580 r7=0x0000 st:0x001f|0x6580 0x0003 0x0003 0x0686 0x6b14 0x05f2
0x05f2: 0x0009 0x8001 0x8001 0x0001   ADD reg::1 reg::1 0x0001      r0=0x0075 r1=0x0000 r2=0x6584 r3=0x6581 r4=0x0003 r5=0x0669 r6=0x6580 r7=0x0000 st:0x001e|0x06bd 0x6580 0x0003 0x0003 0x0686 0x6b14
0x05f6: 0x0007 0x8001 0x05de          JT reg::1 0x05de              r0=0x0075 r1=0x0001 r2=0x6584 r3=0x6581 r4=0x0003 r5=0x0669 r6=0x6580 r7=0x0000 st:0x001e|0x06bd 0x6580 0x0003 0x0003 0x0686 0x6b14
0x05de: 0x0009 0x8003 0x0001 0x8001   ADD reg::3 0x0001 reg::1      r0=0x0075 r1=0x0001 r2=0x6584 r3=0x6581 r4=0x0003 r5=0x0669 r6=0x6580 r7=0x0000 st:0x001e|0x06bd 0x6580 0x0003 0x0003 0x0686 0x6b14
0x05e2: 0x0005 0x8000 0x8003 0x8004   GT reg::0 reg::3 reg::4       r0=0x0075 r1=0x0001 r2=0x6584 r3=0x0002 r4=0x0003 r5=0x0669 r6=0x6580 r7=0x0000 st:0x001e|0x06bd 0x6580 0x0003 0x0003 0x0686 0x6b14
0x05e6: 0x0007 0x8000 0x05f9          JT reg::0 0x05f9              r0=0x0000 r1=0x0001 r2=0x6584 r3=0x0002 r4=0x0003 r5=0x0669 r6=0x6580 r7=0x0000 st:0x001e|0x06bd 0x6580 0x0003 0x0003 0x0686 0x6b14
0x05e9: 0x0009 0x8003 0x8003 0x8006   ADD reg::3 reg::3 reg::6      r0=0x0000 r1=0x0001 r2=0x6584 r3=0x0002 r4=0x0003 r5=0x0669 r6=0x6580 r7=0x0000 st:0x001e|0x06bd 0x6580 0x0003 0x0003 0x0686 0x6b14
0x05ed: 0x000f 0x8000 0x8003          RMEM reg::0 reg::3            r0=0x0000 r1=0x0001 r2=0x6584 r3=0x6582 r4=0x0003 r5=0x0669 r6=0x6580 r7=0x0000 st:0x001e|0x06bd 0x6580 0x0003 0x0003 0x0686 0x6b14
0x05f0: 0x0011 0x8005                 CALL reg::5                   r0=0x0073 r1=0x0001 r2=0x6584 r3=0x6582 r4=0x0003 r5=0x0669 r6=0x6580 r7=0x0000 st:0x001e|0x06bd 0x6580 0x0003 0x0003 0x0686 0x6b14
0x0669: 0x0002 0x8003                 PUSH reg::3                   r0=0x0073 r1=0x0001 r2=0x6584 r3=0x6582 r4=0x0003 r5=0x0669 r6=0x6580 r7=0x0000 st:0x001f|0x6580 0x0003 0x0003 0x0686 0x6b14 0x05f2
0x066b: 0x0009 0x8003 0x8002 0x0001   ADD reg::3 reg::2 0x0001      r0=0x0073 r1=0x0001 r2=0x6584 r3=0x6582 r4=0x0003 r5=0x0669 r6=0x6580 r7=0x0000 st:0x0020|0x0003 0x0003 0x0686 0x6b14 0x05f2 0x6582
0x066f: 0x0009 0x8003 0x8003 0x8001   ADD reg::3 reg::3 reg::1      r0=0x0073 r1=0x0001 r2=0x6584 r3=0x6585 r4=0x0003 r5=0x0669 r6=0x6580 r7=0x0000 st:0x0020|0x0003 0x0003 0x0686 0x6b14 0x05f2 0x6582
0x0673: 0x000f 0x8003 0x8003          RMEM reg::3 reg::3            r0=0x0073 r1=0x0001 r2=0x6584 r3=0x6586 r4=0x0003 r5=0x0669 r6=0x6580 r7=0x0000 st:0x0020|0x0003 0x0003 0x0686 0x6b14 0x05f2 0x6582
0x0676: 0x0004 0x8003 0x8000 0x8003   EQ reg::3 reg::0 reg::3       r0=0x0073 r1=0x0001 r2=0x6584 r3=0x0073 r4=0x0003 r5=0x0669 r6=0x6580 r7=0x0000 st:0x0020|0x0003 0x0003 0x0686 0x6b14 0x05f2 0x6582
0x067a: 0x0007 0x8003 0x0683          JT reg::3 0x0683              r0=0x0073 r1=0x0001 r2=0x6584 r3=0x0001 r4=0x0003 r5=0x0669 r6=0x6580 r7=0x0000 st:0x0020|0x0003 0x0003 0x0686 0x6b14 0x05f2 0x6582
0x0683: 0x0003 0x8003                 POP reg::3                    r0=0x0073 r1=0x0001 r2=0x6584 r3=0x0001 r4=0x0003 r5=0x0669 r6=0x6580 r7=0x0000 st:0x0020|0x0003 0x0003 0x0686 0x6b14 0x05f2 0x6582
0x0685: 0x0012                        RET                           r0=0x0073 r1=0x0001 r2=0x6584 r3=0x6582 r4=0x0003 r5=0x0669 r6=0x6580 r7=0x0000 st:0x001f|0x6580 0x0003 0x0003 0x0686 0x6b14 0x05f2
0x05f2: 0x0009 0x8001 0x8001 0x0001   ADD reg::1 reg::1 0x0001      r0=0x0073 r1=0x0001 r2=0x6584 r3=0x6582 r4=0x0003 r5=0x0669 r6=0x6580 r7=0x0000 st:0x001e|0x06bd 0x6580 0x0003 0x0003 0x0686 0x6b14
0x05f6: 0x0007 0x8001 0x05de          JT reg::1 0x05de              r0=0x0073 r1=0x0002 r2=0x6584 r3=0x6582 r4=0x0003 r5=0x0669 r6=0x6580 r7=0x0000 st:0x001e|0x06bd 0x6580 0x0003 0x0003 0x0686 0x6b14
0x05de: 0x0009 0x8003 0x0001 0x8001   ADD reg::3 0x0001 reg::1      r0=0x0073 r1=0x0002 r2=0x6584 r3=0x6582 r4=0x0003 r5=0x0669 r6=0x6580 r7=0x0000 st:0x001e|0x06bd 0x6580 0x0003 0x0003 0x0686 0x6b14
0x05e2: 0x0005 0x8000 0x8003 0x8004   GT reg::0 reg::3 reg::4       r0=0x0073 r1=0x0002 r2=0x6584 r3=0x0003 r4=0x0003 r5=0x0669 r6=0x6580 r7=0x0000 st:0x001e|0x06bd 0x6580 0x0003 0x0003 0x0686 0x6b14
0x05e6: 0x0007 0x8000 0x05f9          JT reg::0 0x05f9              r0=0x0000 r1=0x0002 r2=0x6584 r3=0x0003 r4=0x0003 r5=0x0669 r6=0x6580 r7=0x0000 st:0x001e|0x06bd 0x6580 0x0003 0x0003 0x0686 0x6b14
0x05e9: 0x0009 0x8003 0x8003 0x8006   ADD reg::3 reg::3 reg::6      r0=0x0000 r1=0x0002 r2=0x6584 r3=0x0003 r4=0x0003 r5=0x0669 r6=0x6580 r7=0x0000 st:0x001e|0x06bd 0x6580 0x0003 0x0003 0x0686 0x6b14
0x05ed: 0x000f 0x8000 0x8003          RMEM reg::0 reg::3            r0=0x0000 r1=0x0002 r2=0x6584 r3=0x6583 r4=0x0003 r5=0x0669 r6=0x6580 r7=0x0000 st:0x001e|0x06bd 0x6580 0x0003 0x0003 0x0686 0x6b14
0x05f0: 0x0011 0x8005                 CALL reg::5                   r0=0x0065 r1=0x0002 r2=0x6584 r3=0x6583 r4=0x0003 r5=0x0669 r6=0x6580 r7=0x0000 st:0x001e|0x06bd 0x6580 0x0003 0x0003 0x0686 0x6b14
0x0669: 0x0002 0x8003                 PUSH reg::3                   r0=0x0065 r1=0x0002 r2=0x6584 r3=0x6583 r4=0x0003 r5=0x0669 r6=0x6580 r7=0x0000 st:0x001f|0x6580 0x0003 0x0003 0x0686 0x6b14 0x05f2
0x066b: 0x0009 0x8003 0x8002 0x0001   ADD reg::3 reg::2 0x0001      r0=0x0065 r1=0x0002 r2=0x6584 r3=0x6583 r4=0x0003 r5=0x0669 r6=0x6580 r7=0x0000 st:0x0020|0x0003 0x0003 0x0686 0x6b14 0x05f2 0x6583
0x066f: 0x0009 0x8003 0x8003 0x8001   ADD reg::3 reg::3 reg::1      r0=0x0065 r1=0x0002 r2=0x6584 r3=0x6585 r4=0x0003 r5=0x0669 r6=0x6580 r7=0x0000 st:0x0020|0x0003 0x0003 0x0686 0x6b14 0x05f2 0x6583
0x0673: 0x000f 0x8003 0x8003          RMEM reg::3 reg::3            r0=0x0065 r1=0x0002 r2=0x6584 r3=0x6587 r4=0x0003 r5=0x0669 r6=0x6580 r7=0x0000 st:0x0020|0x0003 0x0003 0x0686 0x6b14 0x05f2 0x6583
0x0676: 0x0004 0x8003 0x8000 0x8003   EQ reg::3 reg::0 reg::3       r0=0x0065 r1=0x0002 r2=0x6584 r3=0x0065 r4=0x0003 r5=0x0669 r6=0x6580 r7=0x0000 st:0x0020|0x0003 0x0003 0x0686 0x6b14 0x05f2 0x6583
0x067a: 0x0007 0x8003 0x0683          JT reg::3 0x0683              r0=0x0065 r1=0x0002 r2=0x6584 r3=0x0001 r4=0x0003 r5=0x0669 r6=0x6580 r7=0x0000 st:0x0020|0x0003 0x0003 0x0686 0x6b14 0x05f2 0x6583
0x0683: 0x0003 0x8003                 POP reg::3                    r0=0x0065 r1=0x0002 r2=0x6584 r3=0x0001 r4=0x0003 r5=0x0669 r6=0x6580 r7=0x0000 st:0x0020|0x0003 0x0003 0x0686 0x6b14 0x05f2 0x6583
0x0685: 0x0012                        RET                           r0=0x0065 r1=0x0002 r2=0x6584 r3=0x6583 r4=0x0003 r5=0x0669 r6=0x6580 r7=0x0000 st:0x001f|0x6580 0x0003 0x0003 0x0686 0x6b14 0x05f2
0x05f2: 0x0009 0x8001 0x8001 0x0001   ADD reg::1 reg::1 0x0001      r0=0x0065 r1=0x0002 r2=0x6584 r3=0x6583 r4=0x0003 r5=0x0669 r6=0x6580 r7=0x0000 st:0x001e|0x06bd 0x6580 0x0003 0x0003 0x0686 0x6b14
0x05f6: 0x0007 0x8001 0x05de          JT reg::1 0x05de              r0=0x0065 r1=0x0003 r2=0x6584 r3=0x6583 r4=0x0003 r5=0x0669 r6=0x6580 r7=0x0000 st:0x001e|0x06bd 0x6580 0x0003 0x0003 0x0686 0x6b14
0x05de: 0x0009 0x8003 0x0001 0x8001   ADD reg::3 0x0001 reg::1      r0=0x0065 r1=0x0003 r2=0x6584 r3=0x6583 r4=0x0003 r5=0x0669 r6=0x6580 r7=0x0000 st:0x001e|0x06bd 0x6580 0x0003 0x0003 0x0686 0x6b14
0x05e2: 0x0005 0x8000 0x8003 0x8004   GT reg::0 reg::3 reg::4       r0=0x0065 r1=0x0003 r2=0x6584 r3=0x0004 r4=0x0003 r5=0x0669 r6=0x6580 r7=0x0000 st:0x001e|0x06bd 0x6580 0x0003 0x0003 0x0686 0x6b14
0x05e6: 0x0007 0x8000 0x05f9          JT reg::0 0x05f9              r0=0x0001 r1=0x0003 r2=0x6584 r3=0x0004 r4=0x0003 r5=0x0669 r6=0x6580 r7=0x0000 st:0x001e|0x06bd 0x6580 0x0003 0x0003 0x0686 0x6b14
0x05f9: 0x0003 0x8006                 POP reg::6                    r0=0x0001 r1=0x0003 r2=0x6584 r3=0x0004 r4=0x0003 r5=0x0669 r6=0x6580 r7=0x0000 st:0x001e|0x06bd 0x6580 0x0003 0x0003 0x0686 0x6b14
0x05fb: 0x0003 0x8005                 POP reg::5                    r0=0x0001 r1=0x0003 r2=0x6584 r3=0x0004 r4=0x0003 r5=0x0669 r6=0x6b14 r7=0x0000 st:0x001d|0x0007 0x06bd 0x6580 0x0003 0x0003 0x0686
0x05fd: 0x0003 0x8004                 POP reg::4                    r0=0x0001 r1=0x0003 r2=0x6584 r3=0x0004 r4=0x0003 r5=0x0686 r6=0x6b14 r7=0x0000 st:0x001c|0x6b1b 0x0007 0x06bd 0x6580 0x0003 0x0003
0x05ff: 0x0003 0x8003                 POP reg::3                    r0=0x0001 r1=0x0003 r2=0x6584 r3=0x0004 r4=0x0003 r5=0x0686 r6=0x6b14 r7=0x0000 st:0x001b|0x6584 0x6b1b 0x0007 0x06bd 0x6580 0x0003
0x0601: 0x0003 0x8000                 POP reg::0                    r0=0x0001 r1=0x0003 r2=0x6584 r3=0x0003 r4=0x0003 r5=0x0686 r6=0x6b14 r7=0x0000 st:0x001a|0x6584 0x6584 0x6b1b 0x0007 0x06bd 0x6580
0x0603: 0x0012                        RET                           r0=0x6580 r1=0x0003 r2=0x6584 r3=0x0003 r4=0x0003 r5=0x0686 r6=0x6b14 r7=0x0000 st:0x0019|0x068d 0x6584 0x6584 0x6b1b 0x0007 0x06bd
0x06bd: 0x0008 0x8001 0x06c5          JF reg::1 0x06c5              r0=0x6580 r1=0x0003 r2=0x6584 r3=0x0003 r4=0x0003 r5=0x0686 r6=0x6b14 r7=0x0000 st:0x0018|0x0006 0x068d 0x6584 0x6584 0x6b1b 0x0007
0x06c0: 0x0001 0x8000 0x0001          SET reg::0 0x0001             r0=0x6580 r1=0x0003 r2=0x6584 r3=0x0003 r4=0x0003 r5=0x0686 r6=0x6b14 r7=0x0000 st:0x0018|0x0006 0x068d 0x6584 0x6584 0x6b1b 0x0007
0x06c3: 0x0006 0x06c8                 JMP 0x06c8                    r0=0x0001 r1=0x0003 r2=0x6584 r3=0x0003 r4=0x0003 r5=0x0686 r6=0x6b14 r7=0x0000 st:0x0018|0x0006 0x068d 0x6584 0x6584 0x6b1b 0x0007
0x06c8: 0x0003 0x8004                 POP reg::4                    r0=0x0001 r1=0x0003 r2=0x6584 r3=0x0003 r4=0x0003 r5=0x0686 r6=0x6b14 r7=0x0000 st:0x0018|0x0006 0x068d 0x6584 0x6584 0x6b1b 0x0007
0x06ca: 0x0003 0x8003                 POP reg::3                    r0=0x0001 r1=0x0003 r2=0x6584 r3=0x0003 r4=0x0007 r5=0x0686 r6=0x6b14 r7=0x0000 st:0x0017|0x05f2 0x0006 0x068d 0x6584 0x6584 0x6b1b
0x06cc: 0x0003 0x8002                 POP reg::2                    r0=0x0001 r1=0x0003 r2=0x6584 r3=0x6b1b r4=0x0007 r5=0x0686 r6=0x6b14 r7=0x0000 st:0x0016|0x0000 0x05f2 0x0006 0x068d 0x6584 0x6584
0x06ce: 0x0003 0x8001                 POP reg::1                    r0=0x0001 r1=0x0003 r2=0x6584 r3=0x6b1b r4=0x0007 r5=0x0686 r6=0x6b14 r7=0x0000 st:0x0015|0x0000 0x0000 0x05f2 0x0006 0x068d 0x6584
0x06d0: 0x0012                        RET                           r0=0x0001 r1=0x6584 r2=0x6584 r3=0x6b1b r4=0x0007 r5=0x0686 r6=0x6b14 r7=0x0000 st:0x0014|0x0065 0x0000 0x0000 0x05f2 0x0006 0x068d
0x068d: 0x0003 0x8001                 POP reg::1                    r0=0x0001 r1=0x6584 r2=0x6584 r3=0x6b1b r4=0x0007 r5=0x0686 r6=0x6b14 r7=0x0000 st:0x0013|0x0007 0x0065 0x0000 0x0000 0x05f2 0x0006
0x068f: 0x0008 0x8000 0x0698          JF reg::0 0x0698              r0=0x0001 r1=0x0006 r2=0x6584 r3=0x6b1b r4=0x0007 r5=0x0686 r6=0x6b14 r7=0x0000 st:0x0012|0x6b14 0x0007 0x0065 0x0000 0x0000 0x05f2
0x0692: 0x0001 0x8002 0x8001          SET reg::2 reg::1             r0=0x0001 r1=0x0006 r2=0x6584 r3=0x6b1b r4=0x0007 r5=0x0686 r6=0x6b14 r7=0x0000 st:0x0012|0x6b14 0x0007 0x0065 0x0000 0x0000 0x05f2
0x0695: 0x0001 0x8001 0x7fff          SET reg::1 0x7fff             r0=0x0001 r1=0x0006 r2=0x0006 r3=0x6b1b r4=0x0007 r5=0x0686 r6=0x6b14 r7=0x0000 st:0x0012|0x6b14 0x0007 0x0065 0x0000 0x0000 0x05f2
0x0698: 0x0012                        RET                           r0=0x0001 r1=0x7fff r2=0x0006 r3=0x6b1b r4=0x0007 r5=0x0686 r6=0x6b14 r7=0x0000 st:0x0012|0x6b14 0x0007 0x0065 0x0000 0x0000 0x05f2
0x05f2: 0x0009 0x8001 0x8001 0x0001   ADD reg::1 reg::1 0x0001      r0=0x0001 r1=0x7fff r2=0x0006 r3=0x6b1b r4=0x0007 r5=0x0686 r6=0x6b14 r7=0x0000 st:0x0011|0x0629 0x6b14 0x0007 0x0065 0x0000 0x0000
0x05f6: 0x0007 0x8001 0x05de          JT reg::1 0x05de              r0=0x0001 r1=0x0000 r2=0x0006 r3=0x6b1b r4=0x0007 r5=0x0686 r6=0x6b14 r7=0x0000 st:0x0011|0x0629 0x6b14 0x0007 0x0065 0x0000 0x0000
0x05f9: 0x0003 0x8006                 POP reg::6                    r0=0x0001 r1=0x0000 r2=0x0006 r3=0x6b1b r4=0x0007 r5=0x0686 r6=0x6b14 r7=0x0000 st:0x0011|0x0629 0x6b14 0x0007 0x0065 0x0000 0x0000
0x05fb: 0x0003 0x8005                 POP reg::5                    r0=0x0001 r1=0x0000 r2=0x0006 r3=0x6b1b r4=0x0007 r5=0x0686 r6=0x0000 r7=0x0000 st:0x0010|0x0006 0x0629 0x6b14 0x0007 0x0065 0x0000
0x05fd: 0x0003 0x8004                 POP reg::4                    r0=0x0001 r1=0x0000 r2=0x0006 r3=0x6b1b r4=0x0007 r5=0x0000 r6=0x0000 r7=0x0000 st:0x000f|0x0686 0x0006 0x0629 0x6b14 0x0007 0x0065
0x05ff: 0x0003 0x8003                 POP reg::3                    r0=0x0001 r1=0x0000 r2=0x0006 r3=0x6b1b r4=0x0065 r5=0x0000 r6=0x0000 r7=0x0000 st:0x000e|0x0656 0x0686 0x0006 0x0629 0x6b14 0x0007
0x0601: 0x0003 0x8000                 POP reg::0                    r0=0x0001 r1=0x0000 r2=0x0006 r3=0x0007 r4=0x0065 r5=0x0000 r6=0x0000 r7=0x0000 st:0x000d|0x0003 0x0656 0x0686 0x0006 0x0629 0x6b14
0x0603: 0x0012                        RET                           r0=0x6b14 r1=0x0000 r2=0x0006 r3=0x0007 r4=0x0065 r5=0x0000 r6=0x0000 r7=0x0000 st:0x000c|0x6584 0x0003 0x0656 0x0686 0x0006 0x0629
0x0629: 0x0007 0x8001 0x0631          JT reg::1 0x0631              r0=0x6b14 r1=0x0000 r2=0x0006 r3=0x0007 r4=0x0065 r5=0x0000 r6=0x0000 r7=0x0000 st:0x000b|0x0b49 0x6584 0x0003 0x0656 0x0686 0x0006
0x062c: 0x0001 0x8000 0x8002          SET reg::0 reg::2             r0=0x6b14 r1=0x0000 r2=0x0006 r3=0x0007 r4=0x0065 r5=0x0000 r6=0x0000 r7=0x0000 st:0x000b|0x0b49 0x6584 0x0003 0x0656 0x0686 0x0006
0x062f: 0x0006 0x0634                 JMP 0x0634                    r0=0x0006 r1=0x0000 r2=0x0006 r3=0x0007 r4=0x0065 r5=0x0000 r6=0x0000 r7=0x0000 st:0x000b|0x0b49 0x6584 0x0003 0x0656 0x0686 0x0006
0x0634: 0x0003 0x8003                 POP reg::3                    r0=0x0006 r1=0x0000 r2=0x0006 r3=0x0007 r4=0x0065 r5=0x0000 r6=0x0000 r7=0x0000 st:0x000b|0x0b49 0x6584 0x0003 0x0656 0x0686 0x0006
0x0636: 0x0003 0x8001                 POP reg::1                    r0=0x0006 r1=0x0000 r2=0x0006 r3=0x0006 r4=0x0065 r5=0x0000 r6=0x0000 r7=0x0000 st:0x000a|0x000a 0x0b49 0x6584 0x0003 0x0656 0x0686
0x0638: 0x0012                        RET                           r0=0x0006 r1=0x0686 r2=0x0006 r3=0x0006 r4=0x0065 r5=0x0000 r6=0x0000 r7=0x0000 st:0x0009|0x0001 0x000a 0x0b49 0x6584 0x0003 0x0656
0x0656: 0x0003 0x8002                 POP reg::2                    r0=0x0006 r1=0x0686 r2=0x0006 r3=0x0006 r4=0x0065 r5=0x0000 r6=0x0000 r7=0x0000 st:0x0008|0x1802 0x0001 0x000a 0x0b49 0x6584 0x0003
0x0658: 0x0003 0x8001                 POP reg::1                    r0=0x0006 r1=0x0686 r2=0x0003 r3=0x0006 r4=0x0065 r5=0x0000 r6=0x0000 r7=0x0000 st:0x0007|0x0010 0x1802 0x0001 0x000a 0x0b49 0x6584
0x065a: 0x0012                        RET                           r0=0x0006 r1=0x6584 r2=0x0003 r3=0x0006 r4=0x0065 r5=0x0000 r6=0x0000 r7=0x0000 st:0x0006|0x17d6 0x0010 0x1802 0x0001 0x000a 0x0b49
0x0b49: 0x0003 0x8001                 POP reg::1                    r0=0x0006 r1=0x6584 r2=0x0003 r3=0x0006 r4=0x0065 r5=0x0000 r6=0x0000 r7=0x0000 st:0x0005|0x17d6 0x0010 0x1802 0x0001 0x000a
0x0b4b: 0x0010 0x6584 0x8001          WMEM 0x6584 reg::1            r0=0x0006 r1=0x000a r2=0x0003 r3=0x0006 r4=0x0065 r5=0x0000 r6=0x0000 r7=0x0000 st:0x0004|0x17d6 0x0010 0x1802 0x0001
0x0b4e: 0x0004 0x8001 0x8000 0x7fff   EQ reg::1 reg::0 0x7fff       r0=0x0006 r1=0x000a r2=0x0003 r3=0x0006 r4=0x0065 r5=0x0000 r6=0x0000 r7=0x0000 st:0x0004|0x17d6 0x0010 0x1802 0x0001
0x0b52: 0x0008 0x8001 0x0b5b          JF reg::1 0x0b5b              r0=0x0006 r1=0x0000 r2=0x0003 r3=0x0006 r4=0x0065 r5=0x0000 r6=0x0000 r7=0x0000 st:0x0004|0x17d6 0x0010 0x1802 0x0001
0x0b5b: 0x0009 0x8001 0x6b1c 0x0001   ADD reg::1 0x6b1c 0x0001      r0=0x0006 r1=0x0000 r2=0x0003 r3=0x0006 r4=0x0065 r5=0x0000 r6=0x0000 r7=0x0000 st:0x0004|0x17d6 0x0010 0x1802 0x0001
0x0b5f: 0x0009 0x8001 0x8001 0x8000   ADD reg::1 reg::1 reg::0      r0=0x0006 r1=0x6b1d r2=0x0003 r3=0x0006 r4=0x0065 r5=0x0000 r6=0x0000 r7=0x0000 st:0x0004|0x17d6 0x0010 0x1802 0x0001
0x0b63: 0x000f 0x8001 0x8001          RMEM reg::1 reg::1            r0=0x0006 r1=0x6b23 r2=0x0003 r3=0x0006 r4=0x0065 r5=0x0000 r6=0x0000 r7=0x0000 st:0x0004|0x17d6 0x0010 0x1802 0x0001
0x0b66: 0x000f 0x8003 0x6584          RMEM reg::3 0x6584            r0=0x0006 r1=0x0e06 r2=0x0003 r3=0x0006 r4=0x0065 r5=0x0000 r6=0x0000 r7=0x0000 st:0x0004|0x17d6 0x0010 0x1802 0x0001
0x0b69: 0x0004 0x8003 0x8003 0x8002   EQ reg::3 reg::3 reg::2       r0=0x0006 r1=0x0e06 r2=0x0003 r3=0x000a r4=0x0065 r5=0x0000 r6=0x0000 r7=0x0000 st:0x0004|0x17d6 0x0010 0x1802 0x0001
0x0b6d: 0x0007 0x8003 0x0b96          JT reg::3 0x0b96              r0=0x0006 r1=0x0e06 r2=0x0003 r3=0x0000 r4=0x0065 r5=0x0000 r6=0x0000 r7=0x0000 st:0x0004|0x17d6 0x0010 0x1802 0x0001
0x0b70: 0x000a 0x8000 0x8002 0x7fff   MULT reg::0 reg::2 0x7fff     r0=0x0006 r1=0x0e06 r2=0x0003 r3=0x0000 r4=0x0065 r5=0x0000 r6=0x0000 r7=0x0000 st:0x0004|0x17d6 0x0010 0x1802 0x0001
0x0b74: 0x000f 0x8003 0x6584          RMEM reg::3 0x6584            r0=0x7ffd r1=0x0e06 r2=0x0003 r3=0x0000 r4=0x0065 r5=0x0000 r6=0x0000 r7=0x0000 st:0x0004|0x17d6 0x0010 0x1802 0x0001
0x0b77: 0x0009 0x8003 0x8000 0x8003   ADD reg::3 reg::0 reg::3      r0=0x7ffd r1=0x0e06 r2=0x0003 r3=0x000a r4=0x0065 r5=0x0000 r6=0x0000 r7=0x0000 st:0x0004|0x17d6 0x0010 0x1802 0x0001
0x0b7b: 0x0008 0x8002 0x0b82          JF reg::2 0x0b82              r0=0x7ffd r1=0x0e06 r2=0x0003 r3=0x0007 r4=0x0065 r5=0x0000 r6=0x0000 r7=0x0000 st:0x0004|0x17d6 0x0010 0x1802 0x0001
0x0b7e: 0x0009 0x8003 0x8003 0x7fff   ADD reg::3 reg::3 0x7fff      r0=0x7ffd r1=0x0e06 r2=0x0003 r3=0x0007 r4=0x0065 r5=0x0000 r6=0x0000 r7=0x0000 st:0x0004|0x17d6 0x0010 0x1802 0x0001
0x0b82: 0x000b 0x8003 0x8003 0x0020   MOD reg::3 reg::3 0x0020      r0=0x7ffd r1=0x0e06 r2=0x0003 r3=0x0006 r4=0x0065 r5=0x0000 r6=0x0000 r7=0x0000 st:0x0004|0x17d6 0x0010 0x1802 0x0001
0x0b86: 0x0009 0x8000 0x6584 0x8002   ADD reg::0 0x6584 reg::2      r0=0x7ffd r1=0x0e06 r2=0x0003 r3=0x0006 r4=0x0065 r5=0x0000 r6=0x0000 r7=0x0000 st:0x0004|0x17d6 0x0010 0x1802 0x0001
0x0b8a: 0x0008 0x8002 0x0b91          JF reg::2 0x0b91              r0=0x6587 r1=0x0e06 r2=0x0003 r3=0x0006 r4=0x0065 r5=0x0000 r6=0x0000 r7=0x0000 st:0x0004|0x17d6 0x0010 0x1802 0x0001
0x0b8d: 0x0009 0x8000 0x8000 0x0001   ADD reg::0 reg::0 0x0001      r0=0x6587 r1=0x0e06 r2=0x0003 r3=0x0006 r4=0x0065 r5=0x0000 r6=0x0000 r7=0x0000 st:0x0004|0x17d6 0x0010 0x1802 0x0001
0x0b91: 0x0010 0x8000 0x8003          WMEM reg::0 reg::3            r0=0x6588 r1=0x0e06 r2=0x0003 r3=0x0006 r4=0x0065 r5=0x0000 r6=0x0000 r7=0x0000 st:0x0004|0x17d6 0x0010 0x1802 0x0001
0x0b94: 0x0006 0x0b9c                 JMP 0x0b9c                    r0=0x6588 r1=0x0e06 r2=0x0003 r3=0x0006 r4=0x0065 r5=0x0000 r6=0x0000 r7=0x0000 st:0x0004|0x17d6 0x0010 0x1802 0x0001
0x0b9c: 0x0011 0x8001                 CALL reg::1                   r0=0x6588 r1=0x0e06 r2=0x0003 r3=0x0006 r4=0x0065 r5=0x0000 r6=0x0000 r7=0x0000 st:0x0004|0x17d6 0x0010 0x1802 0x0001
0x0e06: 0x0002 0x8000                 PUSH reg::0                   r0=0x6588 r1=0x0e06 r2=0x0003 r3=0x0006 r4=0x0065 r5=0x0000 r6=0x0000 r7=0x0000 st:0x0005|0x17d6 0x0010 0x1802 0x0001 0x0b9e
0x0e08: 0x0002 0x8001                 PUSH reg::1                   r0=0x6588 r1=0x0e06 r2=0x0003 r3=0x0006 r4=0x0065 r5=0x0000 r6=0x0000 r7=0x0000 st:0x0006|0x17d6 0x0010 0x1802 0x0001 0x0b9e 0x6588
0x0e0a: 0x0011 0x1737                 CALL 0x1737                   r0=0x6588 r1=0x0e06 r2=0x0003 r3=0x0006 r4=0x0065 r5=0x0000 r6=0x0000 r7=0x0000 st:0x0007|0x0010 0x1802 0x0001 0x0b9e 0x6588 0x0e06
0x1737: 0x0002 0x8001                 PUSH reg::1                   r0=0x6588 r1=0x0e06 r2=0x0003 r3=0x0006 r4=0x0065 r5=0x0000 r6=0x0000 r7=0x0000 st:0x0008|0x1802 0x0001 0x0b9e 0x6588 0x0e06 0x0e0c
0x1739: 0x0002 0x8002                 PUSH reg::2                   r0=0x6588 r1=0x0e06 r2=0x0003 r3=0x0006 r4=0x0065 r5=0x0000 r6=0x0000 r7=0x0000 st:0x0009|0x0001 0x0b9e 0x6588 0x0e06 0x0e0c 0x0e06
0x173b: 0x0001 0x8002 0x8000          SET reg::2 reg::0             r0=0x6588 r1=0x0e06 r2=0x0003 r3=0x0006 r4=0x0065 r5=0x0000 r6=0x0000 r7=0x0000 st:0x000a|0x0b9e 0x6588 0x0e06 0x0e0c 0x0e06 0x0003
0x173e: 0x0001 0x8000 0x6b03          SET reg::0 0x6b03             r0=0x6588 r1=0x0e06 r2=0x6588 r3=0x0006 r4=0x0065 r5=0x0000 r6=0x0000 r7=0x0000 st:0x000a|0x0b9e 0x6588 0x0e06 0x0e0c 0x0e06 0x0003
0x1741: 0x0001 0x8001 0x1762          SET reg::1 0x1762             r0=0x6b03 r1=0x0e06 r2=0x6588 r3=0x0006 r4=0x0065 r5=0x0000 r6=0x0000 r7=0x0000 st:0x000a|0x0b9e 0x6588 0x0e06 0x0e0c 0x0e06 0x0003
0x1744: 0x0011 0x061d                 CALL 0x061d                   r0=0x6b03 r1=0x1762 r2=0x6588 r3=0x0006 r4=0x0065 r5=0x0000 r6=0x0000 r7=0x0000 st:0x000a|0x0b9e 0x6588 0x0e06 0x0e0c 0x0e06 0x0003
0x061d: 0x0002 0x8001                 PUSH reg::1                   r0=0x6b03 r1=0x1762 r2=0x6588 r3=0x0006 r4=0x0065 r5=0x0000 r6=0x0000 r7=0x0000 st:0x000b|0x6588 0x0e06 0x0e0c 0x0e06 0x0003 0x1746
0x061f: 0x0002 0x8003                 PUSH reg::3                   r0=0x6b03 r1=0x1762 r2=0x6588 r3=0x0006 r4=0x0065 r5=0x0000 r6=0x0000 r7=0x0000 st:0x000c|0x0e06 0x0e0c 0x0e06 0x0003 0x1746 0x1762
0x0621: 0x000f 0x8003 0x8000          RMEM reg::3 reg::0            r0=0x6b03 r1=0x1762 r2=0x6588 r3=0x0006 r4=0x0065 r5=0x0000 r6=0x0000 r7=0x0000 st:0x000d|0x0e0c 0x0e06 0x0003 0x1746 0x1762 0x0006
0x0624: 0x0008 0x8003 0x0631          JF reg::3 0x0631              r0=0x6b03 r1=0x1762 r2=0x6588 r3=0x0010 r4=0x0065 r5=0x0000 r6=0x0000 r7=0x0000 st:0x000d|0x0e0c 0x0e06 0x0003 0x1746 0x1762 0x0006
0x0627: 0x0011 0x05c8                 CALL 0x05c8                   r0=0x6b03 r1=0x1762 r2=0x6588 r3=0x0010 r4=0x0065 r5=0x0000 r6=0x0000 r7=0x0000 st:0x000d|0x0e0c 0x0e06 0x0003 0x1746 0x1762 0x0006
0x05c8: 0x0002 0x8000                 PUSH reg::0                   r0=0x6b03 r1=0x1762 r2=0x6588 r3=0x0010 r4=0x0065 r5=0x0000 r6=0x0000 r7=0x0000 st:0x000e|0x0e06 0x0003 0x1746 0x1762 0x0006 0x0629
0x05ca: 0x0002 0x8003                 PUSH reg::3                   r0=0x6b03 r1=0x1762 r2=0x6588 r3=0x0010 r4=0x0065 r5=0x0000 r6=0x0000 r7=0x0000 st:0x000f|0x0003 0x1746 0x1762 0x0006 0x0629 0x6b03
0x05cc: 0x0002 0x8004                 PUSH reg::4                   r0=0x6b03 r1=0x1762 r2=0x6588 r3=0x0010 r4=0x0065 r5=0x0000 r6=0x0000 r7=0x0000 st:0x0010|0x1746 0x1762 0x0006 0x0629 0x6b03 0x0010
0x05ce: 0x0002 0x8005                 PUSH reg::5                   r0=0x6b03 r1=0x1762 r2=0x6588 r3=0x0010 r4=0x0065 r5=0x0000 r6=0x0000 r7=0x0000 st:0x0011|0x1762 0x0006 0x0629 0x6b03 0x0010 0x0065
0x05d0: 0x0002 0x8006                 PUSH reg::6                   r0=0x6b03 r1=0x1762 r2=0x6588 r3=0x0010 r4=0x0065 r5=0x0000 r6=0x0000 r7=0x0000 st:0x0012|0x0006 0x0629 0x6b03 0x0010 0x0065 0x0000
0x05d2: 0x0001 0x8006 0x8000          SET reg::6 reg::0             r0=0x6b03 r1=0x1762 r2=0x6588 r3=0x0010 r4=0x0065 r5=0x0000 r6=0x0000 r7=0x0000 st:0x0013|0x0629 0x6b03 0x0010 0x0065 0x0000 0x0000
0x05d5: 0x0001 0x8005 0x8001          SET reg::5 reg::1             r0=0x6b03 r1=0x1762 r2=0x6588 r3=0x0010 r4=0x0065 r5=0x0000 r6=0x6b03 r7=0x0000 st:0x0013|0x0629 0x6b03 0x0010 0x0065 0x0000 0x0000
0x05d8: 0x000f 0x8004 0x8000          RMEM reg::4 reg::0            r0=0x6b03 r1=0x1762 r2=0x6588 r3=0x0010 r4=0x0065 r5=0x1762 r6=0x6b03 r7=0x0000 st:0x0013|0x0629 0x6b03 0x0010 0x0065 0x0000 0x0000
0x05db: 0x0001 0x8001 0x0000          SET reg::1 0x0000             r0=0x6b03 r1=0x1762 r2=0x6588 r3=0x0010 r4=0x0010 r5=0x1762 r6=0x6b03 r7=0x0000 st:0x0013|0x0629 0x6b03 0x0010 0x0065 0x0000 0x0000
0x05de: 0x0009 0x8003 0x0001 0x8001   ADD reg::3 0x0001 reg::1      r0=0x6b03 r1=0x0000 r2=0x6588 r3=0x0010 r4=0x0010 r5=0x1762 r6=0x6b03 r7=0x0000 st:0x0013|0x0629 0x6b03 0x0010 0x0065 0x0000 0x0000
0x05e2: 0x0005 0x8000 0x8003 0x8004   GT reg::0 reg::3 reg::4       r0=0x6b03 r1=0x0000 r2=0x6588 r3=0x0001 r4=0x0010 r5=0x1762 r6=0x6b03 r7=0x0000 st:0x0013|0x0629 0x6b03 0x0010 0x0065 0x0000 0x0000
0x05e6: 0x0007 0x8000 0x05f9          JT reg::0 0x05f9              r0=0x0000 r1=0x0000 r2=0x6588 r3=0x0001 r4=0x0010 r5=0x1762 r6=0x6b03 r7=0x0000 st:0x0013|0x0629 0x6b03 0x0010 0x0065 0x0000 0x0000
0x05e9: 0x0009 0x8003 0x8003 0x8006   ADD reg::3 reg::3 reg::6      r0=0x0000 r1=0x0000 r2=0x6588 r3=0x0001 r4=0x0010 r5=0x1762 r6=0x6b03 r7=0x0000 st:0x0013|0x0629 0x6b03 0x0010 0x0065 0x0000 0x0000
0x05ed: 0x000f 0x8000 0x8003          RMEM reg::0 reg::3            r0=0x0000 r1=0x0000 r2=0x6588 r3=0x6b04 r4=0x0010 r5=0x1762 r6=0x6b03 r7=0x0000 st:0x0013|0x0629 0x6b03 0x0010 0x0065 0x0000 0x0000
0x05f0: 0x0011 0x8005                 CALL reg::5                   r0=0x0a82 r1=0x0000 r2=0x6588 r3=0x6b04 r4=0x0010 r5=0x1762 r6=0x6b03 r7=0x0000 st:0x0013|0x0629 0x6b03 0x0010 0x0065 0x0000 0x0000
0x1762: 0x0002 0x8001                 PUSH reg::1                   r0=0x0a82 r1=0x0000 r2=0x6588 r3=0x6b04 r4=0x0010 r5=0x1762 r6=0x6b03 r7=0x0000 st:0x0014|0x6b03 0x0010 0x0065 0x0000 0x0000 0x05f2
0x1764: 0x0001 0x8001 0x8002          SET reg::1 reg::2             r0=0x0a82 r1=0x0000 r2=0x6588 r3=0x6b04 r4=0x0010 r5=0x1762 r6=0x6b03 r7=0x0000 st:0x0015|0x0010 0x0065 0x0000 0x0000 0x05f2 0x0000
0x1767: 0x0009 0x8000 0x8000 0x0000   ADD reg::0 reg::0 0x0000      r0=0x0a82 r1=0x6588 r2=0x6588 r3=0x6b04 r4=0x0010 r5=0x1762 r6=0x6b03 r7=0x0000 st:0x0015|0x0010 0x0065 0x0000 0x0000 0x05f2 0x0000
0x176b: 0x000f 0x8000 0x8000          RMEM reg::0 reg::0            r0=0x0a82 r1=0x6588 r2=0x6588 r3=0x6b04 r4=0x0010 r5=0x1762 r6=0x6b03 r7=0x0000 st:0x0015|0x0010 0x0065 0x0000 0x0000 0x05f2 0x0000
0x176e: 0x0011 0x0699                 CALL 0x0699                   r0=0x46a4 r1=0x6588 r2=0x6588 r3=0x6b04 r4=0x0010 r5=0x1762 r6=0x6b03 r7=0x0000 st:0x0015|0x0010 0x0065 0x0000 0x0000 0x05f2 0x0000
0x0699: 0x0002 0x8001                 PUSH reg::1                   r0=0x46a4 r1=0x6588 r2=0x6588 r3=0x6b04 r4=0x0010 r5=0x1762 r6=0x6b03 r7=0x0000 st:0x0016|0x0065 0x0000 0x0000 0x05f2 0x0000 0x1770
0x069b: 0x0002 0x8002                 PUSH reg::2                   r0=0x46a4 r1=0x6588 r2=0x6588 r3=0x6b04 r4=0x0010 r5=0x1762 r6=0x6b03 r7=0x0000 st:0x0017|0x0000 0x0000 0x05f2 0x0000 0x1770 0x6588
0x069d: 0x0002 0x8003                 PUSH reg::3                   r0=0x46a4 r1=0x6588 r2=0x6588 r3=0x6b04 r4=0x0010 r5=0x1762 r6=0x6b03 r7=0x0000 st:0x0018|0x0000 0x05f2 0x0000 0x1770 0x6588 0x6588
0x069f: 0x0002 0x8004                 PUSH reg::4                   r0=0x46a4 r1=0x6588 r2=0x6588 r3=0x6b04 r4=0x0010 r5=0x1762 r6=0x6b03 r7=0x0000 st:0x0019|0x05f2 0x0000 0x1770 0x6588 0x6588 0x6b04
0x06a1: 0x000f 0x8003 0x8000          RMEM reg::3 reg::0            r0=0x46a4 r1=0x6588 r2=0x6588 r3=0x6b04 r4=0x0010 r5=0x1762 r6=0x6b03 r7=0x0000 st:0x001a|0x0000 0x1770 0x6588 0x6588 0x6b04 0x0010
0x06a4: 0x000f 0x8004 0x8001          RMEM reg::4 reg::1            r0=0x46a4 r1=0x6588 r2=0x6588 r3=0x0006 r4=0x0010 r5=0x1762 r6=0x6b03 r7=0x0000 st:0x001a|0x0000 0x1770 0x6588 0x6588 0x6b04 0x0010
0x06a7: 0x0004 0x8002 0x8003 0x8004   EQ reg::2 reg::3 reg::4       r0=0x46a4 r1=0x6588 r2=0x6588 r3=0x0006 r4=0x0006 r5=0x1762 r6=0x6b03 r7=0x0000 st:0x001a|0x0000 0x1770 0x6588 0x6588 0x6b04 0x0010
0x06ab: 0x0008 0x8002 0x06c5          JF reg::2 0x06c5              r0=0x46a4 r1=0x6588 r2=0x0001 r3=0x0006 r4=0x0006 r5=0x1762 r6=0x6b03 r7=0x0000 st:0x001a|0x0000 0x1770 0x6588 0x6588 0x6b04 0x0010
0x06ae: 0x000d 0x8002 0x8003 0x8004   OR reg::2 reg::3 reg::4       r0=0x46a4 r1=0x6588 r2=0x0001 r3=0x0006 r4=0x0006 r5=0x1762 r6=0x6b03 r7=0x0000 st:0x001a|0x0000 0x1770 0x6588 0x6588 0x6b04 0x0010
0x06b2: 0x0008 0x8002 0x06c0          JF reg::2 0x06c0              r0=0x46a4 r1=0x6588 r2=0x0006 r3=0x0006 r4=0x0006 r5=0x1762 r6=0x6b03 r7=0x0000 st:0x001a|0x0000 0x1770 0x6588 0x6588 0x6b04 0x0010
0x06b5: 0x0001 0x8002 0x8001          SET reg::2 reg::1             r0=0x46a4 r1=0x6588 r2=0x0006 r3=0x0006 r4=0x0006 r5=0x1762 r6=0x6b03 r7=0x0000 st:0x001a|0x0000 0x1770 0x6588 0x6588 0x6b04 0x0010
0x06b8: 0x0001 0x8001 0x0669          SET reg::1 0x0669             r0=0x46a4 r1=0x6588 r2=0x6588 r3=0x0006 r4=0x0006 r5=0x1762 r6=0x6b03 r7=0x0000 st:0x001a|0x0000 0x1770 0x6588 0x6588 0x6b04 0x0010
0x06bb: 0x0011 0x05c8                 CALL 0x05c8                   r0=0x46a4 r1=0x0669 r2=0x6588 r3=0x0006 r4=0x0006 r5=0x1762 r6=0x6b03 r7=0x0000 st:0x001a|0x0000 0x1770 0x6588 0x6588 0x6b04 0x0010
0x05c8: 0x0002 0x8000                 PUSH reg::0                   r0=0x46a4 r1=0x0669 r2=0x6588 r3=0x0006 r4=0x0006 r5=0x1762 r6=0x6b03 r7=0x0000 st:0x001b|0x1770 0x6588 0x6588 0x6b04 0x0010 0x06bd
0x05ca: 0x0002 0x8003                 PUSH reg::3                   r0=0x46a4 r1=0x0669 r2=0x6588 r3=0x0006 r4=0x0006 r5=0x1762 r6=0x6b03 r7=0x0000 st:0x001c|0x6588 0x6588 0x6b04 0x0010 0x06bd 0x46a4
0x05cc: 0x0002 0x8004                 PUSH reg::4                   r0=0x46a4 r1=0x0669 r2=0x6588 r3=0x0006 r4=0x0006 r5=0x1762 r6=0x6b03 r7=0x0000 st:0x001d|0x6588 0x6b04 0x0010 0x06bd 0x46a4 0x0006
0x05ce: 0x0002 0x8005                 PUSH reg::5                   r0=0x46a4 r1=0x0669 r2=0x6588 r3=0x0006 r4=0x0006 r5=0x1762 r6=0x6b03 r7=0x0000 st:0x001e|0x6b04 0x0010 0x06bd 0x46a4 0x0006 0x0006
0x05d0: 0x0002 0x8006                 PUSH reg::6                   r0=0x46a4 r1=0x0669 r2=0x6588 r3=0x0006 r4=0x0006 r5=0x1762 r6=0x6b03 r7=0x0000 st:0x001f|0x0010 0x06bd 0x46a4 0x0006 0x0006 0x1762
0x05d2: 0x0001 0x8006 0x8000          SET reg::6 reg::0             r0=0x46a4 r1=0x0669 r2=0x6588 r3=0x0006 r4=0x0006 r5=0x1762 r6=0x6b03 r7=0x0000 st:0x0020|0x06bd 0x46a4 0x0006 0x0006 0x1762 0x6b03
0x05d5: 0x0001 0x8005 0x8001          SET reg::5 reg::1             r0=0x46a4 r1=0x0669 r2=0x6588 r3=0x0006 r4=0x0006 r5=0x1762 r6=0x46a4 r7=0x0000 st:0x0020|0x06bd 0x46a4 0x0006 0x0006 0x1762 0x6b03
0x05d8: 0x000f 0x8004 0x8000          RMEM reg::4 reg::0            r0=0x46a4 r1=0x0669 r2=0x6588 r3=0x0006 r4=0x0006 r5=0x0669 r6=0x46a4 r7=0x0000 st:0x0020|0x06bd 0x46a4 0x0006 0x0006 0x1762 0x6b03
0x05db: 0x0001 0x8001 0x0000          SET reg::1 0x0000             r0=0x46a4 r1=0x0669 r2=0x6588 r3=0x0006 r4=0x0006 r5=0x0669 r6=0x46a4 r7=0x0000 st:0x0020|0x06bd 0x46a4 0x0006 0x0006 0x1762 0x6b03
0x05de: 0x0009 0x8003 0x0001 0x8001   ADD reg::3 0x0001 reg::1      r0=0x46a4 r1=0x0000 r2=0x6588 r3=0x0006 r4=0x0006 r5=0x0669 r6=0x46a4 r7=0x0000 st:0x0020|0x06bd 0x46a4 0x0006 0x0006 0x1762 0x6b03
0x05e2: 0x0005 0x8000 0x8003 0x8004   GT reg::0 reg::3 reg::4       r0=0x46a4 r1=0x0000 r2=0x6588 r3=0x0001 r4=0x0006 r5=0x0669 r6=0x46a4 r7=0x0000 st:0x0020|0x06bd 0x46a4 0x0006 0x0006 0x1762 0x6b03
0x05e6: 0x0007 0x8000 0x05f9          JT reg::0 0x05f9              r0=0x0000 r1=0x0000 r2=0x6588 r3=0x0001 r4=0x0006 r5=0x0669 r6=0x46a4 r7=0x0000 st:0x0020|0x06bd 0x46a4 0x0006 0x0006 0x1762 0x6b03
0x05e9: 0x0009 0x8003 0x8003 0x8006   ADD reg::3 reg::3 reg::6      r0=0x0000 r1=0x0000 r2=0x6588 r3=0x0001 r4=0x0006 r5=0x0669 r6=0x46a4 r7=0x0000 st:0x0020|0x06bd 0x46a4 0x0006 0x0006 0x1762 0x6b03
0x05ed: 0x000f 0x8000 0x8003          RMEM reg::0 reg::3            r0=0x0000 r1=0x0000 r2=0x6588 r3=0x46a5 r4=0x0006 r5=0x0669 r6=0x46a4 r7=0x0000 st:0x0020|0x06bd 0x46a4 0x0006 0x0006 0x1762 0x6b03
0x05f0: 0x0011 0x8005                 CALL reg::5                   r0=0x0074 r1=0x0000 r2=0x6588 r3=0x46a5 r4=0x0006 r5=0x0669 r6=0x46a4 r7=0x0000 st:0x0020|0x06bd 0x46a4 0x0006 0x0006 0x1762 0x6b03
0x0669: 0x0002 0x8003                 PUSH reg::3                   r0=0x0074 r1=0x0000 r2=0x6588 r3=0x46a5 r4=0x0006 r5=0x0669 r6=0x46a4 r7=0x0000 st:0x0021|0x46a4 0x0006 0x0006 0x1762 0x6b03 0x05f2
0x066b: 0x0009 0x8003 0x8002 0x0001   ADD reg::3 reg::2 0x0001      r0=0x0074 r1=0x0000 r2=0x6588 r3=0x46a5 r4=0x0006 r5=0x0669 r6=0x46a4 r7=0x0000 st:0x0022|0x0006 0x0006 0x1762 0x6b03 0x05f2 0x46a5
0x066f: 0x0009 0x8003 0x8003 0x8001   ADD reg::3 reg::3 reg::1      r0=0x0074 r1=0x0000 r2=0x6588 r3=0x6589 r4=0x0006 r5=0x0669 r6=0x46a4 r7=0x0000 st:0x0022|0x0006 0x0006 0x1762 0x6b03 0x05f2 0x46a5
0x0673: 0x000f 0x8003 0x8003          RMEM reg::3 reg::3            r0=0x0074 r1=0x0000 r2=0x6588 r3=0x6589 r4=0x0006 r5=0x0669 r6=0x46a4 r7=0x0000 st:0x0022|0x0006 0x0006 0x1762 0x6b03 0x05f2 0x46a5
0x0676: 0x0004 0x8003 0x8000 0x8003   EQ reg::3 reg::0 reg::3       r0=0x0074 r1=0x0000 r2=0x6588 r3=0x0074 r4=0x0006 r5=0x0669 r6=0x46a4 r7=0x0000 st:0x0022|0x0006 0x0006 0x1762 0x6b03 0x05f2 0x46a5
0x067a: 0x0007 0x8003 0x0683          JT reg::3 0x0683              r0=0x0074 r1=0x0000 r2=0x6588 r3=0x0001 r4=0x0006 r5=0x0669 r6=0x46a4 r7=0x0000 st:0x0022|0x0006 0x0006 0x1762 0x6b03 0x05f2 0x46a5
0x0683: 0x0003 0x8003                 POP reg::3                    r0=0x0074 r1=0x0000 r2=0x6588 r3=0x0001 r4=0x0006 r5=0x0669 r6=0x46a4 r7=0x0000 st:0x0022|0x0006 0x0006 0x1762 0x6b03 0x05f2 0x46a5
0x0685: 0x0012                        RET                           r0=0x0074 r1=0x0000 r2=0x6588 r3=0x46a5 r4=0x0006 r5=0x0669 r6=0x46a4 r7=0x0000 st:0x0021|0x46a4 0x0006 0x0006 0x1762 0x6b03 0x05f2
0x05f2: 0x0009 0x8001 0x8001 0x0001   ADD reg::1 reg::1 0x0001      r0=0x0074 r1=0x0000 r2=0x6588 r3=0x46a5 r4=0x0006 r5=0x0669 r6=0x46a4 r7=0x0000 st:0x0020|0x06bd 0x46a4 0x0006 0x0006 0x1762 0x6b03
0x05f6: 0x0007 0x8001 0x05de          JT reg::1 0x05de              r0=0x0074 r1=0x0001 r2=0x6588 r3=0x46a5 r4=0x0006 r5=0x0669 r6=0x46a4 r7=0x0000 st:0x0020|0x06bd 0x46a4 0x0006 0x0006 0x1762 0x6b03
0x05de: 0x0009 0x8003 0x0001 0x8001   ADD reg::3 0x0001 reg::1      r0=0x0074 r1=0x0001 r2=0x6588 r3=0x46a5 r4=0x0006 r5=0x0669 r6=0x46a4 r7=0x0000 st:0x0020|0x06bd 0x46a4 0x0006 0x0006 0x1762 0x6b03
0x05e2: 0x0005 0x8000 0x8003 0x8004   GT reg::0 reg::3 reg::4       r0=0x0074 r1=0x0001 r2=0x6588 r3=0x0002 r4=0x0006 r5=0x0669 r6=0x46a4 r7=0x0000 st:0x0020|0x06bd 0x46a4 0x0006 0x0006 0x1762 0x6b03
0x05e6: 0x0007 0x8000 0x05f9          JT reg::0 0x05f9              r0=0x0000 r1=0x0001 r2=0x6588 r3=0x0002 r4=0x0006 r5=0x0669 r6=0x46a4 r7=0x0000 st:0x0020|0x06bd 0x46a4 0x0006 0x0006 0x1762 0x6b03
0x05e9: 0x0009 0x8003 0x8003 0x8006   ADD reg::3 reg::3 reg::6      r0=0x0000 r1=0x0001 r2=0x6588 r3=0x0002 r4=0x0006 r5=0x0669 r6=0x46a4 r7=0x0000 st:0x0020|0x06bd 0x46a4 0x0006 0x0006 0x1762 0x6b03
0x05ed: 0x000f 0x8000 0x8003          RMEM reg::0 reg::3            r0=0x0000 r1=0x0001 r2=0x6588 r3=0x46a6 r4=0x0006 r5=0x0669 r6=0x46a4 r7=0x0000 st:0x0020|0x06bd 0x46a4 0x0006 0x0006 0x1762 0x6b03
0x05f0: 0x0011 0x8005                 CALL reg::5                   r0=0x0061 r1=0x0001 r2=0x6588 r3=0x46a6 r4=0x0006 r5=0x0669 r6=0x46a4 r7=0x0000 st:0x0020|0x06bd 0x46a4 0x0006 0x0006 0x1762 0x6b03
0x0669: 0x0002 0x8003                 PUSH reg::3                   r0=0x0061 r1=0x0001 r2=0x6588 r3=0x46a6 r4=0x0006 r5=0x0669 r6=0x46a4 r7=0x0000 st:0x0021|0x46a4 0x0006 0x0006 0x1762 0x6b03 0x05f2
0x066b: 0x0009 0x8003 0x8002 0x0001   ADD reg::3 reg::2 0x0001      r0=0x0061 r1=0x0001 r2=0x6588 r3=0x46a6 r4=0x0006 r5=0x0669 r6=0x46a4 r7=0x0000 st:0x0022|0x0006 0x0006 0x1762 0x6b03 0x05f2 0x46a6
0x066f: 0x0009 0x8003 0x8003 0x8001   ADD reg::3 reg::3 reg::1      r0=0x0061 r1=0x0001 r2=0x6588 r3=0x6589 r4=0x0006 r5=0x0669 r6=0x46a4 r7=0x0000 st:0x0022|0x0006 0x0006 0x1762 0x6b03 0x05f2 0x46a6
0x0673: 0x000f 0x8003 0x8003          RMEM reg::3 reg::3            r0=0x0061 r1=0x0001 r2=0x6588 r3=0x658a r4=0x0006 r5=0x0669 r6=0x46a4 r7=0x0000 st:0x0022|0x0006 0x0006 0x1762 0x6b03 0x05f2 0x46a6
0x0676: 0x0004 0x8003 0x8000 0x8003   EQ reg::3 reg::0 reg::3       r0=0x0061 r1=0x0001 r2=0x6588 r3=0x0061 r4=0x0006 r5=0x0669 r6=0x46a4 r7=0x0000 st:0x0022|0x0006 0x0006 0x1762 0x6b03 0x05f2 0x46a6
0x067a: 0x0007 0x8003 0x0683          JT reg::3 0x0683              r0=0x0061 r1=0x0001 r2=0x6588 r3=0x0001 r4=0x0006 r5=0x0669 r6=0x46a4 r7=0x0000 st:0x0022|0x0006 0x0006 0x1762 0x6b03 0x05f2 0x46a6
0x0683: 0x0003 0x8003                 POP reg::3                    r0=0x0061 r1=0x0001 r2=0x6588 r3=0x0001 r4=0x0006 r5=0x0669 r6=0x46a4 r7=0x0000 st:0x0022|0x0006 0x0006 0x1762 0x6b03 0x05f2 0x46a6
0x0685: 0x0012                        RET                           r0=0x0061 r1=0x0001 r2=0x6588 r3=0x46a6 r4=0x0006 r5=0x0669 r6=0x46a4 r7=0x0000 st:0x0021|0x46a4 0x0006 0x0006 0x1762 0x6b03 0x05f2
0x05f2: 0x0009 0x8001 0x8001 0x0001   ADD reg::1 reg::1 0x0001      r0=0x0061 r1=0x0001 r2=0x6588 r3=0x46a6 r4=0x0006 r5=0x0669 r6=0x46a4 r7=0x0000 st:0x0020|0x06bd 0x46a4 0x0006 0x0006 0x1762 0x6b03
0x05f6: 0x0007 0x8001 0x05de          JT reg::1 0x05de              r0=0x0061 r1=0x0002 r2=0x6588 r3=0x46a6 r4=0x0006 r5=0x0669 r6=0x46a4 r7=0x0000 st:0x0020|0x06bd 0x46a4 0x0006 0x0006 0x1762 0x6b03
0x05de: 0x0009 0x8003 0x0001 0x8001   ADD reg::3 0x0001 reg::1      r0=0x0061 r1=0x0002 r2=0x6588 r3=0x46a6 r4=0x0006 r5=0x0669 r6=0x46a4 r7=0x0000 st:0x0020|0x06bd 0x46a4 0x0006 0x0006 0x1762 0x6b03
0x05e2: 0x0005 0x8000 0x8003 0x8004   GT reg::0 reg::3 reg::4       r0=0x0061 r1=0x0002 r2=0x6588 r3=0x0003 r4=0x0006 r5=0x0669 r6=0x46a4 r7=0x0000 st:0x0020|0x06bd 0x46a4 0x0006 0x0006 0x1762 0x6b03
0x05e6: 0x0007 0x8000 0x05f9          JT reg::0 0x05f9              r0=0x0000 r1=0x0002 r2=0x6588 r3=0x0003 r4=0x0006 r5=0x0669 r6=0x46a4 r7=0x0000 st:0x0020|0x06bd 0x46a4 0x0006 0x0006 0x1762 0x6b03
0x05e9: 0x0009 0x8003 0x8003 0x8006   ADD reg::3 reg::3 reg::6      r0=0x0000 r1=0x0002 r2=0x6588 r3=0x0003 r4=0x0006 r5=0x0669 r6=0x46a4 r7=0x0000 st:0x0020|0x06bd 0x46a4 0x0006 0x0006 0x1762 0x6b03
0x05ed: 0x000f 0x8000 0x8003          RMEM reg::0 reg::3            r0=0x0000 r1=0x0002 r2=0x6588 r3=0x46a7 r4=0x0006 r5=0x0669 r6=0x46a4 r7=0x0000 st:0x0020|0x06bd 0x46a4 0x0006 0x0006 0x1762 0x6b03
0x05f0: 0x0011 0x8005                 CALL reg::5                   r0=0x0062 r1=0x0002 r2=0x6588 r3=0x46a7 r4=0x0006 r5=0x0669 r6=0x46a4 r7=0x0000 st:0x0020|0x06bd 0x46a4 0x0006 0x0006 0x1762 0x6b03
0x0669: 0x0002 0x8003                 PUSH reg::3                   r0=0x0062 r1=0x0002 r2=0x6588 r3=0x46a7 r4=0x0006 r5=0x0669 r6=0x46a4 r7=0x0000 st:0x0021|0x46a4 0x0006 0x0006 0x1762 0x6b03 0x05f2
0x066b: 0x0009 0x8003 0x8002 0x0001   ADD reg::3 reg::2 0x0001      r0=0x0062 r1=0x0002 r2=0x6588 r3=0x46a7 r4=0x0006 r5=0x0669 r6=0x46a4 r7=0x0000 st:0x0022|0x0006 0x0006 0x1762 0x6b03 0x05f2 0x46a7
0x066f: 0x0009 0x8003 0x8003 0x8001   ADD reg::3 reg::3 reg::1      r0=0x0062 r1=0x0002 r2=0x6588 r3=0x6589 r4=0x0006 r5=0x0669 r6=0x46a4 r7=0x0000 st:0x0022|0x0006 0x0006 0x1762 0x6b03 0x05f2 0x46a7
0x0673: 0x000f 0x8003 0x8003          RMEM reg::3 reg::3            r0=0x0062 r1=0x0002 r2=0x6588 r3=0x658b r4=0x0006 r5=0x0669 r6=0x46a4 r7=0x0000 st:0x0022|0x0006 0x0006 0x1762 0x6b03 0x05f2 0x46a7
0x0676: 0x0004 0x8003 0x8000 0x8003   EQ reg::3 reg::0 reg::3       r0=0x0062 r1=0x0002 r2=0x6588 r3=0x0062 r4=0x0006 r5=0x0669 r6=0x46a4 r7=0x0000 st:0x0022|0x0006 0x0006 0x1762 0x6b03 0x05f2 0x46a7
0x067a: 0x0007 0x8003 0x0683          JT reg::3 0x0683              r0=0x0062 r1=0x0002 r2=0x6588 r3=0x0001 r4=0x0006 r5=0x0669 r6=0x46a4 r7=0x0000 st:0x0022|0x0006 0x0006 0x1762 0x6b03 0x05f2 0x46a7
0x0683: 0x0003 0x8003                 POP reg::3                    r0=0x0062 r1=0x0002 r2=0x6588 r3=0x0001 r4=0x0006 r5=0x0669 r6=0x46a4 r7=0x0000 st:0x0022|0x0006 0x0006 0x1762 0x6b03 0x05f2 0x46a7
0x0685: 0x0012                        RET                           r0=0x0062 r1=0x0002 r2=0x6588 r3=0x46a7 r4=0x0006 r5=0x0669 r6=0x46a4 r7=0x0000 st:0x0021|0x46a4 0x0006 0x0006 0x1762 0x6b03 0x05f2
0x05f2: 0x0009 0x8001 0x8001 0x0001   ADD reg::1 reg::1 0x0001      r0=0x0062 r1=0x0002 r2=0x6588 r3=0x46a7 r4=0x0006 r5=0x0669 r6=0x46a4 r7=0x0000 st:0x0020|0x06bd 0x46a4 0x0006 0x0006 0x1762 0x6b03
0x05f6: 0x0007 0x8001 0x05de          JT reg::1 0x05de              r0=0x0062 r1=0x0003 r2=0x6588 r3=0x46a7 r4=0x0006 r5=0x0669 r6=0x46a4 r7=0x0000 st:0x0020|0x06bd 0x46a4 0x0006 0x0006 0x1762 0x6b03
0x05de: 0x0009 0x8003 0x0001 0x8001   ADD reg::3 0x0001 reg::1      r0=0x0062 r1=0x0003 r2=0x6588 r3=0x46a7 r4=0x0006 r5=0x0669 r6=0x46a4 r7=0x0000 st:0x0020|0x06bd 0x46a4 0x0006 0x0006 0x1762 0x6b03
0x05e2: 0x0005 0x8000 0x8003 0x8004   GT reg::0 reg::3 reg::4       r0=0x0062 r1=0x0003 r2=0x6588 r3=0x0004 r4=0x0006 r5=0x0669 r6=0x46a4 r7=0x0000 st:0x0020|0x06bd 0x46a4 0x0006 0x0006 0x1762 0x6b03
0x05e6: 0x0007 0x8000 0x05f9          JT reg::0 0x05f9              r0=0x0000 r1=0x0003 r2=0x6588 r3=0x0004 r4=0x0006 r5=0x0669 r6=0x46a4 r7=0x0000 st:0x0020|0x06bd 0x46a4 0x0006 0x0006 0x1762 0x6b03
0x05e9: 0x0009 0x8003 0x8003 0x8006   ADD reg::3 reg::3 reg::6      r0=0x0000 r1=0x0003 r2=0x6588 r3=0x0004 r4=0x0006 r5=0x0669 r6=0x46a4 r7=0x0000 st:0x0020|0x06bd 0x46a4 0x0006 0x0006 0x1762 0x6b03
0x05ed: 0x000f 0x8000 0x8003          RMEM reg::0 reg::3            r0=0x0000 r1=0x0003 r2=0x6588 r3=0x46a8 r4=0x0006 r5=0x0669 r6=0x46a4 r7=0x0000 st:0x0020|0x06bd 0x46a4 0x0006 0x0006 0x1762 0x6b03
0x05f0: 0x0011 0x8005                 CALL reg::5                   r0=0x006c r1=0x0003 r2=0x6588 r3=0x46a8 r4=0x0006 r5=0x0669 r6=0x46a4 r7=0x0000 st:0x0020|0x06bd 0x46a4 0x0006 0x0006 0x1762 0x6b03
0x0669: 0x0002 0x8003                 PUSH reg::3                   r0=0x006c r1=0x0003 r2=0x6588 r3=0x46a8 r4=0x0006 r5=0x0669 r6=0x46a4 r7=0x0000 st:0x0021|0x46a4 0x0006 0x0006 0x1762 0x6b03 0x05f2
0x066b: 0x0009 0x8003 0x8002 0x0001   ADD reg::3 reg::2 0x0001      r0=0x006c r1=0x0003 r2=0x6588 r3=0x46a8 r4=0x0006 r5=0x0669 r6=0x46a4 r7=0x0000 st:0x0022|0x0006 0x0006 0x1762 0x6b03 0x05f2 0x46a8
0x066f: 0x0009 0x8003 0x8003 0x8001   ADD reg::3 reg::3 reg::1      r0=0x006c r1=0x0003 r2=0x6588 r3=0x6589 r4=0x0006 r5=0x0669 r6=0x46a4 r7=0x0000 st:0x0022|0x0006 0x0006 0x1762 0x6b03 0x05f2 0x46a8
0x0673: 0x000f 0x8003 0x8003          RMEM reg::3 reg::3            r0=0x006c r1=0x0003 r2=0x6588 r3=0x658c r4=0x0006 r5=0x0669 r6=0x46a4 r7=0x0000 st:0x0022|0x0006 0x0006 0x1762 0x6b03 0x05f2 0x46a8
0x0676: 0x0004 0x8003 0x8000 0x8003   EQ reg::3 reg::0 reg::3       r0=0x006c r1=0x0003 r2=0x6588 r3=0x006c r4=0x0006 r5=0x0669 r6=0x46a4 r7=0x0000 st:0x0022|0x0006 0x0006 0x1762 0x6b03 0x05f2 0x46a8
0x067a: 0x0007 0x8003 0x0683          JT reg::3 0x0683              r0=0x006c r1=0x0003 r2=0x6588 r3=0x0001 r4=0x0006 r5=0x0669 r6=0x46a4 r7=0x0000 st:0x0022|0x0006 0x0006 0x1762 0x6b03 0x05f2 0x46a8
0x0683: 0x0003 0x8003                 POP reg::3                    r0=0x006c r1=0x0003 r2=0x6588 r3=0x0001 r4=0x0006 r5=0x0669 r6=0x46a4 r7=0x0000 st:0x0022|0x0006 0x0006 0x1762 0x6b03 0x05f2 0x46a8
0x0685: 0x0012                        RET                           r0=0x006c r1=0x0003 r2=0x6588 r3=0x46a8 r4=0x0006 r5=0x0669 r6=0x46a4 r7=0x0000 st:0x0021|0x46a4 0x0006 0x0006 0x1762 0x6b03 0x05f2
0x05f2: 0x0009 0x8001 0x8001 0x0001   ADD reg::1 reg::1 0x0001      r0=0x006c r1=0x0003 r2=0x6588 r3=0x46a8 r4=0x0006 r5=0x0669 r6=0x46a4 r7=0x0000 st:0x0020|0x06bd 0x46a4 0x0006 0x0006 0x1762 0x6b03
0x05f6: 0x0007 0x8001 0x05de          JT reg::1 0x05de              r0=0x006c r1=0x0004 r2=0x6588 r3=0x46a8 r4=0x0006 r5=0x0669 r6=0x46a4 r7=0x0000 st:0x0020|0x06bd 0x46a4 0x0006 0x0006 0x1762 0x6b03
0x05de: 0x0009 0x8003 0x0001 0x8001   ADD reg::3 0x0001 reg::1      r0=0x006c r1=0x0004 r2=0x6588 r3=0x46a8 r4=0x0006 r5=0x0669 r6=0x46a4 r7=0x0000 st:0x0020|0x06bd 0x46a4 0x0006 0x0006 0x1762 0x6b03
0x05e2: 0x0005 0x8000 0x8003 0x8004   GT reg::0 reg::3 reg::4       r0=0x006c r1=0x0004 r2=0x6588 r3=0x0005 r4=0x0006 r5=0x0669 r6=0x46a4 r7=0x0000 st:0x0020|0x06bd 0x46a4 0x0006 0x0006 0x1762 0x6b03
0x05e6: 0x0007 0x8000 0x05f9          JT reg::0 0x05f9              r0=0x0000 r1=0x0004 r2=0x6588 r3=0x0005 r4=0x0006 r5=0x0669 r6=0x46a4 r7=0x0000 st:0x0020|0x06bd 0x46a4 0x0006 0x0006 0x1762 0x6b03
0x05e9: 0x0009 0x8003 0x8003 0x8006   ADD reg::3 reg::3 reg::6      r0=0x0000 r1=0x0004 r2=0x6588 r3=0x0005 r4=0x0006 r5=0x0669 r6=0x46a4 r7=0x0000 st:0x0020|0x06bd 0x46a4 0x0006 0x0006 0x1762 0x6b03
0x05ed: 0x000f 0x8000 0x8003          RMEM reg::0 reg::3            r0=0x0000 r1=0x0004 r2=0x6588 r3=0x46a9 r4=0x0006 r5=0x0669 r6=0x46a4 r7=0x0000 st:0x0020|0x06bd 0x46a4 0x0006 0x0006 0x1762 0x6b03
0x05f0: 0x0011 0x8005                 CALL reg::5                   r0=0x0065 r1=0x0004 r2=0x6588 r3=0x46a9 r4=0x0006 r5=0x0669 r6=0x46a4 r7=0x0000 st:0x0020|0x06bd 0x46a4 0x0006 0x0006 0x1762 0x6b03
0x0669: 0x0002 0x8003                 PUSH reg::3                   r0=0x0065 r1=0x0004 r2=0x6588 r3=0x46a9 r4=0x0006 r5=0x0669 r6=0x46a4 r7=0x0000 st:0x0021|0x46a4 0x0006 0x0006 0x1762 0x6b03 0x05f2
0x066b: 0x0009 0x8003 0x8002 0x0001   ADD reg::3 reg::2 0x0001      r0=0x0065 r1=0x0004 r2=0x6588 r3=0x46a9 r4=0x0006 r5=0x0669 r6=0x46a4 r7=0x0000 st:0x0022|0x0006 0x0006 0x1762 0x6b03 0x05f2 0x46a9
0x066f: 0x0009 0x8003 0x8003 0x8001   ADD reg::3 reg::3 reg::1      r0=0x0065 r1=0x0004 r2=0x6588 r3=0x6589 r4=0x0006 r5=0x0669 r6=0x46a4 r7=0x0000 st:0x0022|0x0006 0x0006 0x1762 0x6b03 0x05f2 0x46a9
0x0673: 0x000f 0x8003 0x8003          RMEM reg::3 reg::3            r0=0x0065 r1=0x0004 r2=0x6588 r3=0x658d r4=0x0006 r5=0x0669 r6=0x46a4 r7=0x0000 st:0x0022|0x0006 0x0006 0x1762 0x6b03 0x05f2 0x46a9
0x0676: 0x0004 0x8003 0x8000 0x8003   EQ reg::3 reg::0 reg::3       r0=0x0065 r1=0x0004 r2=0x6588 r3=0x0065 r4=0x0006 r5=0x0669 r6=0x46a4 r7=0x0000 st:0x0022|0x0006 0x0006 0x1762 0x6b03 0x05f2 0x46a9
0x067a: 0x0007 0x8003 0x0683          JT reg::3 0x0683              r0=0x0065 r1=0x0004 r2=0x6588 r3=0x0001 r4=0x0006 r5=0x0669 r6=0x46a4 r7=0x0000 st:0x0022|0x0006 0x0006 0x1762 0x6b03 0x05f2 0x46a9
0x0683: 0x0003 0x8003                 POP reg::3                    r0=0x0065 r1=0x0004 r2=0x6588 r3=0x0001 r4=0x0006 r5=0x0669 r6=0x46a4 r7=0x0000 st:0x0022|0x0006 0x0006 0x1762 0x6b03 0x05f2 0x46a9
0x0685: 0x0012                        RET                           r0=0x0065 r1=0x0004 r2=0x6588 r3=0x46a9 r4=0x0006 r5=0x0669 r6=0x46a4 r7=0x0000 st:0x0021|0x46a4 0x0006 0x0006 0x1762 0x6b03 0x05f2
0x05f2: 0x0009 0x8001 0x8001 0x0001   ADD reg::1 reg::1 0x0001      r0=0x0065 r1=0x0004 r2=0x6588 r3=0x46a9 r4=0x0006 r5=0x0669 r6=0x46a4 r7=0x0000 st:0x0020|0x06bd 0x46a4 0x0006 0x0006 0x1762 0x6b03
0x05f6: 0x0007 0x8001 0x05de          JT reg::1 0x05de              r0=0x0065 r1=0x0005 r2=0x6588 r3=0x46a9 r4=0x0006 r5=0x0669 r6=0x46a4 r7=0x0000 st:0x0020|0x06bd 0x46a4 0x0006 0x0006 0x1762 0x6b03
0x05de: 0x0009 0x8003 0x0001 0x8001   ADD reg::3 0x0001 reg::1      r0=0x0065 r1=0x0005 r2=0x6588 r3=0x46a9 r4=0x0006 r5=0x0669 r6=0x46a4 r7=0x0000 st:0x0020|0x06bd 0x46a4 0x0006 0x0006 0x1762 0x6b03
0x05e2: 0x0005 0x8000 0x8003 0x8004   GT reg::0 reg::3 reg::4       r0=0x0065 r1=0x0005 r2=0x6588 r3=0x0006 r4=0x0006 r5=0x0669 r6=0x46a4 r7=0x0000 st:0x0020|0x06bd 0x46a4 0x0006 0x0006 0x1762 0x6b03
0x05e6: 0x0007 0x8000 0x05f9          JT reg::0 0x05f9              r0=0x0000 r1=0x0005 r2=0x6588 r3=0x0006 r4=0x0006 r5=0x0669 r6=0x46a4 r7=0x0000 st:0x0020|0x06bd 0x46a4 0x0006 0x0006 0x1762 0x6b03
0x05e9: 0x0009 0x8003 0x8003 0x8006   ADD reg::3 reg::3 reg::6      r0=0x0000 r1=0x0005 r2=0x6588 r3=0x0006 r4=0x0006 r5=0x0669 r6=0x46a4 r7=0x0000 st:0x0020|0x06bd 0x46a4 0x0006 0x0006 0x1762 0x6b03
0x05ed: 0x000f 0x8000 0x8003          RMEM reg::0 reg::3            r0=0x0000 r1=0x0005 r2=0x6588 r3=0x46aa r4=0x0006 r5=0x0669 r6=0x46a4 r7=0x0000 st:0x0020|0x06bd 0x46a4 0x0006 0x0006 0x1762 0x6b03
0x05f0: 0x0011 0x8005                 CALL reg::5                   r0=0x0074 r1=0x0005 r2=0x6588 r3=0x46aa r4=0x0006 r5=0x0669 r6=0x46a4 r7=0x0000 st:0x0020|0x06bd 0x46a4 0x0006 0x0006 0x1762 0x6b03
0x0669: 0x0002 0x8003                 PUSH reg::3                   r0=0x0074 r1=0x0005 r2=0x6588 r3=0x46aa r4=0x0006 r5=0x0669 r6=0x46a4 r7=0x0000 st:0x0021|0x46a4 0x0006 0x0006 0x1762 0x6b03 0x05f2
0x066b: 0x0009 0x8003 0x8002 0x0001   ADD reg::3 reg::2 0x0001      r0=0x0074 r1=0x0005 r2=0x6588 r3=0x46aa r4=0x0006 r5=0x0669 r6=0x46a4 r7=0x0000 st:0x0022|0x0006 0x0006 0x1762 0x6b03 0x05f2 0x46aa
0x066f: 0x0009 0x8003 0x8003 0x8001   ADD reg::3 reg::3 reg::1      r0=0x0074 r1=0x0005 r2=0x6588 r3=0x6589 r4=0x0006 r5=0x0669 r6=0x46a4 r7=0x0000 st:0x0022|0x0006 0x0006 0x1762 0x6b03 0x05f2 0x46aa
0x0673: 0x000f 0x8003 0x8003          RMEM reg::3 reg::3            r0=0x0074 r1=0x0005 r2=0x6588 r3=0x658e r4=0x0006 r5=0x0669 r6=0x46a4 r7=0x0000 st:0x0022|0x0006 0x0006 0x1762 0x6b03 0x05f2 0x46aa
0x0676: 0x0004 0x8003 0x8000 0x8003   EQ reg::3 reg::0 reg::3       r0=0x0074 r1=0x0005 r2=0x6588 r3=0x0074 r4=0x0006 r5=0x0669 r6=0x46a4 r7=0x0000 st:0x0022|0x0006 0x0006 0x1762 0x6b03 0x05f2 0x46aa
0x067a: 0x0007 0x8003 0x0683          JT reg::3 0x0683              r0=0x0074 r1=0x0005 r2=0x6588 r3=0x0001 r4=0x0006 r5=0x0669 r6=0x46a4 r7=0x0000 st:0x0022|0x0006 0x0006 0x1762 0x6b03 0x05f2 0x46aa
0x0683: 0x0003 0x8003                 POP reg::3                    r0=0x0074 r1=0x0005 r2=0x6588 r3=0x0001 r4=0x0006 r5=0x0669 r6=0x46a4 r7=0x0000 st:0x0022|0x0006 0x0006 0x1762 0x6b03 0x05f2 0x46aa
0x0685: 0x0012                        RET                           r0=0x0074 r1=0x0005 r2=0x6588 r3=0x46aa r4=0x0006 r5=0x0669 r6=0x46a4 r7=0x0000 st:0x0021|0x46a4 0x0006 0x0006 0x1762 0x6b03 0x05f2
0x05f2: 0x0009 0x8001 0x8001 0x0001   ADD reg::1 reg::1 0x0001      r0=0x0074 r1=0x0005 r2=0x6588 r3=0x46aa r4=0x0006 r5=0x0669 r6=0x46a4 r7=0x0000 st:0x0020|0x06bd 0x46a4 0x0006 0x0006 0x1762 0x6b03
0x05f6: 0x0007 0x8001 0x05de          JT reg::1 0x05de              r0=0x0074 r1=0x0006 r2=0x6588 r3=0x46aa r4=0x0006 r5=0x0669 r6=0x46a4 r7=0x0000 st:0x0020|0x06bd 0x46a4 0x0006 0x0006 0x1762 0x6b03
0x05de: 0x0009 0x8003 0x0001 0x8001   ADD reg::3 0x0001 reg::1      r0=0x0074 r1=0x0006 r2=0x6588 r3=0x46aa r4=0x0006 r5=0x0669 r6=0x46a4 r7=0x0000 st:0x0020|0x06bd 0x46a4 0x0006 0x0006 0x1762 0x6b03
0x05e2: 0x0005 0x8000 0x8003 0x8004   GT reg::0 reg::3 reg::4       r0=0x0074 r1=0x0006 r2=0x6588 r3=0x0007 r4=0x0006 r5=0x0669 r6=0x46a4 r7=0x0000 st:0x0020|0x06bd 0x46a4 0x0006 0x0006 0x1762 0x6b03
0x05e6: 0x0007 0x8000 0x05f9          JT reg::0 0x05f9              r0=0x0001 r1=0x0006 r2=0x6588 r3=0x0007 r4=0x0006 r5=0x0669 r6=0x46a4 r7=0x0000 st:0x0020|0x06bd 0x46a4 0x0006 0x0006 0x1762 0x6b03
0x05f9: 0x0003 0x8006                 POP reg::6                    r0=0x0001 r1=0x0006 r2=0x6588 r3=0x0007 r4=0x0006 r5=0x0669 r6=0x46a4 r7=0x0000 st:0x0020|0x06bd 0x46a4 0x0006 0x0006 0x1762 0x6b03
0x05fb: 0x0003 0x8005                 POP reg::5                    r0=0x0001 r1=0x0006 r2=0x6588 r3=0x0007 r4=0x0006 r5=0x0669 r6=0x6b03 r7=0x0000 st:0x001f|0x0010 0x06bd 0x46a4 0x0006 0x0006 0x1762
0x05fd: 0x0003 0x8004                 POP reg::4                    r0=0x0001 r1=0x0006 r2=0x6588 r3=0x0007 r4=0x0006 r5=0x1762 r6=0x6b03 r7=0x0000 st:0x001e|0x6b04 0x0010 0x06bd 0x46a4 0x0006 0x0006
0x05ff: 0x0003 0x8003                 POP reg::3                    r0=0x0001 r1=0x0006 r2=0x6588 r3=0x0007 r4=0x0006 r5=0x1762 r6=0x6b03 r7=0x0000 st:0x001d|0x6588 0x6b04 0x0010 0x06bd 0x46a4 0x0006
0x0601: 0x0003 0x8000                 POP reg::0                    r0=0x0001 r1=0x0006 r2=0x6588 r3=0x0006 r4=0x0006 r5=0x1762 r6=0x6b03 r7=0x0000 st:0x001c|0x6588 0x6588 0x6b04 0x0010 0x06bd 0x46a4
0x0603: 0x0012                        RET                           r0=0x46a4 r1=0x0006 r2=0x6588 r3=0x0006 r4=0x0006 r5=0x1762 r6=0x6b03 r7=0x0000 st:0x001b|0x1770 0x6588 0x6588 0x6b04 0x0010 0x06bd
0x06bd: 0x0008 0x8001 0x06c5          JF reg::1 0x06c5              r0=0x46a4 r1=0x0006 r2=0x6588 r3=0x0006 r4=0x0006 r5=0x1762 r6=0x6b03 r7=0x0000 st:0x001a|0x0000 0x1770 0x6588 0x6588 0x6b04 0x0010
0x06c0: 0x0001 0x8000 0x0001          SET reg::0 0x0001             r0=0x46a4 r1=0x0006 r2=0x6588 r3=0x0006 r4=0x0006 r5=0x1762 r6=0x6b03 r7=0x0000 st:0x001a|0x0000 0x1770 0x6588 0x6588 0x6b04 0x0010
0x06c3: 0x0006 0x06c8                 JMP 0x06c8                    r0=0x0001 r1=0x0006 r2=0x6588 r3=0x0006 r4=0x0006 r5=0x1762 r6=0x6b03 r7=0x0000 st:0x001a|0x0000 0x1770 0x6588 0x6588 0x6b04 0x0010
0x06c8: 0x0003 0x8004                 POP reg::4                    r0=0x0001 r1=0x0006 r2=0x6588 r3=0x0006 r4=0x0006 r5=0x1762 r6=0x6b03 r7=0x0000 st:0x001a|0x0000 0x1770 0x6588 0x6588 0x6b04 0x0010
0x06ca: 0x0003 0x8003                 POP reg::3                    r0=0x0001 r1=0x0006 r2=0x6588 r3=0x0006 r4=0x0010 r5=0x1762 r6=0x6b03 r7=0x0000 st:0x0019|0x05f2 0x0000 0x1770 0x6588 0x6588 0x6b04
0x06cc: 0x0003 0x8002                 POP reg::2                    r0=0x0001 r1=0x0006 r2=0x6588 r3=0x6b04 r4=0x0010 r5=0x1762 r6=0x6b03 r7=0x0000 st:0x0018|0x0000 0x05f2 0x0000 0x1770 0x6588 0x6588
0x06ce: 0x0003 0x8001                 POP reg::1                    r0=0x0001 r1=0x0006 r2=0x6588 r3=0x6b04 r4=0x0010 r5=0x1762 r6=0x6b03 r7=0x0000 st:0x0017|0x0000 0x0000 0x05f2 0x0000 0x1770 0x6588
0x06d0: 0x0012                        RET                           r0=0x0001 r1=0x6588 r2=0x6588 r3=0x6b04 r4=0x0010 r5=0x1762 r6=0x6b03 r7=0x0000 st:0x0016|0x0065 0x0000 0x0000 0x05f2 0x0000 0x1770
0x1770: 0x0003 0x8001                 POP reg::1                    r0=0x0001 r1=0x6588 r2=0x6588 r3=0x6b04 r4=0x0010 r5=0x1762 r6=0x6b03 r7=0x0000 st:0x0015|0x0010 0x0065 0x0000 0x0000 0x05f2 0x0000
0x1772: 0x0008 0x8000 0x177b          JF reg::0 0x177b              r0=0x0001 r1=0x0000 r2=0x6588 r3=0x6b04 r4=0x0010 r5=0x1762 r6=0x6b03 r7=0x0000 st:0x0014|0x6b03 0x0010 0x0065 0x0000 0x0000 0x05f2
0x1775: 0x0001 0x8002 0x8001          SET reg::2 reg::1             r0=0x0001 r1=0x0000 r2=0x6588 r3=0x6b04 r4=0x0010 r5=0x1762 r6=0x6b03 r7=0x0000 st:0x0014|0x6b03 0x0010 0x0065 0x0000 0x0000 0x05f2
0x1778: 0x0001 0x8001 0x7fff          SET reg::1 0x7fff             r0=0x0001 r1=0x0000 r2=0x0000 r3=0x6b04 r4=0x0010 r5=0x1762 r6=0x6b03 r7=0x0000 st:0x0014|0x6b03 0x0010 0x0065 0x0000 0x0000 0x05f2
0x177b: 0x0012                        RET                           r0=0x0001 r1=0x7fff r2=0x0000 r3=0x6b04 r4=0x0010 r5=0x1762 r6=0x6b03 r7=0x0000 st:0x0014|0x6b03 0x0010 0x0065 0x0000 0x0000 0x05f2
0x05f2: 0x0009 0x8001 0x8001 0x0001   ADD reg::1 reg::1 0x0001      r0=0x0001 r1=0x7fff r2=0x0000 r3=0x6b04 r4=0x0010 r5=0x1762 r6=0x6b03 r7=0x0000 st:0x0013|0x0629 0x6b03 0x0010 0x0065 0x0000 0x0000
0x05f6: 0x0007 0x8001 0x05de          JT reg::1 0x05de              r0=0x0001 r1=0x0000 r2=0x0000 r3=0x6b04 r4=0x0010 r5=0x1762 r6=0x6b03 r7=0x0000 st:0x0013|0x0629 0x6b03 0x0010 0x0065 0x0000 0x0000
0x05f9: 0x0003 0x8006                 POP reg::6                    r0=0x0001 r1=0x0000 r2=0x0000 r3=0x6b04 r4=0x0010 r5=0x1762 r6=0x6b03 r7=0x0000 st:0x0013|0x0629 0x6b03 0x0010 0x0065 0x0000 0x0000
0x05fb: 0x0003 0x8005                 POP reg::5                    r0=0x0001 r1=0x0000 r2=0x0000 r3=0x6b04 r4=0x0010 r5=0x1762 r6=0x0000 r7=0x0000 st:0x0012|0x0006 0x0629 0x6b03 0x0010 0x0065 0x0000
0x05fd: 0x0003 0x8004                 POP reg::4                    r0=0x0001 r1=0x0000 r2=0x0000 r3=0x6b04 r4=0x0010 r5=0x0000 r6=0x0000 r7=0x0000 st:0x0011|0x1762 0x0006 0x0629 0x6b03 0x0010 0x0065
0x05ff: 0x0003 0x8003                 POP reg::3                    r0=0x0001 r1=0x0000 r2=0x0000 r3=0x6b04 r4=0x0065 r5=0x0000 r6=0x0000 r7=0x0000 st:0x0010|0x1746 0x1762 0x0006 0x0629 0x6b03 0x0010
0x0601: 0x0003 0x8000                 POP reg::0                    r0=0x0001 r1=0x0000 r2=0x0000 r3=0x0010 r4=0x0065 r5=0x0000 r6=0x0000 r7=0x0000 st:0x000f|0x0003 0x1746 0x1762 0x0006 0x0629 0x6b03
0x0603: 0x0012                        RET                           r0=0x6b03 r1=0x0000 r2=0x0000 r3=0x0010 r4=0x0065 r5=0x0000 r6=0x0000 r7=0x0000 st:0x000e|0x0e06 0x0003 0x1746 0x1762 0x0006 0x0629
0x0629: 0x0007 0x8001 0x0631          JT reg::1 0x0631              r0=0x6b03 r1=0x0000 r2=0x0000 r3=0x0010 r4=0x0065 r5=0x0000 r6=0x0000 r7=0x0000 st:0x000d|0x0e0c 0x0e06 0x0003 0x1746 0x1762 0x0006
0x062c: 0x0001 0x8000 0x8002          SET reg::0 reg::2             r0=0x6b03 r1=0x0000 r2=0x0000 r3=0x0010 r4=0x0065 r5=0x0000 r6=0x0000 r7=0x0000 st:0x000d|0x0e0c 0x0e06 0x0003 0x1746 0x1762 0x0006
0x062f: 0x0006 0x0634                 JMP 0x0634                    r0=0x0000 r1=0x0000 r2=0x0000 r3=0x0010 r4=0x0065 r5=0x0000 r6=0x0000 r7=0x0000 st:0x000d|0x0e0c 0x0e06 0x0003 0x1746 0x1762 0x0006
0x0634: 0x0003 0x8003                 POP reg::3                    r0=0x0000 r1=0x0000 r2=0x0000 r3=0x0010 r4=0x0065 r5=0x0000 r6=0x0000 r7=0x0000 st:0x000d|0x0e0c 0x0e06 0x0003 0x1746 0x1762 0x0006
0x0636: 0x0003 0x8001                 POP reg::1                    r0=0x0000 r1=0x0000 r2=0x0000 r3=0x0006 r4=0x0065 r5=0x0000 r6=0x0000 r7=0x0000 st:0x000c|0x0e06 0x0e0c 0x0e06 0x0003 0x1746 0x1762
0x0638: 0x0012                        RET                           r0=0x0000 r1=0x1762 r2=0x0000 r3=0x0006 r4=0x0065 r5=0x0000 r6=0x0000 r7=0x0000 st:0x000b|0x6588 0x0e06 0x0e0c 0x0e06 0x0003 0x1746
0x1746: 0x0004 0x8001 0x8000 0x7fff   EQ reg::1 reg::0 0x7fff       r0=0x0000 r1=0x1762 r2=0x0000 r3=0x0006 r4=0x0065 r5=0x0000 r6=0x0000 r7=0x0000 st:0x000a|0x0b9e 0x6588 0x0e06 0x0e0c 0x0e06 0x0003
0x174a: 0x0007 0x8001 0x175a          JT reg::1 0x175a              r0=0x0000 r1=0x0000 r2=0x0000 r3=0x0006 r4=0x0065 r5=0x0000 r6=0x0000 r7=0x0000 st:0x000a|0x0b9e 0x6588 0x0e06 0x0e0c 0x0e06 0x0003
0x174d: 0x0009 0x8001 0x6b03 0x8000   ADD reg::1 0x6b03 reg::0      r0=0x0000 r1=0x0000 r2=0x0000 r3=0x0006 r4=0x0065 r5=0x0000 r6=0x0000 r7=0x0000 st:0x000a|0x0b9e 0x6588 0x0e06 0x0e0c 0x0e06 0x0003
0x1751: 0x0009 0x8001 0x8001 0x0001   ADD reg::1 reg::1 0x0001      r0=0x0000 r1=0x6b03 r2=0x0000 r3=0x0006 r4=0x0065 r5=0x0000 r6=0x0000 r7=0x0000 st:0x000a|0x0b9e 0x6588 0x0e06 0x0e0c 0x0e06 0x0003
0x1755: 0x000f 0x8000 0x8001          RMEM reg::0 reg::1            r0=0x0000 r1=0x6b04 r2=0x0000 r3=0x0006 r4=0x0065 r5=0x0000 r6=0x0000 r7=0x0000 st:0x000a|0x0b9e 0x6588 0x0e06 0x0e0c 0x0e06 0x0003
0x1758: 0x0006 0x175d                 JMP 0x175d                    r0=0x0a82 r1=0x6b04 r2=0x0000 r3=0x0006 r4=0x0065 r5=0x0000 r6=0x0000 r7=0x0000 st:0x000a|0x0b9e 0x6588 0x0e06 0x0e0c 0x0e06 0x0003
0x175d: 0x0003 0x8002                 POP reg::2                    r0=0x0a82 r1=0x6b04 r2=0x0000 r3=0x0006 r4=0x0065 r5=0x0000 r6=0x0000 r7=0x0000 st:0x000a|0x0b9e 0x6588 0x0e06 0x0e0c 0x0e06 0x0003
0x175f: 0x0003 0x8001                 POP reg::1                    r0=0x0a82 r1=0x6b04 r2=0x0003 r3=0x0006 r4=0x0065 r5=0x0000 r6=0x0000 r7=0x0000 st:0x0009|0x0001 0x0b9e 0x6588 0x0e06 0x0e0c 0x0e06
0x1761: 0x0012                        RET                           r0=0x0a82 r1=0x0e06 r2=0x0003 r3=0x0006 r4=0x0065 r5=0x0000 r6=0x0000 r7=0x0000 st:0x0008|0x1802 0x0001 0x0b9e 0x6588 0x0e06 0x0e0c
0x0e0c: 0x0008 0x8000 0x0e27          JF reg::0 0x0e27              r0=0x0a82 r1=0x0e06 r2=0x0003 r3=0x0006 r4=0x0065 r5=0x0000 r6=0x0000 r7=0x0000 st:0x0007|0x0010 0x1802 0x0001 0x0b9e 0x6588 0x0e06
0x0e0f: 0x0009 0x8001 0x8000 0x0002   ADD reg::1 reg::0 0x0002      r0=0x0a82 r1=0x0e06 r2=0x0003 r3=0x0006 r4=0x0065 r5=0x0000 r6=0x0000 r7=0x0000 st:0x0007|0x0010 0x1802 0x0001 0x0b9e 0x6588 0x0e06
0x0e13: 0x000f 0x8001 0x8001          RMEM reg::1 reg::1            r0=0x0a82 r1=0x0a84 r2=0x0003 r3=0x0006 r4=0x0065 r5=0x0000 r6=0x0000 r7=0x0000 st:0x0007|0x0010 0x1802 0x0001 0x0b9e 0x6588 0x0e06
0x0e16: 0x0007 0x8001 0x0e27          JT reg::1 0x0e27              r0=0x0a82 r1=0x0000 r2=0x0003 r3=0x0006 r4=0x0065 r5=0x0000 r6=0x0000 r7=0x0000 st:0x0007|0x0010 0x1802 0x0001 0x0b9e 0x6588 0x0e06
0x0e19: 0x0009 0x8001 0x8000 0x0003   ADD reg::1 reg::0 0x0003      r0=0x0a82 r1=0x0000 r2=0x0003 r3=0x0006 r4=0x0065 r5=0x0000 r6=0x0000 r7=0x0000 st:0x0007|0x0010 0x1802 0x0001 0x0b9e 0x6588 0x0e06
0x0e1d: 0x000f 0x8001 0x8001          RMEM reg::1 reg::1            r0=0x0a82 r1=0x0a85 r2=0x0003 r3=0x0006 r4=0x0065 r5=0x0000 r6=0x0000 r7=0x0000 st:0x0007|0x0010 0x1802 0x0001 0x0b9e 0x6588 0x0e06
0x0e20: 0x0008 0x8001 0x0e41          JF reg::1 0x0e41              r0=0x0a82 r1=0x1286 r2=0x0003 r3=0x0006 r4=0x0065 r5=0x0000 r6=0x0000 r7=0x0000 st:0x0007|0x0010 0x1802 0x0001 0x0b9e 0x6588 0x0e06
0x0e23: 0x0011 0x8001                 CALL reg::1                   r0=0x0a82 r1=0x1286 r2=0x0003 r3=0x0006 r4=0x0065 r5=0x0000 r6=0x0000 r7=0x0000 st:0x0007|0x0010 0x1802 0x0001 0x0b9e 0x6588 0x0e06
0x1286: 0x0002 0x8000                 PUSH reg::0                   r0=0x0a82 r1=0x1286 r2=0x0003 r3=0x0006 r4=0x0065 r5=0x0000 r6=0x0000 r7=0x0000 st:0x0008|0x1802 0x0001 0x0b9e 0x6588 0x0e06 0x0e25
0x1288: 0x0002 0x8001                 PUSH reg::1                   r0=0x0a82 r1=0x1286 r2=0x0003 r3=0x0006 r4=0x0065 r5=0x0000 r6=0x0000 r7=0x0000 st:0x0009|0x0001 0x0b9e 0x6588 0x0e06 0x0e25 0x0a82
0x128a: 0x0002 0x8002                 PUSH reg::2                   r0=0x0a82 r1=0x1286 r2=0x0003 r3=0x0006 r4=0x0065 r5=0x0000 r6=0x0000 r7=0x0000 st:0x000a|0x0b9e 0x6588 0x0e06 0x0e25 0x0a82 0x1286
0x128c: 0x0002 0x8003                 PUSH reg::3                   r0=0x0a82 r1=0x1286 r2=0x0003 r3=0x0006 r4=0x0065 r5=0x0000 r6=0x0000 r7=0x0000 st:0x000b|0x6588 0x0e06 0x0e25 0x0a82 0x1286 0x0003
0x128e: 0x0002 0x8000                 PUSH reg::0                   r0=0x0a82 r1=0x1286 r2=0x0003 r3=0x0006 r4=0x0065 r5=0x0000 r6=0x0000 r7=0x0000 st:0x000c|0x0e06 0x0e25 0x0a82 0x1286 0x0003 0x0006
0x1290: 0x0002 0x8001                 PUSH reg::1                   r0=0x0a82 r1=0x1286 r2=0x0003 r3=0x0006 r4=0x0065 r5=0x0000 r6=0x0000 r7=0x0000 st:0x000d|0x0e25 0x0a82 0x1286 0x0003 0x0006 0x0a82
0x1292: 0x0002 0x8002                 PUSH reg::2                   r0=0x0a82 r1=0x1286 r2=0x0003 r3=0x0006 r4=0x0065 r5=0x0000 r6=0x0000 r7=0x0000 st:0x000e|0x0a82 0x1286 0x0003 0x0006 0x0a82 0x1286
0x1294: 0x0001 0x8000 0x6edf          SET reg::0 0x6edf             r0=0x0a82 r1=0x1286 r2=0x0003 r3=0x0006 r4=0x0065 r5=0x0000 r6=0x0000 r7=0x0000 st:0x000f|0x1286 0x0003 0x0006 0x0a82 0x1286 0x0003
0x1297: 0x0001 0x8001 0x0611          SET reg::1 0x0611             r0=0x6edf r1=0x1286 r2=0x0003 r3=0x0006 r4=0x0065 r5=0x0000 r6=0x0000 r7=0x0000 st:0x000f|0x1286 0x0003 0x0006 0x0a82 0x1286 0x0003
0x129a: 0x0009 0x8002 0x0fe8 0x620f   ADD reg::2 0x0fe8 0x620f      r0=0x6edf r1=0x0611 r2=0x0003 r3=0x0006 r4=0x0065 r5=0x0000 r6=0x0000 r7=0x0000 st:0x000f|0x1286 0x0003 0x0006 0x0a82 0x1286 0x0003
0x129e: 0x0011 0x05c8                 CALL 0x05c8                   r0=0x6edf r1=0x0611 r2=0x71f7 r3=0x0006 r4=0x0065 r5=0x0000 r6=0x0000 r7=0x0000 st:0x000f|0x1286 0x0003 0x0006 0x0a82 0x1286 0x0003
0x05c8: 0x0002 0x8000                 PUSH reg::0                   r0=0x6edf r1=0x0611 r2=0x71f7 r3=0x0006 r4=0x0065 r5=0x0000 r6=0x0000 r7=0x0000 st:0x0010|0x0003 0x0006 0x0a82 0x1286 0x0003 0x12a0
0x05ca: 0x0002 0x8003                 PUSH reg::3                   r0=0x6edf r1=0x0611 r2=0x71f7 r3=0x0006 r4=0x0065 r5=0x0000 r6=0x0000 r7=0x0000 st:0x0011|0x0006 0x0a82 0x1286 0x0003 0x12a0 0x6edf
0x05cc: 0x0002 0x8004                 PUSH reg::4                   r0=0x6edf r1=0x0611 r2=0x71f7 r3=0x0006 r4=0x0065 r5=0x0000 r6=0x0000 r7=0x0000 st:0x0012|0x0a82 0x1286 0x0003 0x12a0 0x6edf 0x0006
0x05ce: 0x0002 0x8005                 PUSH reg::5                   r0=0x6edf r1=0x0611 r2=0x71f7 r3=0x0006 r4=0x0065 r5=0x0000 r6=0x0000 r7=0x0000 st:0x0013|0x1286 0x0003 0x12a0 0x6edf 0x0006 0x0065
0x05d0: 0x0002 0x8006                 PUSH reg::6                   r0=0x6edf r1=0x0611 r2=0x71f7 r3=0x0006 r4=0x0065 r5=0x0000 r6=0x0000 r7=0x0000 st:0x0014|0x0003 0x12a0 0x6edf 0x0006 0x0065 0x0000
0x05d2: 0x0001 0x8006 0x8000          SET reg::6 reg::0             r0=0x6edf r1=0x0611 r2=0x71f7 r3=0x0006 r4=0x0065 r5=0x0000 r6=0x0000 r7=0x0000 st:0x0015|0x12a0 0x6edf 0x0006 0x0065 0x0000 0x0000
0x05d5: 0x0001 0x8005 0x8001          SET reg::5 reg::1             r0=0x6edf r1=0x0611 r2=0x71f7 r3=0x0006 r4=0x0065 r5=0x0000 r6=0x6edf r7=0x0000 st:0x0015|0x12a0 0x6edf 0x0006 0x0065 0x0000 0x0000
0x05d8: 0x000f 0x8004 0x8000          RMEM reg::4 reg::0            r0=0x6edf r1=0x0611 r2=0x71f7 r3=0x0006 r4=0x0065 r5=0x0611 r6=0x6edf r7=0x0000 st:0x0015|0x12a0 0x6edf 0x0006 0x0065 0x0000 0x0000
0x05db: 0x0001 0x8001 0x0000          SET reg::1 0x0000             r0=0x6edf r1=0x0611 r2=0x71f7 r3=0x0006 r4=0x001b r5=0x0611 r6=0x6edf r7=0x0000 st:0x0015|0x12a0 0x6edf 0x0006 0x0065 0x0000 0x0000
0x05de: 0x0009 0x8003 0x0001 0x8001   ADD reg::3 0x0001 reg::1      r0=0x6edf r1=0x0000 r2=0x71f7 r3=0x0006 r4=0x001b r5=0x0611 r6=0x6edf r7=0x0000 st:0x0015|0x12a0 0x6edf 0x0006 0x0065 0x0000 0x0000
0x05e2: 0x0005 0x8000 0x8003 0x8004   GT reg::0 reg::3 reg::4       r0=0x6edf r1=0x0000 r2=0x71f7 r3=0x0001 r4=0x001b r5=0x0611 r6=0x6edf r7=0x0000 st:0x0015|0x12a0 0x6edf 0x0006 0x0065 0x0000 0x0000
0x05e6: 0x0007 0x8000 0x05f9          JT reg::0 0x05f9              r0=0x0000 r1=0x0000 r2=0x71f7 r3=0x0001 r4=0x001b r5=0x0611 r6=0x6edf r7=0x0000 st:0x0015|0x12a0 0x6edf 0x0006 0x0065 0x0000 0x0000
0x05e9: 0x0009 0x8003 0x8003 0x8006   ADD reg::3 reg::3 reg::6      r0=0x0000 r1=0x0000 r2=0x71f7 r3=0x0001 r4=0x001b r5=0x0611 r6=0x6edf r7=0x0000 st:0x0015|0x12a0 0x6edf 0x0006 0x0065 0x0000 0x0000
0x05ed: 0x000f 0x8000 0x8003          RMEM reg::0 reg::3            r0=0x0000 r1=0x0000 r2=0x71f7 r3=0x6ee0 r4=0x001b r5=0x0611 r6=0x6edf r7=0x0000 st:0x0015|0x12a0 0x6edf 0x0006 0x0065 0x0000 0x0000
0x05f0: 0x0011 0x8005                 CALL reg::5                   r0=0x71ae r1=0x0000 r2=0x71f7 r3=0x6ee0 r4=0x001b r5=0x0611 r6=0x6edf r7=0x0000 st:0x0015|0x12a0 0x6edf 0x0006 0x0065 0x0000 0x0000
=> Starts printing `You find yourself writing "pWDWTEfURAdS" on the tablet.  Perhaps it's some kind of code?`
